{"/Users/caglarilhan/psyclinicai/functions/src/access_review_cron.ts": {"path":"/Users/caglarilhan/psyclinicai/functions/src/access_review_cron.ts","statementMap":{"0":{"start":{"line":29,"column":0},"end":{"line":29,"column":16}},"1":{"start":{"line":37,"column":0},"end":{"line":37,"column":16}},"2":{"start":{"line":63,"column":0},"end":{"line":63,"column":7}},"3":{"start":{"line":16,"column":0},"end":{"line":16,"column":48}},"4":{"start":{"line":17,"column":0},"end":{"line":17,"column":40}},"5":{"start":{"line":19,"column":0},"end":{"line":19,"column":null}},"6":{"start":{"line":30,"column":2},"end":{"line":30,"column":41}},"7":{"start":{"line":30,"column":28},"end":{"line":30,"column":41}},"8":{"start":{"line":31,"column":2},"end":{"line":31,"column":48}},"9":{"start":{"line":38,"column":15},"end":{"line":38,"column":33}},"10":{"start":{"line":39,"column":16},"end":{"line":39,"column":31}},"11":{"start":{"line":40,"column":24},"end":{"line":40,"column":36}},"12":{"start":{"line":41,"column":2},"end":{"line":45,"column":3}},"13":{"start":{"line":42,"column":4},"end":{"line":44,"column":5}},"14":{"start":{"line":43,"column":6},"end":{"line":43,"column":45}},"15":{"start":{"line":46,"column":2},"end":{"line":46,"column":44}},"16":{"start":{"line":49,"column":27},"end":{"line":49,"column":43}},"17":{"start":{"line":50,"column":25},"end":{"line":50,"column":37}},"18":{"start":{"line":51,"column":35},"end":{"line":51,"column":58}},"19":{"start":{"line":67,"column":15},"end":{"line":71,"column":10}},"20":{"start":{"line":72,"column":32},"end":{"line":87,"column":4}},"21":{"start":{"line":73,"column":17},"end":{"line":73,"column":51}},"22":{"start":{"line":74,"column":4},"end":{"line":86,"column":6}},"23":{"start":{"line":88,"column":14},"end":{"line":88,"column":55}},"24":{"start":{"line":89,"column":2},"end":{"line":89,"column":26}},"25":{"start":{"line":89,"column":14},"end":{"line":89,"column":26}},"26":{"start":{"line":90,"column":2},"end":{"line":94,"column":4}},"27":{"start":{"line":107,"column":19},"end":{"line":107,"column":22}},"28":{"start":{"line":108,"column":55},"end":{"line":108,"column":57}},"29":{"start":{"line":109,"column":61},"end":{"line":109,"column":65}},"30":{"start":{"line":112,"column":2},"end":{"line":128,"column":3}},"31":{"start":{"line":113,"column":12},"end":{"line":116,"column":22}},"32":{"start":{"line":117,"column":4},"end":{"line":117,"column":41}},"33":{"start":{"line":117,"column":16},"end":{"line":117,"column":41}},"34":{"start":{"line":118,"column":17},"end":{"line":118,"column":30}},"35":{"start":{"line":119,"column":4},"end":{"line":119,"column":26}},"36":{"start":{"line":119,"column":20},"end":{"line":119,"column":26}},"37":{"start":{"line":120,"column":4},"end":{"line":125,"column":5}},"38":{"start":{"line":121,"column":6},"end":{"line":124,"column":9}},"39":{"start":{"line":126,"column":4},"end":{"line":126,"column":53}},"40":{"start":{"line":127,"column":4},"end":{"line":127,"column":36}},"41":{"start":{"line":127,"column":30},"end":{"line":127,"column":36}},"42":{"start":{"line":130,"column":2},"end":{"line":130,"column":13}},"43":{"start":{"line":133,"column":13},"end":{"line":199,"column":5}},"44":{"start":{"line":137,"column":15},"end":{"line":137,"column":32}},"45":{"start":{"line":138,"column":16},"end":{"line":138,"column":26}},"46":{"start":{"line":142,"column":21},"end":{"line":142,"column":54}},"47":{"start":{"line":143,"column":4},"end":{"line":160,"column":5}},"48":{"start":{"line":144,"column":6},"end":{"line":144,"column":68}},"49":{"start":{"line":145,"column":6},"end":{"line":158,"column":7}},"50":{"start":{"line":146,"column":8},"end":{"line":153,"column":11}},"51":{"start":{"line":155,"column":8},"end":{"line":157,"column":11}},"52":{"start":{"line":159,"column":6},"end":{"line":159,"column":47}},"53":{"start":{"line":162,"column":19},"end":{"line":162,"column":43}},"54":{"start":{"line":164,"column":4},"end":{"line":173,"column":7}},"55":{"start":{"line":175,"column":4},"end":{"line":192,"column":5}},"56":{"start":{"line":176,"column":6},"end":{"line":185,"column":9}},"57":{"start":{"line":189,"column":6},"end":{"line":191,"column":9}},"58":{"start":{"line":194,"column":4},"end":{"line":197,"column":7}},"59":{"start":{"line":198,"column":4},"end":{"line":198,"column":43}}},"fnMap":{"0":{"name":"isQuarterStart","decl":{"start":{"line":29,"column":16},"end":{"line":29,"column":30}},"loc":{"start":{"line":29,"column":38},"end":{"line":32,"column":1}}},"1":{"name":"nextQuarterStart","decl":{"start":{"line":37,"column":16},"end":{"line":37,"column":32}},"loc":{"start":{"line":37,"column":40},"end":{"line":47,"column":1}}},"2":{"name":"verifyAuditChainOrAbort","decl":{"start":{"line":63,"column":22},"end":{"line":63,"column":45}},"loc":{"start":{"line":65,"column":24},"end":{"line":95,"column":1}}},"3":{"name":"(anonymous_12)","decl":{"start":{"line":72,"column":46},"end":{"line":72,"column":47}},"loc":{"start":{"line":72,"column":52},"end":{"line":87,"column":3}}},"4":{"name":"snapshotRoster","decl":{"start":{"line":104,"column":15},"end":{"line":104,"column":29}},"loc":{"start":{"line":105,"column":31},"end":{"line":131,"column":1}}},"5":{"name":"(anonymous_14)","decl":{"start":{"line":136,"column":9},"end":{"line":136,"column":14}},"loc":{"start":{"line":136,"column":20},"end":{"line":199,"column":3}}}},"branchMap":{"0":{"loc":{"start":{"line":30,"column":2},"end":{"line":30,"column":41}},"type":"if","locations":[{"start":{"line":30,"column":2},"end":{"line":30,"column":41}}]},"1":{"loc":{"start":{"line":42,"column":4},"end":{"line":44,"column":5}},"type":"if","locations":[{"start":{"line":42,"column":4},"end":{"line":44,"column":5}}]},"2":{"loc":{"start":{"line":65,"column":2},"end":{"line":65,"column":24}},"type":"default-arg","locations":[{"start":{"line":65,"column":21},"end":{"line":65,"column":24}}]},"3":{"loc":{"start":{"line":75,"column":10},"end":{"line":75,"column":25}},"type":"binary-expr","locations":[{"start":{"line":75,"column":10},"end":{"line":75,"column":17}},{"start":{"line":75,"column":21},"end":{"line":75,"column":25}}]},"4":{"loc":{"start":{"line":76,"column":19},"end":{"line":76,"column":34}},"type":"binary-expr","locations":[{"start":{"line":76,"column":19},"end":{"line":76,"column":28}},{"start":{"line":76,"column":32},"end":{"line":76,"column":34}}]},"5":{"loc":{"start":{"line":77,"column":21},"end":{"line":77,"column":38}},"type":"binary-expr","locations":[{"start":{"line":77,"column":21},"end":{"line":77,"column":32}},{"start":{"line":77,"column":36},"end":{"line":77,"column":38}}]},"6":{"loc":{"start":{"line":78,"column":20},"end":{"line":78,"column":36}},"type":"binary-expr","locations":[{"start":{"line":78,"column":20},"end":{"line":78,"column":30}},{"start":{"line":78,"column":34},"end":{"line":78,"column":36}}]},"7":{"loc":{"start":{"line":79,"column":21},"end":{"line":79,"column":38}},"type":"binary-expr","locations":[{"start":{"line":79,"column":21},"end":{"line":79,"column":32}},{"start":{"line":79,"column":36},"end":{"line":79,"column":38}}]},"8":{"loc":{"start":{"line":80,"column":28},"end":{"line":80,"column":52}},"type":"binary-expr","locations":[{"start":{"line":80,"column":28},"end":{"line":80,"column":46}},{"start":{"line":80,"column":50},"end":{"line":80,"column":52}}]},"9":{"loc":{"start":{"line":81,"column":21},"end":{"line":81,"column":38}},"type":"binary-expr","locations":[{"start":{"line":81,"column":21},"end":{"line":81,"column":32}},{"start":{"line":81,"column":36},"end":{"line":81,"column":38}}]},"10":{"loc":{"start":{"line":82,"column":15},"end":{"line":82,"column":35}},"type":"binary-expr","locations":[{"start":{"line":82,"column":15},"end":{"line":82,"column":27}},{"start":{"line":82,"column":31},"end":{"line":82,"column":35}}]},"11":{"loc":{"start":{"line":83,"column":10},"end":{"line":83,"column":25}},"type":"binary-expr","locations":[{"start":{"line":83,"column":10},"end":{"line":83,"column":17}},{"start":{"line":83,"column":21},"end":{"line":83,"column":25}}]},"12":{"loc":{"start":{"line":84,"column":14},"end":{"line":84,"column":33}},"type":"binary-expr","locations":[{"start":{"line":84,"column":14},"end":{"line":84,"column":25}},{"start":{"line":84,"column":29},"end":{"line":84,"column":33}}]},"13":{"loc":{"start":{"line":85,"column":12},"end":{"line":85,"column":29}},"type":"binary-expr","locations":[{"start":{"line":85,"column":12},"end":{"line":85,"column":21}},{"start":{"line":85,"column":25},"end":{"line":85,"column":29}}]},"14":{"loc":{"start":{"line":89,"column":2},"end":{"line":89,"column":26}},"type":"if","locations":[{"start":{"line":89,"column":2},"end":{"line":89,"column":26}}]},"15":{"loc":{"start":{"line":117,"column":4},"end":{"line":117,"column":41}},"type":"if","locations":[{"start":{"line":117,"column":4},"end":{"line":117,"column":41}}]},"16":{"loc":{"start":{"line":119,"column":4},"end":{"line":119,"column":26}},"type":"if","locations":[{"start":{"line":119,"column":4},"end":{"line":119,"column":26}}]},"17":{"loc":{"start":{"line":123,"column":16},"end":{"line":123,"column":63}},"type":"binary-expr","locations":[{"start":{"line":123,"column":16},"end":{"line":123,"column":57}},{"start":{"line":123,"column":61},"end":{"line":123,"column":63}}]},"18":{"loc":{"start":{"line":126,"column":13},"end":{"line":126,"column":52}},"type":"binary-expr","locations":[{"start":{"line":126,"column":13},"end":{"line":126,"column":44}},{"start":{"line":126,"column":48},"end":{"line":126,"column":52}}]},"19":{"loc":{"start":{"line":127,"column":4},"end":{"line":127,"column":36}},"type":"if","locations":[{"start":{"line":127,"column":4},"end":{"line":127,"column":36}}]},"20":{"loc":{"start":{"line":143,"column":4},"end":{"line":160,"column":5}},"type":"if","locations":[{"start":{"line":143,"column":4},"end":{"line":160,"column":5}}]}},"s":{"0":2,"1":2,"2":2,"3":2,"4":2,"5":2,"6":7,"7":2,"8":5,"9":3,"10":3,"11":3,"12":3,"13":11,"14":2,"15":1,"16":2,"17":2,"18":2,"19":0,"20":0,"21":0,"22":0,"23":0,"24":0,"25":0,"26":0,"27":0,"28":0,"29":0,"30":0,"31":0,"32":0,"33":0,"34":0,"35":0,"36":0,"37":0,"38":0,"39":0,"40":0,"41":0,"42":0,"43":2,"44":0,"45":0,"46":0,"47":0,"48":0,"49":0,"50":0,"51":0,"52":0,"53":0,"54":0,"55":0,"56":0,"57":0,"58":0,"59":0},"f":{"0":7,"1":3,"2":0,"3":0,"4":0,"5":0},"b":{"0":[2],"1":[2],"2":[0],"3":[0,0],"4":[0,0],"5":[0,0],"6":[0,0],"7":[0,0],"8":[0,0],"9":[0,0],"10":[0,0],"11":[0,0],"12":[0,0],"13":[0,0],"14":[0],"15":[0],"16":[0],"17":[0,0],"18":[0,0],"19":[0],"20":[0]}}
,"/Users/caglarilhan/psyclinicai/functions/src/account_deletion_purge.ts": {"path":"/Users/caglarilhan/psyclinicai/functions/src/account_deletion_purge.ts","statementMap":{"0":{"start":{"line":44,"column":0},"end":{"line":44,"column":16}},"1":{"start":{"line":191,"column":0},"end":{"line":191,"column":7}},"2":{"start":{"line":34,"column":0},"end":{"line":34,"column":48}},"3":{"start":{"line":35,"column":0},"end":{"line":35,"column":40}},"4":{"start":{"line":37,"column":29},"end":{"line":37,"column":48}},"5":{"start":{"line":38,"column":25},"end":{"line":38,"column":37}},"6":{"start":{"line":53,"column":2},"end":{"line":53,"column":40}},"7":{"start":{"line":53,"column":27},"end":{"line":53,"column":40}},"8":{"start":{"line":54,"column":2},"end":{"line":54,"column":40}},"9":{"start":{"line":54,"column":27},"end":{"line":54,"column":40}},"10":{"start":{"line":55,"column":2},"end":{"line":55,"column":56}},"11":{"start":{"line":66,"column":13},"end":{"line":117,"column":2}},"12":{"start":{"line":143,"column":19},"end":{"line":143,"column":22}},"13":{"start":{"line":144,"column":16},"end":{"line":144,"column":17}},"14":{"start":{"line":145,"column":61},"end":{"line":145,"column":65}},"15":{"start":{"line":147,"column":2},"end":{"line":169,"column":3}},"16":{"start":{"line":148,"column":35},"end":{"line":151,"column":22}},"17":{"start":{"line":152,"column":4},"end":{"line":152,"column":41}},"18":{"start":{"line":152,"column":16},"end":{"line":152,"column":41}},"19":{"start":{"line":153,"column":17},"end":{"line":153,"column":30}},"20":{"start":{"line":154,"column":4},"end":{"line":154,"column":26}},"21":{"start":{"line":154,"column":20},"end":{"line":154,"column":26}},"22":{"start":{"line":156,"column":18},"end":{"line":156,"column":28}},"23":{"start":{"line":157,"column":4},"end":{"line":163,"column":5}},"24":{"start":{"line":158,"column":6},"end":{"line":162,"column":8}},"25":{"start":{"line":164,"column":4},"end":{"line":164,"column":25}},"26":{"start":{"line":165,"column":4},"end":{"line":165,"column":25}},"27":{"start":{"line":167,"column":4},"end":{"line":167,"column":36}},"28":{"start":{"line":167,"column":30},"end":{"line":167,"column":36}},"29":{"start":{"line":168,"column":4},"end":{"line":168,"column":45}},"30":{"start":{"line":170,"column":2},"end":{"line":170,"column":17}},"31":{"start":{"line":203,"column":19},"end":{"line":203,"column":42}},"32":{"start":{"line":204,"column":21},"end":{"line":204,"column":81}},"33":{"start":{"line":206,"column":16},"end":{"line":206,"column":17}},"34":{"start":{"line":207,"column":61},"end":{"line":207,"column":65}},"35":{"start":{"line":209,"column":2},"end":{"line":238,"column":3}},"36":{"start":{"line":210,"column":35},"end":{"line":210,"column":76}},"37":{"start":{"line":211,"column":4},"end":{"line":211,"column":41}},"38":{"start":{"line":211,"column":16},"end":{"line":211,"column":41}},"39":{"start":{"line":212,"column":17},"end":{"line":212,"column":30}},"40":{"start":{"line":213,"column":4},"end":{"line":213,"column":26}},"41":{"start":{"line":213,"column":20},"end":{"line":213,"column":26}},"42":{"start":{"line":215,"column":18},"end":{"line":215,"column":28}},"43":{"start":{"line":216,"column":4},"end":{"line":222,"column":5}},"44":{"start":{"line":217,"column":6},"end":{"line":221,"column":8}},"45":{"start":{"line":223,"column":4},"end":{"line":223,"column":25}},"46":{"start":{"line":224,"column":4},"end":{"line":224,"column":25}},"47":{"start":{"line":227,"column":4},"end":{"line":234,"column":5}},"48":{"start":{"line":228,"column":6},"end":{"line":233,"column":7}},"49":{"start":{"line":229,"column":8},"end":{"line":232,"column":9}},"50":{"start":{"line":230,"column":29},"end":{"line":230,"column":56}},"51":{"start":{"line":231,"column":10},"end":{"line":231,"column":80}},"52":{"start":{"line":236,"column":4},"end":{"line":236,"column":36}},"53":{"start":{"line":236,"column":30},"end":{"line":236,"column":36}},"54":{"start":{"line":237,"column":4},"end":{"line":237,"column":45}},"55":{"start":{"line":240,"column":2},"end":{"line":240,"column":17}},"56":{"start":{"line":249,"column":16},"end":{"line":249,"column":17}},"57":{"start":{"line":250,"column":61},"end":{"line":250,"column":65}},"58":{"start":{"line":252,"column":2},"end":{"line":269,"column":3}},"59":{"start":{"line":253,"column":35},"end":{"line":253,"column":65}},"60":{"start":{"line":254,"column":4},"end":{"line":254,"column":41}},"61":{"start":{"line":254,"column":16},"end":{"line":254,"column":41}},"62":{"start":{"line":255,"column":17},"end":{"line":255,"column":30}},"63":{"start":{"line":256,"column":4},"end":{"line":256,"column":26}},"64":{"start":{"line":256,"column":20},"end":{"line":256,"column":26}},"65":{"start":{"line":257,"column":18},"end":{"line":257,"column":28}},"66":{"start":{"line":258,"column":4},"end":{"line":264,"column":5}},"67":{"start":{"line":259,"column":6},"end":{"line":263,"column":8}},"68":{"start":{"line":265,"column":4},"end":{"line":265,"column":25}},"69":{"start":{"line":266,"column":4},"end":{"line":266,"column":25}},"70":{"start":{"line":267,"column":4},"end":{"line":267,"column":31}},"71":{"start":{"line":267,"column":25},"end":{"line":267,"column":31}},"72":{"start":{"line":268,"column":4},"end":{"line":268,"column":45}},"73":{"start":{"line":270,"column":2},"end":{"line":270,"column":17}},"74":{"start":{"line":280,"column":13},"end":{"line":340,"column":2}},"75":{"start":{"line":346,"column":13},"end":{"line":458,"column":5}},"76":{"start":{"line":350,"column":15},"end":{"line":350,"column":32}},"77":{"start":{"line":351,"column":16},"end":{"line":351,"column":26}},"78":{"start":{"line":352,"column":18},"end":{"line":352,"column":57}},"79":{"start":{"line":356,"column":18},"end":{"line":362,"column":12}},"80":{"start":{"line":364,"column":4},"end":{"line":369,"column":5}},"81":{"start":{"line":365,"column":6},"end":{"line":367,"column":9}},"82":{"start":{"line":368,"column":6},"end":{"line":368,"column":50}},"83":{"start":{"line":371,"column":17},"end":{"line":371,"column":18}},"84":{"start":{"line":372,"column":17},"end":{"line":372,"column":18}},"85":{"start":{"line":373,"column":18},"end":{"line":373,"column":19}},"86":{"start":{"line":375,"column":4},"end":{"line":450,"column":5}},"87":{"start":{"line":376,"column":21},"end":{"line":376,"column":30}},"88":{"start":{"line":377,"column":19},"end":{"line":377,"column":null}},"89":{"start":{"line":380,"column":25},"end":{"line":384,"column":12}},"90":{"start":{"line":382,"column":19},"end":{"line":382,"column":56}},"91":{"start":{"line":389,"column":6},"end":{"line":395,"column":7}},"92":{"start":{"line":390,"column":8},"end":{"line":390,"column":18}},"93":{"start":{"line":391,"column":8},"end":{"line":393,"column":11}},"94":{"start":{"line":394,"column":8},"end":{"line":394,"column":17}},"95":{"start":{"line":397,"column":6},"end":{"line":449,"column":7}},"96":{"start":{"line":398,"column":22},"end":{"line":398,"column":23}},"97":{"start":{"line":400,"column":8},"end":{"line":410,"column":9}},"98":{"start":{"line":401,"column":10},"end":{"line":409,"column":11}},"99":{"start":{"line":402,"column":12},"end":{"line":408,"column":14}},"100":{"start":{"line":414,"column":8},"end":{"line":427,"column":9}},"101":{"start":{"line":415,"column":24},"end":{"line":415,"column":53}},"102":{"start":{"line":416,"column":10},"end":{"line":426,"column":11}},"103":{"start":{"line":417,"column":12},"end":{"line":425,"column":14}},"104":{"start":{"line":429,"column":24},"end":{"line":429,"column":34}},"105":{"start":{"line":430,"column":8},"end":{"line":430,"column":60}},"106":{"start":{"line":431,"column":8},"end":{"line":440,"column":11}},"107":{"start":{"line":441,"column":8},"end":{"line":441,"column":31}},"108":{"start":{"line":442,"column":8},"end":{"line":442,"column":17}},"109":{"start":{"line":444,"column":8},"end":{"line":444,"column":17}},"110":{"start":{"line":445,"column":8},"end":{"line":448,"column":11}},"111":{"start":{"line":452,"column":4},"end":{"line":456,"column":7}},"112":{"start":{"line":457,"column":4},"end":{"line":457,"column":39}}},"fnMap":{"0":{"name":"isReadyToPurge","decl":{"start":{"line":44,"column":16},"end":{"line":44,"column":30}},"loc":{"start":{"line":51,"column":11},"end":{"line":56,"column":1}}},"1":{"name":"pseudonymisePatient","decl":{"start":{"line":136,"column":15},"end":{"line":136,"column":34}},"loc":{"start":{"line":141,"column":11},"end":{"line":171,"column":1}}},"2":{"name":"pseudonymiseSubcollection","decl":{"start":{"line":191,"column":22},"end":{"line":191,"column":47}},"loc":{"start":{"line":201,"column":8},"end":{"line":241,"column":1}}},"3":{"name":"pseudonymiseNestedPath","decl":{"start":{"line":243,"column":15},"end":{"line":243,"column":37}},"loc":{"start":{"line":247,"column":11},"end":{"line":271,"column":1}}},"4":{"name":"(anonymous_13)","decl":{"start":{"line":349,"column":9},"end":{"line":349,"column":14}},"loc":{"start":{"line":349,"column":20},"end":{"line":458,"column":3}}},"5":{"name":"(anonymous_14)","decl":{"start":{"line":382,"column":12},"end":{"line":382,"column":13}},"loc":{"start":{"line":382,"column":19},"end":{"line":382,"column":56}}}},"branchMap":{"0":{"loc":{"start":{"line":53,"column":2},"end":{"line":53,"column":40}},"type":"if","locations":[{"start":{"line":53,"column":2},"end":{"line":53,"column":40}}]},"1":{"loc":{"start":{"line":54,"column":2},"end":{"line":54,"column":40}},"type":"if","locations":[{"start":{"line":54,"column":2},"end":{"line":54,"column":40}}]},"2":{"loc":{"start":{"line":152,"column":4},"end":{"line":152,"column":41}},"type":"if","locations":[{"start":{"line":152,"column":4},"end":{"line":152,"column":41}}]},"3":{"loc":{"start":{"line":154,"column":4},"end":{"line":154,"column":26}},"type":"if","locations":[{"start":{"line":154,"column":4},"end":{"line":154,"column":26}}]},"4":{"loc":{"start":{"line":167,"column":4},"end":{"line":167,"column":36}},"type":"if","locations":[{"start":{"line":167,"column":4},"end":{"line":167,"column":36}}]},"5":{"loc":{"start":{"line":198,"column":2},"end":{"line":201,"column":8}},"type":"default-arg","locations":[{"start":{"line":201,"column":6},"end":{"line":201,"column":8}}]},"6":{"loc":{"start":{"line":203,"column":19},"end":{"line":203,"column":42}},"type":"binary-expr","locations":[{"start":{"line":203,"column":19},"end":{"line":203,"column":35}},{"start":{"line":203,"column":39},"end":{"line":203,"column":42}}]},"7":{"loc":{"start":{"line":211,"column":4},"end":{"line":211,"column":41}},"type":"if","locations":[{"start":{"line":211,"column":4},"end":{"line":211,"column":41}}]},"8":{"loc":{"start":{"line":213,"column":4},"end":{"line":213,"column":26}},"type":"if","locations":[{"start":{"line":213,"column":4},"end":{"line":213,"column":26}}]},"9":{"loc":{"start":{"line":227,"column":4},"end":{"line":234,"column":5}},"type":"if","locations":[{"start":{"line":227,"column":4},"end":{"line":234,"column":5}}]},"10":{"loc":{"start":{"line":236,"column":4},"end":{"line":236,"column":36}},"type":"if","locations":[{"start":{"line":236,"column":4},"end":{"line":236,"column":36}}]},"11":{"loc":{"start":{"line":254,"column":4},"end":{"line":254,"column":41}},"type":"if","locations":[{"start":{"line":254,"column":4},"end":{"line":254,"column":41}}]},"12":{"loc":{"start":{"line":256,"column":4},"end":{"line":256,"column":26}},"type":"if","locations":[{"start":{"line":256,"column":4},"end":{"line":256,"column":26}}]},"13":{"loc":{"start":{"line":267,"column":4},"end":{"line":267,"column":31}},"type":"if","locations":[{"start":{"line":267,"column":4},"end":{"line":267,"column":31}}]},"14":{"loc":{"start":{"line":364,"column":4},"end":{"line":369,"column":5}},"type":"if","locations":[{"start":{"line":364,"column":4},"end":{"line":369,"column":5}}]},"15":{"loc":{"start":{"line":380,"column":25},"end":{"line":384,"column":12}},"type":"cond-expr","locations":[{"start":{"line":381,"column":11},"end":{"line":382,"column":null}},{"start":{"line":384,"column":10},"end":{"line":384,"column":12}}]},"16":{"loc":{"start":{"line":382,"column":19},"end":{"line":382,"column":56}},"type":"binary-expr","locations":[{"start":{"line":382,"column":19},"end":{"line":382,"column":40}},{"start":{"line":382,"column":44},"end":{"line":382,"column":56}}]},"17":{"loc":{"start":{"line":389,"column":6},"end":{"line":395,"column":7}},"type":"if","locations":[{"start":{"line":389,"column":6},"end":{"line":395,"column":7}}]}},"s":{"0":2,"1":2,"2":2,"3":2,"4":2,"5":2,"6":5,"7":1,"8":4,"9":1,"10":3,"11":2,"12":0,"13":0,"14":0,"15":0,"16":0,"17":0,"18":0,"19":0,"20":0,"21":0,"22":0,"23":0,"24":0,"25":0,"26":0,"27":0,"28":0,"29":0,"30":0,"31":0,"32":0,"33":0,"34":0,"35":0,"36":0,"37":0,"38":0,"39":0,"40":0,"41":0,"42":0,"43":0,"44":0,"45":0,"46":0,"47":0,"48":0,"49":0,"50":0,"51":0,"52":0,"53":0,"54":0,"55":0,"56":0,"57":0,"58":0,"59":0,"60":0,"61":0,"62":0,"63":0,"64":0,"65":0,"66":0,"67":0,"68":0,"69":0,"70":0,"71":0,"72":0,"73":0,"74":2,"75":2,"76":0,"77":0,"78":0,"79":0,"80":0,"81":0,"82":0,"83":0,"84":0,"85":0,"86":0,"87":0,"88":0,"89":0,"90":0,"91":0,"92":0,"93":0,"94":0,"95":0,"96":0,"97":0,"98":0,"99":0,"100":0,"101":0,"102":0,"103":0,"104":0,"105":0,"106":0,"107":0,"108":0,"109":0,"110":0,"111":0,"112":0},"f":{"0":5,"1":0,"2":0,"3":0,"4":0,"5":0},"b":{"0":[1],"1":[1],"2":[0],"3":[0],"4":[0],"5":[0],"6":[0,0],"7":[0],"8":[0],"9":[0],"10":[0],"11":[0],"12":[0],"13":[0],"14":[0],"15":[0,0],"16":[0,0],"17":[0]}}
,"/Users/caglarilhan/psyclinicai/functions/src/audit_retention_purge.ts": {"path":"/Users/caglarilhan/psyclinicai/functions/src/audit_retention_purge.ts","statementMap":{"0":{"start":{"line":34,"column":0},"end":{"line":34,"column":16}},"1":{"start":{"line":44,"column":0},"end":{"line":44,"column":16}},"2":{"start":{"line":62,"column":0},"end":{"line":62,"column":16}},"3":{"start":{"line":21,"column":0},"end":{"line":21,"column":48}},"4":{"start":{"line":22,"column":0},"end":{"line":22,"column":40}},"5":{"start":{"line":24,"column":0},"end":{"line":24,"column":66}},"6":{"start":{"line":27,"column":25},"end":{"line":27,"column":37}},"7":{"start":{"line":35,"column":12},"end":{"line":35,"column":35}},"8":{"start":{"line":36,"column":2},"end":{"line":36,"column":43}},"9":{"start":{"line":37,"column":2},"end":{"line":37,"column":11}},"10":{"start":{"line":45,"column":2},"end":{"line":55,"column":4}},"11":{"start":{"line":63,"column":2},"end":{"line":63,"column":61}},"12":{"start":{"line":74,"column":13},"end":{"line":209,"column":5}},"13":{"start":{"line":78,"column":15},"end":{"line":78,"column":32}},"14":{"start":{"line":79,"column":16},"end":{"line":79,"column":26}},"15":{"start":{"line":80,"column":19},"end":{"line":80,"column":38}},"16":{"start":{"line":84,"column":21},"end":{"line":84,"column":63}},"17":{"start":{"line":86,"column":17},"end":{"line":86,"column":18}},"18":{"start":{"line":87,"column":17},"end":{"line":87,"column":18}},"19":{"start":{"line":88,"column":23},"end":{"line":88,"column":24}},"20":{"start":{"line":89,"column":26},"end":{"line":89,"column":27}},"21":{"start":{"line":90,"column":63},"end":{"line":90,"column":67}},"22":{"start":{"line":93,"column":4},"end":{"line":172,"column":5}},"23":{"start":{"line":94,"column":14},"end":{"line":98,"column":19}},"24":{"start":{"line":99,"column":6},"end":{"line":99,"column":43}},"25":{"start":{"line":99,"column":18},"end":{"line":99,"column":43}},"26":{"start":{"line":101,"column":19},"end":{"line":101,"column":32}},"27":{"start":{"line":102,"column":6},"end":{"line":102,"column":28}},"28":{"start":{"line":102,"column":22},"end":{"line":102,"column":28}},"29":{"start":{"line":111,"column":41},"end":{"line":127,"column":8}},"30":{"start":{"line":112,"column":18},"end":{"line":112,"column":55}},"31":{"start":{"line":113,"column":8},"end":{"line":126,"column":10}},"32":{"start":{"line":128,"column":22},"end":{"line":128,"column":49}},"33":{"start":{"line":129,"column":6},"end":{"line":141,"column":7}},"34":{"start":{"line":130,"column":8},"end":{"line":130,"column":37}},"35":{"start":{"line":131,"column":8},"end":{"line":135,"column":11}},"36":{"start":{"line":138,"column":8},"end":{"line":138,"column":57}},"37":{"start":{"line":139,"column":8},"end":{"line":139,"column":35}},"38":{"start":{"line":139,"column":29},"end":{"line":139,"column":35}},"39":{"start":{"line":140,"column":8},"end":{"line":140,"column":17}},"40":{"start":{"line":143,"column":20},"end":{"line":143,"column":30}},"41":{"start":{"line":144,"column":26},"end":{"line":144,"column":27}},"42":{"start":{"line":145,"column":6},"end":{"line":156,"column":7}},"43":{"start":{"line":146,"column":8},"end":{"line":155,"column":9}},"44":{"start":{"line":147,"column":10},"end":{"line":147,"column":55}},"45":{"start":{"line":148,"column":10},"end":{"line":148,"column":26}},"46":{"start":{"line":150,"column":10},"end":{"line":150,"column":19}},"47":{"start":{"line":151,"column":10},"end":{"line":154,"column":13}},"48":{"start":{"line":158,"column":6},"end":{"line":168,"column":7}},"49":{"start":{"line":159,"column":8},"end":{"line":159,"column":29}},"50":{"start":{"line":160,"column":8},"end":{"line":160,"column":32}},"51":{"start":{"line":163,"column":8},"end":{"line":163,"column":38}},"52":{"start":{"line":164,"column":8},"end":{"line":167,"column":11}},"53":{"start":{"line":170,"column":6},"end":{"line":170,"column":55}},"54":{"start":{"line":171,"column":6},"end":{"line":171,"column":33}},"55":{"start":{"line":171,"column":27},"end":{"line":171,"column":33}},"56":{"start":{"line":178,"column":4},"end":{"line":193,"column":7}},"57":{"start":{"line":195,"column":4},"end":{"line":201,"column":7}},"58":{"start":{"line":203,"column":4},"end":{"line":208,"column":6}}},"fnMap":{"0":{"name":"sixYearsBefore","decl":{"start":{"line":34,"column":16},"end":{"line":34,"column":30}},"loc":{"start":{"line":34,"column":40},"end":{"line":38,"column":1}}},"1":{"name":"pseudonymisePayload","decl":{"start":{"line":44,"column":16},"end":{"line":44,"column":35}},"loc":{"start":{"line":44,"column":35},"end":{"line":56,"column":1}}},"2":{"name":"isExpired","decl":{"start":{"line":62,"column":16},"end":{"line":62,"column":25}},"loc":{"start":{"line":62,"column":52},"end":{"line":64,"column":1}}},"3":{"name":"(anonymous_12)","decl":{"start":{"line":77,"column":9},"end":{"line":77,"column":14}},"loc":{"start":{"line":77,"column":20},"end":{"line":209,"column":3}}},"4":{"name":"(anonymous_13)","decl":{"start":{"line":111,"column":55},"end":{"line":111,"column":56}},"loc":{"start":{"line":111,"column":63},"end":{"line":127,"column":7}}}},"branchMap":{"0":{"loc":{"start":{"line":99,"column":6},"end":{"line":99,"column":43}},"type":"if","locations":[{"start":{"line":99,"column":6},"end":{"line":99,"column":43}}]},"1":{"loc":{"start":{"line":102,"column":6},"end":{"line":102,"column":28}},"type":"if","locations":[{"start":{"line":102,"column":6},"end":{"line":102,"column":28}}]},"2":{"loc":{"start":{"line":115,"column":17},"end":{"line":115,"column":40}},"type":"binary-expr","locations":[{"start":{"line":115,"column":17},"end":{"line":115,"column":34}},{"start":{"line":115,"column":38},"end":{"line":115,"column":40}}]},"3":{"loc":{"start":{"line":116,"column":19},"end":{"line":116,"column":44}},"type":"binary-expr","locations":[{"start":{"line":116,"column":19},"end":{"line":116,"column":38}},{"start":{"line":116,"column":42},"end":{"line":116,"column":44}}]},"4":{"loc":{"start":{"line":117,"column":18},"end":{"line":117,"column":42}},"type":"binary-expr","locations":[{"start":{"line":117,"column":18},"end":{"line":117,"column":36}},{"start":{"line":117,"column":40},"end":{"line":117,"column":42}}]},"5":{"loc":{"start":{"line":118,"column":19},"end":{"line":118,"column":44}},"type":"binary-expr","locations":[{"start":{"line":118,"column":19},"end":{"line":118,"column":38}},{"start":{"line":118,"column":42},"end":{"line":118,"column":44}}]},"6":{"loc":{"start":{"line":120,"column":12},"end":{"line":122,"column":35}},"type":"binary-expr","locations":[{"start":{"line":120,"column":14},"end":{"line":122,"column":28}},{"start":{"line":122,"column":33},"end":{"line":122,"column":35}}]},"7":{"loc":{"start":{"line":123,"column":19},"end":{"line":123,"column":44}},"type":"binary-expr","locations":[{"start":{"line":123,"column":19},"end":{"line":123,"column":38}},{"start":{"line":123,"column":42},"end":{"line":123,"column":44}}]},"8":{"loc":{"start":{"line":124,"column":17},"end":{"line":124,"column":54}},"type":"binary-expr","locations":[{"start":{"line":124,"column":17},"end":{"line":124,"column":46}},{"start":{"line":124,"column":50},"end":{"line":124,"column":54}}]},"9":{"loc":{"start":{"line":125,"column":22},"end":{"line":125,"column":64}},"type":"binary-expr","locations":[{"start":{"line":125,"column":22},"end":{"line":125,"column":56}},{"start":{"line":125,"column":60},"end":{"line":125,"column":64}}]},"10":{"loc":{"start":{"line":129,"column":6},"end":{"line":141,"column":7}},"type":"if","locations":[{"start":{"line":129,"column":6},"end":{"line":141,"column":7}}]},"11":{"loc":{"start":{"line":138,"column":17},"end":{"line":138,"column":56}},"type":"binary-expr","locations":[{"start":{"line":138,"column":17},"end":{"line":138,"column":48}},{"start":{"line":138,"column":52},"end":{"line":138,"column":56}}]},"12":{"loc":{"start":{"line":139,"column":8},"end":{"line":139,"column":35}},"type":"if","locations":[{"start":{"line":139,"column":8},"end":{"line":139,"column":35}}]},"13":{"loc":{"start":{"line":170,"column":15},"end":{"line":170,"column":54}},"type":"binary-expr","locations":[{"start":{"line":170,"column":15},"end":{"line":170,"column":46}},{"start":{"line":170,"column":50},"end":{"line":170,"column":54}}]},"14":{"loc":{"start":{"line":171,"column":6},"end":{"line":171,"column":33}},"type":"if","locations":[{"start":{"line":171,"column":6},"end":{"line":171,"column":33}}]},"15":{"loc":{"start":{"line":190,"column":8},"end":{"line":192,"column":19}},"type":"cond-expr","locations":[{"start":{"line":191,"column":10},"end":{"line":191,"column":19}},{"start":{"line":192,"column":10},"end":{"line":192,"column":19}}]},"16":{"loc":{"start":{"line":190,"column":8},"end":{"line":190,"column":67}},"type":"binary-expr","locations":[{"start":{"line":190,"column":8},"end":{"line":190,"column":20}},{"start":{"line":190,"column":24},"end":{"line":190,"column":42}},{"start":{"line":190,"column":46},"end":{"line":190,"column":67}}]}},"s":{"0":2,"1":2,"2":2,"3":2,"4":2,"5":2,"6":2,"7":5,"8":5,"9":5,"10":2,"11":3,"12":2,"13":0,"14":0,"15":0,"16":0,"17":0,"18":0,"19":0,"20":0,"21":0,"22":0,"23":0,"24":0,"25":0,"26":0,"27":0,"28":0,"29":0,"30":0,"31":0,"32":0,"33":0,"34":0,"35":0,"36":0,"37":0,"38":0,"39":0,"40":0,"41":0,"42":0,"43":0,"44":0,"45":0,"46":0,"47":0,"48":0,"49":0,"50":0,"51":0,"52":0,"53":0,"54":0,"55":0,"56":0,"57":0,"58":0},"f":{"0":5,"1":2,"2":3,"3":0,"4":0},"b":{"0":[0],"1":[0],"2":[0,0],"3":[0,0],"4":[0,0],"5":[0,0],"6":[0,0],"7":[0,0],"8":[0,0],"9":[0,0],"10":[0],"11":[0,0],"12":[0],"13":[0,0],"14":[0],"15":[0,0],"16":[0,0,0]}}
,"/Users/caglarilhan/psyclinicai/functions/src/consent_withdrawal_audit.ts": {"path":"/Users/caglarilhan/psyclinicai/functions/src/consent_withdrawal_audit.ts","statementMap":{"0":{"start":{"line":38,"column":0},"end":{"line":38,"column":16}},"1":{"start":{"line":57,"column":0},"end":{"line":57,"column":16}},"2":{"start":{"line":23,"column":0},"end":{"line":23,"column":40}},"3":{"start":{"line":24,"column":0},"end":{"line":24,"column":48}},"4":{"start":{"line":42,"column":2},"end":{"line":42,"column":27}},"5":{"start":{"line":42,"column":14},"end":{"line":42,"column":27}},"6":{"start":{"line":44,"column":4},"end":{"line":44,"column":65}},"7":{"start":{"line":45,"column":2},"end":{"line":45,"column":36}},"8":{"start":{"line":45,"column":23},"end":{"line":45,"column":36}},"9":{"start":{"line":47,"column":4},"end":{"line":49,"column":31}},"10":{"start":{"line":50,"column":2},"end":{"line":50,"column":26}},"11":{"start":{"line":63,"column":4},"end":{"line":63,"column":76}},"12":{"start":{"line":65,"column":4},"end":{"line":65,"column":76}},"13":{"start":{"line":67,"column":4},"end":{"line":69,"column":8}},"14":{"start":{"line":70,"column":2},"end":{"line":83,"column":4}},"15":{"start":{"line":86,"column":13},"end":{"line":111,"column":5}},"16":{"start":{"line":90,"column":20},"end":{"line":90,"column":78}},"17":{"start":{"line":91,"column":19},"end":{"line":91,"column":76}},"18":{"start":{"line":92,"column":4},"end":{"line":92,"column":50}},"19":{"start":{"line":92,"column":43},"end":{"line":92,"column":50}},"20":{"start":{"line":94,"column":4},"end":{"line":110,"column":5}},"21":{"start":{"line":95,"column":18},"end":{"line":99,"column":8}},"22":{"start":{"line":100,"column":6},"end":{"line":100,"column":64}},"23":{"start":{"line":101,"column":6},"end":{"line":103,"column":9}},"24":{"start":{"line":105,"column":6},"end":{"line":108,"column":9}},"25":{"start":{"line":109,"column":6},"end":{"line":109,"column":14}}},"fnMap":{"0":{"name":"detectsWithdrawal","decl":{"start":{"line":38,"column":16},"end":{"line":38,"column":33}},"loc":{"start":{"line":40,"column":29},"end":{"line":51,"column":1}}},"1":{"name":"buildWithdrawalAuditRow","decl":{"start":{"line":57,"column":16},"end":{"line":57,"column":39}},"loc":{"start":{"line":61,"column":1},"end":{"line":84,"column":1}}},"2":{"name":"(anonymous_11)","decl":{"start":{"line":89,"column":12},"end":{"line":89,"column":17}},"loc":{"start":{"line":89,"column":38},"end":{"line":111,"column":3}}}},"branchMap":{"0":{"loc":{"start":{"line":42,"column":2},"end":{"line":42,"column":27}},"type":"if","locations":[{"start":{"line":42,"column":2},"end":{"line":42,"column":27}}]},"1":{"loc":{"start":{"line":44,"column":4},"end":{"line":44,"column":65}},"type":"binary-expr","locations":[{"start":{"line":44,"column":4},"end":{"line":44,"column":35}},{"start":{"line":44,"column":39},"end":{"line":44,"column":65}}]},"2":{"loc":{"start":{"line":45,"column":2},"end":{"line":45,"column":36}},"type":"if","locations":[{"start":{"line":45,"column":2},"end":{"line":45,"column":36}}]},"3":{"loc":{"start":{"line":47,"column":4},"end":{"line":49,"column":31}},"type":"binary-expr","locations":[{"start":{"line":47,"column":4},"end":{"line":47,"column":12}},{"start":{"line":48,"column":4},"end":{"line":48,"column":36}},{"start":{"line":49,"column":4},"end":{"line":49,"column":31}}]},"4":{"loc":{"start":{"line":63,"column":4},"end":{"line":63,"column":76}},"type":"cond-expr","locations":[{"start":{"line":63,"column":49},"end":{"line":63,"column":71}},{"start":{"line":63,"column":74},"end":{"line":63,"column":76}}]},"5":{"loc":{"start":{"line":65,"column":4},"end":{"line":65,"column":76}},"type":"cond-expr","locations":[{"start":{"line":65,"column":49},"end":{"line":65,"column":71}},{"start":{"line":65,"column":74},"end":{"line":65,"column":76}}]},"6":{"loc":{"start":{"line":67,"column":4},"end":{"line":69,"column":8}},"type":"cond-expr","locations":[{"start":{"line":68,"column":6},"end":{"line":68,"column":32}},{"start":{"line":69,"column":6},"end":{"line":69,"column":8}}]},"7":{"loc":{"start":{"line":90,"column":20},"end":{"line":90,"column":78}},"type":"binary-expr","locations":[{"start":{"line":90,"column":20},"end":{"line":90,"column":70}},{"start":{"line":90,"column":74},"end":{"line":90,"column":78}}]},"8":{"loc":{"start":{"line":91,"column":19},"end":{"line":91,"column":76}},"type":"binary-expr","locations":[{"start":{"line":91,"column":19},"end":{"line":91,"column":68}},{"start":{"line":91,"column":72},"end":{"line":91,"column":76}}]},"9":{"loc":{"start":{"line":92,"column":4},"end":{"line":92,"column":50}},"type":"if","locations":[{"start":{"line":92,"column":4},"end":{"line":92,"column":50}}]}},"s":{"0":2,"1":2,"2":2,"3":2,"4":7,"5":2,"6":5,"7":5,"8":2,"9":3,"10":3,"11":3,"12":3,"13":3,"14":3,"15":2,"16":0,"17":0,"18":0,"19":0,"20":0,"21":0,"22":0,"23":0,"24":0,"25":0},"f":{"0":7,"1":3,"2":0},"b":{"0":[2],"1":[5,5],"2":[2],"3":[3,3,2],"4":[2,1],"5":[1,2],"6":[1,2],"7":[0,0],"8":[0,0],"9":[0]}}
,"/Users/caglarilhan/psyclinicai/functions/src/deposit_handler.ts": {"path":"/Users/caglarilhan/psyclinicai/functions/src/deposit_handler.ts","statementMap":{"0":{"start":{"line":41,"column":0},"end":{"line":41,"column":16}},"1":{"start":{"line":67,"column":0},"end":{"line":67,"column":16}},"2":{"start":{"line":71,"column":0},"end":{"line":71,"column":16}},"3":{"start":{"line":80,"column":0},"end":{"line":80,"column":16}},"4":{"start":{"line":22,"column":0},"end":{"line":22,"column":48}},"5":{"start":{"line":24,"column":0},"end":{"line":24,"column":62}},"6":{"start":{"line":25,"column":0},"end":{"line":25,"column":44}},"7":{"start":{"line":30,"column":13},"end":{"line":35,"column":2}},"8":{"start":{"line":45,"column":2},"end":{"line":47,"column":3}},"9":{"start":{"line":46,"column":4},"end":{"line":46,"column":52}},"10":{"start":{"line":48,"column":15},"end":{"line":48,"column":37}},"11":{"start":{"line":49,"column":14},"end":{"line":49,"column":45}},"12":{"start":{"line":50,"column":2},"end":{"line":52,"column":3}},"13":{"start":{"line":51,"column":4},"end":{"line":51,"column":47}},"14":{"start":{"line":53,"column":2},"end":{"line":55,"column":3}},"15":{"start":{"line":54,"column":4},"end":{"line":54,"column":54}},"16":{"start":{"line":56,"column":2},"end":{"line":58,"column":3}},"17":{"start":{"line":57,"column":4},"end":{"line":57,"column":52}},"18":{"start":{"line":59,"column":2},"end":{"line":59,"column":12}},"19":{"start":{"line":63,"column":19},"end":{"line":63,"column":42}},"20":{"start":{"line":65,"column":25},"end":{"line":65,"column":49}},"21":{"start":{"line":68,"column":2},"end":{"line":68,"column":29}},"22":{"start":{"line":72,"column":2},"end":{"line":72,"column":35}},"23":{"start":{"line":85,"column":2},"end":{"line":87,"column":3}},"24":{"start":{"line":86,"column":4},"end":{"line":86,"column":67}},"25":{"start":{"line":89,"column":4},"end":{"line":89,"column":67}},"26":{"start":{"line":90,"column":2},"end":{"line":96,"column":3}},"27":{"start":{"line":91,"column":4},"end":{"line":95,"column":6}},"28":{"start":{"line":97,"column":2},"end":{"line":97,"column":34}},"29":{"start":{"line":101,"column":14},"end":{"line":101,"column":51}},"30":{"start":{"line":102,"column":2},"end":{"line":105,"column":5}},"31":{"start":{"line":111,"column":13},"end":{"line":170,"column":3}},"32":{"start":{"line":112,"column":2},"end":{"line":112,"column":34}},"33":{"start":{"line":112,"column":27},"end":{"line":112,"column":34}},"34":{"start":{"line":113,"column":2},"end":{"line":113,"column":75}},"35":{"start":{"line":113,"column":29},"end":{"line":113,"column":75}},"36":{"start":{"line":115,"column":14},"end":{"line":115,"column":63}},"37":{"start":{"line":116,"column":2},"end":{"line":116,"column":72}},"38":{"start":{"line":116,"column":12},"end":{"line":116,"column":72}},"39":{"start":{"line":118,"column":22},"end":{"line":118,"column":56}},"40":{"start":{"line":119,"column":19},"end":{"line":119,"column":54}},"41":{"start":{"line":120,"column":21},"end":{"line":120,"column":55}},"42":{"start":{"line":121,"column":24},"end":{"line":121,"column":61}},"43":{"start":{"line":122,"column":2},"end":{"line":124,"column":3}},"44":{"start":{"line":123,"column":4},"end":{"line":123,"column":66}},"45":{"start":{"line":125,"column":2},"end":{"line":127,"column":3}},"46":{"start":{"line":126,"column":4},"end":{"line":126,"column":67}},"47":{"start":{"line":128,"column":12},"end":{"line":128,"column":56}},"48":{"start":{"line":129,"column":2},"end":{"line":131,"column":3}},"49":{"start":{"line":130,"column":4},"end":{"line":130,"column":73}},"50":{"start":{"line":133,"column":2},"end":{"line":169,"column":3}},"51":{"start":{"line":135,"column":21},"end":{"line":135,"column":72}},"52":{"start":{"line":136,"column":4},"end":{"line":146,"column":5}},"53":{"start":{"line":141,"column":6},"end":{"line":144,"column":9}},"54":{"start":{"line":145,"column":6},"end":{"line":145,"column":72}},"55":{"start":{"line":148,"column":19},"end":{"line":160,"column":null}},"56":{"start":{"line":162,"column":4},"end":{"line":165,"column":7}},"57":{"start":{"line":167,"column":4},"end":{"line":167,"column":39}},"58":{"start":{"line":168,"column":4},"end":{"line":168,"column":52}},"59":{"start":{"line":176,"column":13},"end":{"line":221,"column":3}},"60":{"start":{"line":177,"column":2},"end":{"line":177,"column":34}},"61":{"start":{"line":177,"column":27},"end":{"line":177,"column":34}},"62":{"start":{"line":178,"column":2},"end":{"line":178,"column":75}},"63":{"start":{"line":178,"column":29},"end":{"line":178,"column":75}},"64":{"start":{"line":180,"column":14},"end":{"line":180,"column":64}},"65":{"start":{"line":181,"column":2},"end":{"line":181,"column":72}},"66":{"start":{"line":181,"column":12},"end":{"line":181,"column":72}},"67":{"start":{"line":183,"column":26},"end":{"line":183,"column":65}},"68":{"start":{"line":184,"column":27},"end":{"line":184,"column":67}},"69":{"start":{"line":185,"column":2},"end":{"line":187,"column":3}},"70":{"start":{"line":186,"column":4},"end":{"line":186,"column":66}},"71":{"start":{"line":188,"column":2},"end":{"line":190,"column":3}},"72":{"start":{"line":189,"column":4},"end":{"line":189,"column":73}},"73":{"start":{"line":192,"column":2},"end":{"line":220,"column":3}},"74":{"start":{"line":195,"column":21},"end":{"line":196,"column":null}},"75":{"start":{"line":198,"column":4},"end":{"line":204,"column":5}},"76":{"start":{"line":199,"column":6},"end":{"line":202,"column":9}},"77":{"start":{"line":203,"column":6},"end":{"line":203,"column":70}},"78":{"start":{"line":206,"column":21},"end":{"line":207,"column":null}},"79":{"start":{"line":209,"column":4},"end":{"line":212,"column":7}},"80":{"start":{"line":213,"column":4},"end":{"line":216,"column":7}},"81":{"start":{"line":218,"column":4},"end":{"line":218,"column":40}},"82":{"start":{"line":219,"column":4},"end":{"line":219,"column":52}}},"fnMap":{"0":{"name":"validateDepositAmount","decl":{"start":{"line":41,"column":16},"end":{"line":41,"column":37}},"loc":{"start":{"line":43,"column":18},"end":{"line":60,"column":1}}},"1":{"name":"isValidPaymentIntentId","decl":{"start":{"line":67,"column":16},"end":{"line":67,"column":38}},"loc":{"start":{"line":67,"column":49},"end":{"line":69,"column":1}}},"2":{"name":"isValidCustomerId","decl":{"start":{"line":71,"column":16},"end":{"line":71,"column":33}},"loc":{"start":{"line":71,"column":44},"end":{"line":73,"column":1}}},"3":{"name":"canCaptureDeposit","decl":{"start":{"line":80,"column":16},"end":{"line":80,"column":33}},"loc":{"start":{"line":83,"column":24},"end":{"line":98,"column":1}}},"4":{"name":"logStripeError","decl":{"start":{"line":100,"column":9},"end":{"line":100,"column":23}},"loc":{"start":{"line":100,"column":49},"end":{"line":106,"column":1}}},"5":{"name":"(anonymous_14)","decl":{"start":{"line":111,"column":55},"end":{"line":111,"column":60}},"loc":{"start":{"line":111,"column":74},"end":{"line":170,"column":1}}},"6":{"name":"(anonymous_15)","decl":{"start":{"line":176,"column":56},"end":{"line":176,"column":61}},"loc":{"start":{"line":176,"column":75},"end":{"line":221,"column":1}}}},"branchMap":{"0":{"loc":{"start":{"line":45,"column":2},"end":{"line":47,"column":3}},"type":"if","locations":[{"start":{"line":45,"column":2},"end":{"line":47,"column":3}}]},"1":{"loc":{"start":{"line":45,"column":6},"end":{"line":45,"column":56}},"type":"binary-expr","locations":[{"start":{"line":45,"column":6},"end":{"line":45,"column":36}},{"start":{"line":45,"column":40},"end":{"line":45,"column":56}}]},"2":{"loc":{"start":{"line":50,"column":2},"end":{"line":52,"column":3}},"type":"if","locations":[{"start":{"line":50,"column":2},"end":{"line":52,"column":3}}]},"3":{"loc":{"start":{"line":53,"column":2},"end":{"line":55,"column":3}},"type":"if","locations":[{"start":{"line":53,"column":2},"end":{"line":55,"column":3}}]},"4":{"loc":{"start":{"line":56,"column":2},"end":{"line":58,"column":3}},"type":"if","locations":[{"start":{"line":56,"column":2},"end":{"line":58,"column":3}}]},"5":{"loc":{"start":{"line":83,"column":2},"end":{"line":83,"column":24}},"type":"default-arg","locations":[{"start":{"line":83,"column":22},"end":{"line":83,"column":24}}]},"6":{"loc":{"start":{"line":85,"column":2},"end":{"line":87,"column":3}},"type":"if","locations":[{"start":{"line":85,"column":2},"end":{"line":87,"column":3}}]},"7":{"loc":{"start":{"line":90,"column":2},"end":{"line":96,"column":3}},"type":"if","locations":[{"start":{"line":90,"column":2},"end":{"line":96,"column":3}}]},"8":{"loc":{"start":{"line":112,"column":2},"end":{"line":112,"column":34}},"type":"if","locations":[{"start":{"line":112,"column":2},"end":{"line":112,"column":34}}]},"9":{"loc":{"start":{"line":113,"column":2},"end":{"line":113,"column":75}},"type":"if","locations":[{"start":{"line":113,"column":2},"end":{"line":113,"column":75}}]},"10":{"loc":{"start":{"line":116,"column":2},"end":{"line":116,"column":72}},"type":"if","locations":[{"start":{"line":116,"column":2},"end":{"line":116,"column":72}}]},"11":{"loc":{"start":{"line":118,"column":29},"end":{"line":118,"column":55}},"type":"binary-expr","locations":[{"start":{"line":118,"column":29},"end":{"line":118,"column":50}},{"start":{"line":118,"column":54},"end":{"line":118,"column":55}}]},"12":{"loc":{"start":{"line":119,"column":26},"end":{"line":119,"column":53}},"type":"binary-expr","locations":[{"start":{"line":119,"column":26},"end":{"line":119,"column":44}},{"start":{"line":119,"column":48},"end":{"line":119,"column":53}}]},"13":{"loc":{"start":{"line":120,"column":28},"end":{"line":120,"column":54}},"type":"binary-expr","locations":[{"start":{"line":120,"column":28},"end":{"line":120,"column":48}},{"start":{"line":120,"column":52},"end":{"line":120,"column":54}}]},"14":{"loc":{"start":{"line":121,"column":31},"end":{"line":121,"column":60}},"type":"binary-expr","locations":[{"start":{"line":121,"column":31},"end":{"line":121,"column":54}},{"start":{"line":121,"column":58},"end":{"line":121,"column":60}}]},"15":{"loc":{"start":{"line":122,"column":2},"end":{"line":124,"column":3}},"type":"if","locations":[{"start":{"line":122,"column":2},"end":{"line":124,"column":3}}]},"16":{"loc":{"start":{"line":122,"column":6},"end":{"line":122,"column":35}},"type":"binary-expr","locations":[{"start":{"line":122,"column":6},"end":{"line":122,"column":17}},{"start":{"line":122,"column":21},"end":{"line":122,"column":35}}]},"17":{"loc":{"start":{"line":125,"column":2},"end":{"line":127,"column":3}},"type":"if","locations":[{"start":{"line":125,"column":2},"end":{"line":127,"column":3}}]},"18":{"loc":{"start":{"line":129,"column":2},"end":{"line":131,"column":3}},"type":"if","locations":[{"start":{"line":129,"column":2},"end":{"line":131,"column":3}}]},"19":{"loc":{"start":{"line":136,"column":4},"end":{"line":146,"column":5}},"type":"if","locations":[{"start":{"line":136,"column":4},"end":{"line":146,"column":5}}]},"20":{"loc":{"start":{"line":137,"column":6},"end":{"line":139,"column":26}},"type":"binary-expr","locations":[{"start":{"line":137,"column":6},"end":{"line":137,"column":22}},{"start":{"line":138,"column":7},"end":{"line":139,"column":26}}]},"21":{"loc":{"start":{"line":177,"column":2},"end":{"line":177,"column":34}},"type":"if","locations":[{"start":{"line":177,"column":2},"end":{"line":177,"column":34}}]},"22":{"loc":{"start":{"line":178,"column":2},"end":{"line":178,"column":75}},"type":"if","locations":[{"start":{"line":178,"column":2},"end":{"line":178,"column":75}}]},"23":{"loc":{"start":{"line":181,"column":2},"end":{"line":181,"column":72}},"type":"if","locations":[{"start":{"line":181,"column":2},"end":{"line":181,"column":72}}]},"24":{"loc":{"start":{"line":183,"column":33},"end":{"line":183,"column":64}},"type":"binary-expr","locations":[{"start":{"line":183,"column":33},"end":{"line":183,"column":58}},{"start":{"line":183,"column":62},"end":{"line":183,"column":64}}]},"25":{"loc":{"start":{"line":184,"column":34},"end":{"line":184,"column":66}},"type":"binary-expr","locations":[{"start":{"line":184,"column":34},"end":{"line":184,"column":60}},{"start":{"line":184,"column":64},"end":{"line":184,"column":66}}]},"26":{"loc":{"start":{"line":185,"column":2},"end":{"line":187,"column":3}},"type":"if","locations":[{"start":{"line":185,"column":2},"end":{"line":187,"column":3}}]},"27":{"loc":{"start":{"line":185,"column":6},"end":{"line":185,"column":43}},"type":"binary-expr","locations":[{"start":{"line":185,"column":6},"end":{"line":185,"column":22}},{"start":{"line":185,"column":26},"end":{"line":185,"column":43}}]},"28":{"loc":{"start":{"line":188,"column":2},"end":{"line":190,"column":3}},"type":"if","locations":[{"start":{"line":188,"column":2},"end":{"line":190,"column":3}}]},"29":{"loc":{"start":{"line":198,"column":4},"end":{"line":204,"column":5}},"type":"if","locations":[{"start":{"line":198,"column":4},"end":{"line":204,"column":5}}]},"30":{"loc":{"start":{"line":198,"column":9},"end":{"line":198,"column":44}},"type":"binary-expr","locations":[{"start":{"line":198,"column":9},"end":{"line":198,"column":36}},{"start":{"line":198,"column":40},"end":{"line":198,"column":44}}]}},"s":{"0":2,"1":2,"2":2,"3":2,"4":2,"5":2,"6":2,"7":2,"8":7,"9":3,"10":4,"11":4,"12":4,"13":1,"14":3,"15":1,"16":2,"17":1,"18":1,"19":2,"20":2,"21":0,"22":0,"23":3,"24":1,"25":2,"26":2,"27":1,"28":1,"29":0,"30":0,"31":2,"32":0,"33":0,"34":0,"35":0,"36":0,"37":0,"38":0,"39":0,"40":0,"41":0,"42":0,"43":0,"44":0,"45":0,"46":0,"47":0,"48":0,"49":0,"50":0,"51":0,"52":0,"53":0,"54":0,"55":0,"56":0,"57":0,"58":0,"59":2,"60":0,"61":0,"62":0,"63":0,"64":0,"65":0,"66":0,"67":0,"68":0,"69":0,"70":0,"71":0,"72":0,"73":0,"74":0,"75":0,"76":0,"77":0,"78":0,"79":0,"80":0,"81":0,"82":0},"f":{"0":7,"1":0,"2":0,"3":3,"4":0,"5":0,"6":0},"b":{"0":[3],"1":[7,6],"2":[1],"3":[1],"4":[1],"5":[3],"6":[1],"7":[1],"8":[0],"9":[0],"10":[0],"11":[0,0],"12":[0,0],"13":[0,0],"14":[0,0],"15":[0],"16":[0,0],"17":[0],"18":[0],"19":[0],"20":[0,0],"21":[0],"22":[0],"23":[0],"24":[0,0],"25":[0,0],"26":[0],"27":[0,0],"28":[0],"29":[0],"30":[0,0]}}
,"/Users/caglarilhan/psyclinicai/functions/src/dsar_export.ts": {"path":"/Users/caglarilhan/psyclinicai/functions/src/dsar_export.ts","statementMap":{"0":{"start":{"line":107,"column":0},"end":{"line":107,"column":7}},"1":{"start":{"line":56,"column":0},"end":{"line":56,"column":40}},"2":{"start":{"line":57,"column":0},"end":{"line":57,"column":48}},"3":{"start":{"line":59,"column":0},"end":{"line":59,"column":51}},"4":{"start":{"line":67,"column":5},"end":{"line":78,"column":2}},"5":{"start":{"line":81,"column":72},"end":{"line":90,"column":2}},"6":{"start":{"line":112,"column":45},"end":{"line":112,"column":47}},"7":{"start":{"line":113,"column":36},"end":{"line":113,"column":38}},"8":{"start":{"line":116,"column":2},"end":{"line":132,"column":3}},"9":{"start":{"line":117,"column":35},"end":{"line":119,"column":40}},"10":{"start":{"line":120,"column":4},"end":{"line":122,"column":5}},"11":{"start":{"line":121,"column":6},"end":{"line":121,"column":52}},"12":{"start":{"line":123,"column":17},"end":{"line":123,"column":42}},"13":{"start":{"line":124,"column":28},"end":{"line":124,"column":30}},"14":{"start":{"line":125,"column":4},"end":{"line":129,"column":5}},"15":{"start":{"line":126,"column":19},"end":{"line":126,"column":54}},"16":{"start":{"line":127,"column":6},"end":{"line":127,"column":41}},"17":{"start":{"line":127,"column":32},"end":{"line":127,"column":41}},"18":{"start":{"line":128,"column":6},"end":{"line":128,"column":37}},"19":{"start":{"line":130,"column":4},"end":{"line":130,"column":50}},"20":{"start":{"line":130,"column":25},"end":{"line":130,"column":50}},"21":{"start":{"line":131,"column":4},"end":{"line":131,"column":76}},"22":{"start":{"line":135,"column":2},"end":{"line":182,"column":3}},"23":{"start":{"line":136,"column":23},"end":{"line":136,"column":78}},"24":{"start":{"line":137,"column":28},"end":{"line":137,"column":30}},"25":{"start":{"line":138,"column":63},"end":{"line":138,"column":67}},"26":{"start":{"line":140,"column":4},"end":{"line":179,"column":5}},"27":{"start":{"line":141,"column":37},"end":{"line":141,"column":73}},"28":{"start":{"line":142,"column":6},"end":{"line":142,"column":43}},"29":{"start":{"line":142,"column":18},"end":{"line":142,"column":43}},"30":{"start":{"line":143,"column":19},"end":{"line":143,"column":32}},"31":{"start":{"line":144,"column":6},"end":{"line":144,"column":28}},"32":{"start":{"line":144,"column":22},"end":{"line":144,"column":28}},"33":{"start":{"line":145,"column":6},"end":{"line":176,"column":7}},"34":{"start":{"line":146,"column":21},"end":{"line":146,"column":56}},"35":{"start":{"line":147,"column":8},"end":{"line":147,"column":43}},"36":{"start":{"line":147,"column":34},"end":{"line":147,"column":43}},"37":{"start":{"line":148,"column":45},"end":{"line":148,"column":64}},"38":{"start":{"line":150,"column":8},"end":{"line":174,"column":9}},"39":{"start":{"line":151,"column":58},"end":{"line":151,"column":60}},"40":{"start":{"line":152,"column":10},"end":{"line":170,"column":11}},"41":{"start":{"line":153,"column":31},"end":{"line":153,"column":60}},"42":{"start":{"line":154,"column":31},"end":{"line":157,"column":20}},"43":{"start":{"line":158,"column":31},"end":{"line":163,"column":71}},"44":{"start":{"line":159,"column":28},"end":{"line":162,"column":16}},"45":{"start":{"line":163,"column":30},"end":{"line":163,"column":70}},"46":{"start":{"line":164,"column":12},"end":{"line":164,"column":77}},"47":{"start":{"line":164,"column":39},"end":{"line":164,"column":77}},"48":{"start":{"line":165,"column":12},"end":{"line":169,"column":15}},"49":{"start":{"line":171,"column":10},"end":{"line":173,"column":11}},"50":{"start":{"line":172,"column":12},"end":{"line":172,"column":39}},"51":{"start":{"line":175,"column":8},"end":{"line":175,"column":23}},"52":{"start":{"line":177,"column":6},"end":{"line":177,"column":33}},"53":{"start":{"line":177,"column":27},"end":{"line":177,"column":33}},"54":{"start":{"line":178,"column":6},"end":{"line":178,"column":47}},"55":{"start":{"line":180,"column":4},"end":{"line":180,"column":50}},"56":{"start":{"line":180,"column":25},"end":{"line":180,"column":50}},"57":{"start":{"line":181,"column":4},"end":{"line":181,"column":78}},"58":{"start":{"line":184,"column":2},"end":{"line":191,"column":4}},"59":{"start":{"line":196,"column":13},"end":{"line":240,"column":5}},"60":{"start":{"line":199,"column":4},"end":{"line":199,"column":36}},"61":{"start":{"line":199,"column":29},"end":{"line":199,"column":36}},"62":{"start":{"line":200,"column":4},"end":{"line":202,"column":5}},"63":{"start":{"line":201,"column":6},"end":{"line":201,"column":61}},"64":{"start":{"line":204,"column":16},"end":{"line":204,"column":53}},"65":{"start":{"line":205,"column":4},"end":{"line":205,"column":72}},"66":{"start":{"line":205,"column":14},"end":{"line":205,"column":72}},"67":{"start":{"line":207,"column":22},"end":{"line":209,"column":12}},"68":{"start":{"line":210,"column":4},"end":{"line":212,"column":5}},"69":{"start":{"line":211,"column":6},"end":{"line":211,"column":71}},"70":{"start":{"line":214,"column":4},"end":{"line":239,"column":5}},"71":{"start":{"line":215,"column":17},"end":{"line":215,"column":34}},"72":{"start":{"line":216,"column":21},"end":{"line":216,"column":62}},"73":{"start":{"line":220,"column":6},"end":{"line":229,"column":9}},"74":{"start":{"line":231,"column":6},"end":{"line":231,"column":35}},"75":{"start":{"line":233,"column":6},"end":{"line":237,"column":9}},"76":{"start":{"line":238,"column":6},"end":{"line":238,"column":53}}},"fnMap":{"0":{"name":"buildDsarBundle","decl":{"start":{"line":107,"column":22},"end":{"line":107,"column":37}},"loc":{"start":{"line":110,"column":19},"end":{"line":192,"column":1}}},"1":{"name":"(anonymous_10)","decl":{"start":{"line":159,"column":19},"end":{"line":159,"column":20}},"loc":{"start":{"line":159,"column":28},"end":{"line":162,"column":16}}},"2":{"name":"(anonymous_11)","decl":{"start":{"line":163,"column":22},"end":{"line":163,"column":23}},"loc":{"start":{"line":163,"column":30},"end":{"line":163,"column":70}}},"3":{"name":"(anonymous_12)","decl":{"start":{"line":198,"column":19},"end":{"line":198,"column":24}},"loc":{"start":{"line":198,"column":38},"end":{"line":240,"column":3}}}},"branchMap":{"0":{"loc":{"start":{"line":120,"column":4},"end":{"line":122,"column":5}},"type":"if","locations":[{"start":{"line":120,"column":4},"end":{"line":122,"column":5}}]},"1":{"loc":{"start":{"line":127,"column":6},"end":{"line":127,"column":41}},"type":"if","locations":[{"start":{"line":127,"column":6},"end":{"line":127,"column":41}}]},"2":{"loc":{"start":{"line":130,"column":4},"end":{"line":130,"column":50}},"type":"if","locations":[{"start":{"line":130,"column":4},"end":{"line":130,"column":50}}]},"3":{"loc":{"start":{"line":142,"column":6},"end":{"line":142,"column":43}},"type":"if","locations":[{"start":{"line":142,"column":6},"end":{"line":142,"column":43}}]},"4":{"loc":{"start":{"line":144,"column":6},"end":{"line":144,"column":28}},"type":"if","locations":[{"start":{"line":144,"column":6},"end":{"line":144,"column":28}}]},"5":{"loc":{"start":{"line":147,"column":8},"end":{"line":147,"column":43}},"type":"if","locations":[{"start":{"line":147,"column":8},"end":{"line":147,"column":43}}]},"6":{"loc":{"start":{"line":150,"column":8},"end":{"line":174,"column":9}},"type":"if","locations":[{"start":{"line":150,"column":8},"end":{"line":174,"column":9}}]},"7":{"loc":{"start":{"line":164,"column":12},"end":{"line":164,"column":77}},"type":"if","locations":[{"start":{"line":164,"column":12},"end":{"line":164,"column":77}}]},"8":{"loc":{"start":{"line":171,"column":10},"end":{"line":173,"column":11}},"type":"if","locations":[{"start":{"line":171,"column":10},"end":{"line":173,"column":11}}]},"9":{"loc":{"start":{"line":177,"column":6},"end":{"line":177,"column":33}},"type":"if","locations":[{"start":{"line":177,"column":6},"end":{"line":177,"column":33}}]},"10":{"loc":{"start":{"line":180,"column":4},"end":{"line":180,"column":50}},"type":"if","locations":[{"start":{"line":180,"column":4},"end":{"line":180,"column":50}}]},"11":{"loc":{"start":{"line":199,"column":4},"end":{"line":199,"column":36}},"type":"if","locations":[{"start":{"line":199,"column":4},"end":{"line":199,"column":36}}]},"12":{"loc":{"start":{"line":200,"column":4},"end":{"line":202,"column":5}},"type":"if","locations":[{"start":{"line":200,"column":4},"end":{"line":202,"column":5}}]},"13":{"loc":{"start":{"line":205,"column":4},"end":{"line":205,"column":72}},"type":"if","locations":[{"start":{"line":205,"column":4},"end":{"line":205,"column":72}}]},"14":{"loc":{"start":{"line":208,"column":7},"end":{"line":208,"column":58}},"type":"binary-expr","locations":[{"start":{"line":208,"column":7},"end":{"line":208,"column":52}},{"start":{"line":208,"column":56},"end":{"line":208,"column":58}}]},"15":{"loc":{"start":{"line":210,"column":4},"end":{"line":212,"column":5}},"type":"if","locations":[{"start":{"line":210,"column":4},"end":{"line":212,"column":5}}]}},"s":{"0":2,"1":2,"2":2,"3":2,"4":2,"5":2,"6":6,"7":6,"8":6,"9":30,"10":30,"11":6,"12":30,"13":30,"14":30,"15":5,"16":5,"17":1,"18":4,"19":30,"20":4,"21":30,"22":6,"23":48,"24":48,"25":48,"26":48,"27":48,"28":48,"29":0,"30":48,"31":48,"32":46,"33":2,"34":2,"35":2,"36":0,"37":2,"38":2,"39":1,"40":1,"41":1,"42":1,"43":1,"44":1,"45":1,"46":1,"47":1,"48":1,"49":1,"50":1,"51":2,"52":2,"53":2,"54":0,"55":48,"56":2,"57":48,"58":6,"59":2,"60":0,"61":0,"62":0,"63":0,"64":0,"65":0,"66":0,"67":0,"68":0,"69":0,"70":0,"71":0,"72":0,"73":0,"74":0,"75":0,"76":0},"f":{"0":6,"1":1,"2":1,"3":0},"b":{"0":[6],"1":[1],"2":[4],"3":[0],"4":[46],"5":[0],"6":[1],"7":[1],"8":[1],"9":[2],"10":[2],"11":[0],"12":[0],"13":[0],"14":[0,0],"15":[0]}}
,"/Users/caglarilhan/psyclinicai/functions/src/ehr_bridge.ts": {"path":"/Users/caglarilhan/psyclinicai/functions/src/ehr_bridge.ts","statementMap":{"0":{"start":{"line":47,"column":0},"end":{"line":47,"column":16}},"1":{"start":{"line":60,"column":0},"end":{"line":60,"column":16}},"2":{"start":{"line":102,"column":0},"end":{"line":102,"column":16}},"3":{"start":{"line":151,"column":0},"end":{"line":151,"column":16}},"4":{"start":{"line":199,"column":0},"end":{"line":199,"column":16}},"5":{"start":{"line":251,"column":0},"end":{"line":251,"column":16}},"6":{"start":{"line":310,"column":0},"end":{"line":310,"column":16}},"7":{"start":{"line":326,"column":0},"end":{"line":326,"column":7}},"8":{"start":{"line":18,"column":13},"end":{"line":37,"column":2}},"9":{"start":{"line":48,"column":2},"end":{"line":48,"column":65}},"10":{"start":{"line":48,"column":44},"end":{"line":48,"column":55}},"11":{"start":{"line":55,"column":60},"end":{"line":58,"column":2}},"12":{"start":{"line":67,"column":2},"end":{"line":99,"column":4}},"13":{"start":{"line":111,"column":2},"end":{"line":141,"column":4}},"14":{"start":{"line":157,"column":2},"end":{"line":157,"column":87}},"15":{"start":{"line":202,"column":2},"end":{"line":224,"column":4}},"16":{"start":{"line":245,"column":64},"end":{"line":249,"column":2}},"17":{"start":{"line":254,"column":2},"end":{"line":293,"column":4}},"18":{"start":{"line":311,"column":24},"end":{"line":311,"column":26}},"19":{"start":{"line":312,"column":12},"end":{"line":312,"column":15}},"20":{"start":{"line":313,"column":2},"end":{"line":316,"column":3}},"21":{"start":{"line":313,"column":15},"end":{"line":313,"column":16}},"22":{"start":{"line":314,"column":4},"end":{"line":314,"column":34}},"23":{"start":{"line":315,"column":4},"end":{"line":315,"column":13}},"24":{"start":{"line":317,"column":2},"end":{"line":317,"column":13}},"25":{"start":{"line":330,"column":4},"end":{"line":330,"column":41}},"26":{"start":{"line":330,"column":23},"end":{"line":330,"column":40}},"27":{"start":{"line":332,"column":16},"end":{"line":332,"column":44}},"28":{"start":{"line":334,"column":2},"end":{"line":342,"column":3}},"29":{"start":{"line":334,"column":21},"end":{"line":334,"column":22}},"30":{"start":{"line":335,"column":4},"end":{"line":340,"column":5}},"31":{"start":{"line":336,"column":17},"end":{"line":336,"column":38}},"32":{"start":{"line":337,"column":6},"end":{"line":337,"column":57}},"33":{"start":{"line":337,"column":14},"end":{"line":337,"column":57}},"34":{"start":{"line":339,"column":6},"end":{"line":339,"column":40}},"35":{"start":{"line":341,"column":4},"end":{"line":341,"column":63}},"36":{"start":{"line":341,"column":31},"end":{"line":341,"column":63}},"37":{"start":{"line":343,"column":2},"end":{"line":343,"column":72}}},"fnMap":{"0":{"name":"endpointById","decl":{"start":{"line":47,"column":16},"end":{"line":47,"column":28}},"loc":{"start":{"line":47,"column":39},"end":{"line":49,"column":1}}},"1":{"name":"(anonymous_1)","decl":{"start":{"line":48,"column":37},"end":{"line":48,"column":38}},"loc":{"start":{"line":48,"column":44},"end":{"line":48,"column":55}}},"2":{"name":"buildPromObservation","decl":{"start":{"line":60,"column":16},"end":{"line":60,"column":36}},"loc":{"start":{"line":66,"column":1},"end":{"line":100,"column":1}}},"3":{"name":"buildSessionNoteDocRef","decl":{"start":{"line":102,"column":16},"end":{"line":102,"column":38}},"loc":{"start":{"line":110,"column":1},"end":{"line":142,"column":1}}},"4":{"name":"outboxIdempotencyKey","decl":{"start":{"line":151,"column":16},"end":{"line":151,"column":36}},"loc":{"start":{"line":156,"column":1},"end":{"line":158,"column":1}}},"5":{"name":"buildPatientResource","decl":{"start":{"line":199,"column":16},"end":{"line":199,"column":36}},"loc":{"start":{"line":200,"column":26},"end":{"line":225,"column":1}}},"6":{"name":"buildEncounterResource","decl":{"start":{"line":251,"column":16},"end":{"line":251,"column":38}},"loc":{"start":{"line":252,"column":28},"end":{"line":294,"column":1}}},"7":{"name":"backoffSchedule","decl":{"start":{"line":310,"column":16},"end":{"line":310,"column":31}},"loc":{"start":{"line":310,"column":51},"end":{"line":318,"column":1}}},"8":{"name":"retryWithBackoff","decl":{"start":{"line":326,"column":22},"end":{"line":326,"column":38}},"loc":{"start":{"line":330,"column":41},"end":{"line":344,"column":1}}},"9":{"name":"(anonymous_9)","decl":{"start":{"line":329,"column":41},"end":{"line":329,"column":42}},"loc":{"start":{"line":330,"column":4},"end":{"line":330,"column":41}}},"10":{"name":"(anonymous_10)","decl":{"start":{"line":330,"column":16},"end":{"line":330,"column":17}},"loc":{"start":{"line":330,"column":23},"end":{"line":330,"column":40}}}},"branchMap":{"0":{"loc":{"start":{"line":48,"column":9},"end":{"line":48,"column":64}},"type":"binary-expr","locations":[{"start":{"line":48,"column":9},"end":{"line":48,"column":56}},{"start":{"line":48,"column":60},"end":{"line":48,"column":64}}]},"1":{"loc":{"start":{"line":138,"column":8},"end":{"line":140,"column":8}},"type":"cond-expr","locations":[{"start":{"line":139,"column":6},"end":{"line":139,"column":66}},{"start":{"line":140,"column":6},"end":{"line":140,"column":8}}]},"2":{"loc":{"start":{"line":219,"column":12},"end":{"line":219,"column":36}},"type":"binary-expr","locations":[{"start":{"line":219,"column":12},"end":{"line":219,"column":23}},{"start":{"line":219,"column":27},"end":{"line":219,"column":36}}]},"3":{"loc":{"start":{"line":221,"column":8},"end":{"line":223,"column":8}},"type":"cond-expr","locations":[{"start":{"line":222,"column":6},"end":{"line":222,"column":46}},{"start":{"line":223,"column":6},"end":{"line":223,"column":8}}]},"4":{"loc":{"start":{"line":262,"column":12},"end":{"line":262,"column":56}},"type":"cond-expr","locations":[{"start":{"line":262,"column":30},"end":{"line":262,"column":40}},{"start":{"line":262,"column":43},"end":{"line":262,"column":56}}]},"5":{"loc":{"start":{"line":276,"column":10},"end":{"line":276,"column":55}},"type":"cond-expr","locations":[{"start":{"line":276,"column":28},"end":{"line":276,"column":50}},{"start":{"line":276,"column":53},"end":{"line":276,"column":55}}]},"6":{"loc":{"start":{"line":278,"column":8},"end":{"line":292,"column":8}},"type":"cond-expr","locations":[{"start":{"line":279,"column":6},"end":{"line":291,"column":8}},{"start":{"line":292,"column":6},"end":{"line":292,"column":8}}]},"7":{"loc":{"start":{"line":286,"column":20},"end":{"line":286,"column":75}},"type":"cond-expr","locations":[{"start":{"line":286,"column":41},"end":{"line":286,"column":70}},{"start":{"line":286,"column":73},"end":{"line":286,"column":75}}]},"8":{"loc":{"start":{"line":329,"column":2},"end":{"line":330,"column":41}},"type":"default-arg","locations":[{"start":{"line":329,"column":41},"end":{"line":330,"column":41}}]},"9":{"loc":{"start":{"line":337,"column":6},"end":{"line":337,"column":57}},"type":"if","locations":[{"start":{"line":337,"column":6},"end":{"line":337,"column":57}}]},"10":{"loc":{"start":{"line":341,"column":4},"end":{"line":341,"column":63}},"type":"if","locations":[{"start":{"line":341,"column":4},"end":{"line":341,"column":63}}]}},"s":{"0":4,"1":4,"2":4,"3":4,"4":4,"5":4,"6":4,"7":4,"8":4,"9":2,"10":4,"11":4,"12":2,"13":1,"14":4,"15":3,"16":4,"17":3,"18":3,"19":3,"20":3,"21":3,"22":12,"23":12,"24":3,"25":0,"26":0,"27":2,"28":2,"29":2,"30":5,"31":5,"32":2,"33":1,"34":3,"35":4,"36":3,"37":1},"f":{"0":2,"1":4,"2":2,"3":1,"4":4,"5":3,"6":3,"7":3,"8":2,"9":0,"10":0},"b":{"0":[2,1],"1":[1,0],"2":[3,3],"3":[1,2],"4":[1,2],"5":[1,2],"6":[1,2],"7":[1,0],"8":[0],"9":[1],"10":[3]}}
,"/Users/caglarilhan/psyclinicai/functions/src/ehr_observation_handler.ts": {"path":"/Users/caglarilhan/psyclinicai/functions/src/ehr_observation_handler.ts","statementMap":{"0":{"start":{"line":51,"column":0},"end":{"line":51,"column":16}},"1":{"start":{"line":93,"column":0},"end":{"line":93,"column":7}},"2":{"start":{"line":23,"column":0},"end":{"line":23,"column":40}},"3":{"start":{"line":24,"column":0},"end":{"line":24,"column":48}},"4":{"start":{"line":25,"column":0},"end":{"line":25,"column":51}},"5":{"start":{"line":26,"column":0},"end":{"line":26,"column":null}},"6":{"start":{"line":58,"column":2},"end":{"line":60,"column":3}},"7":{"start":{"line":59,"column":4},"end":{"line":59,"column":49}},"8":{"start":{"line":61,"column":12},"end":{"line":61,"column":44}},"9":{"start":{"line":62,"column":19},"end":{"line":71,"column":4}},"10":{"start":{"line":72,"column":2},"end":{"line":76,"column":3}},"11":{"start":{"line":73,"column":4},"end":{"line":75,"column":5}},"12":{"start":{"line":74,"column":6},"end":{"line":74,"column":48}},"13":{"start":{"line":77,"column":2},"end":{"line":79,"column":3}},"14":{"start":{"line":78,"column":4},"end":{"line":78,"column":56}},"15":{"start":{"line":80,"column":2},"end":{"line":82,"column":3}},"16":{"start":{"line":81,"column":4},"end":{"line":81,"column":52}},"17":{"start":{"line":83,"column":2},"end":{"line":85,"column":3}},"18":{"start":{"line":84,"column":4},"end":{"line":84,"column":54}},"19":{"start":{"line":86,"column":2},"end":{"line":86,"column":62}},"20":{"start":{"line":98,"column":12},"end":{"line":105,"column":4}},"21":{"start":{"line":106,"column":2},"end":{"line":106,"column":43}},"22":{"start":{"line":109,"column":13},"end":{"line":204,"column":5}},"23":{"start":{"line":113,"column":4},"end":{"line":113,"column":36}},"24":{"start":{"line":113,"column":29},"end":{"line":113,"column":36}},"25":{"start":{"line":114,"column":16},"end":{"line":114,"column":56}},"26":{"start":{"line":115,"column":4},"end":{"line":118,"column":5}},"27":{"start":{"line":116,"column":6},"end":{"line":116,"column":55}},"28":{"start":{"line":117,"column":6},"end":{"line":117,"column":13}},"29":{"start":{"line":119,"column":22},"end":{"line":119,"column":54}},"30":{"start":{"line":120,"column":4},"end":{"line":123,"column":5}},"31":{"start":{"line":121,"column":6},"end":{"line":121,"column":53}},"32":{"start":{"line":122,"column":6},"end":{"line":122,"column":13}},"33":{"start":{"line":124,"column":17},"end":{"line":124,"column":31}},"34":{"start":{"line":125,"column":21},"end":{"line":125,"column":50}},"35":{"start":{"line":126,"column":4},"end":{"line":129,"column":5}},"36":{"start":{"line":127,"column":6},"end":{"line":127,"column":56}},"37":{"start":{"line":128,"column":6},"end":{"line":128,"column":13}},"38":{"start":{"line":131,"column":24},"end":{"line":137,"column":6}},"39":{"start":{"line":139,"column":27},"end":{"line":144,"column":6}},"40":{"start":{"line":146,"column":21},"end":{"line":146,"column":24}},"41":{"start":{"line":147,"column":22},"end":{"line":152,"column":26}},"42":{"start":{"line":156,"column":21},"end":{"line":156,"column":42}},"43":{"start":{"line":157,"column":4},"end":{"line":160,"column":5}},"44":{"start":{"line":158,"column":6},"end":{"line":158,"column":59}},"45":{"start":{"line":159,"column":6},"end":{"line":159,"column":13}},"46":{"start":{"line":162,"column":4},"end":{"line":177,"column":6}},"47":{"start":{"line":179,"column":17},"end":{"line":181,"column":null}},"48":{"start":{"line":180,"column":18},"end":{"line":180,"column":64}},"49":{"start":{"line":184,"column":4},"end":{"line":192,"column":6}},"50":{"start":{"line":194,"column":4},"end":{"line":203,"column":5}},"51":{"start":{"line":195,"column":6},"end":{"line":195,"column":74}},"52":{"start":{"line":197,"column":6},"end":{"line":202,"column":9}}},"fnMap":{"0":{"name":"validatePromCompletion","decl":{"start":{"line":51,"column":16},"end":{"line":51,"column":38}},"loc":{"start":{"line":51,"column":53},"end":{"line":87,"column":1}}},"1":{"name":"postObservation","decl":{"start":{"line":93,"column":22},"end":{"line":93,"column":37}},"loc":{"start":{"line":96,"column":31},"end":{"line":107,"column":1}}},"2":{"name":"(anonymous_11)","decl":{"start":{"line":112,"column":19},"end":{"line":112,"column":24}},"loc":{"start":{"line":112,"column":38},"end":{"line":204,"column":3}}},"3":{"name":"(anonymous_12)","decl":{"start":{"line":180,"column":6},"end":{"line":180,"column":11}},"loc":{"start":{"line":180,"column":18},"end":{"line":180,"column":64}}}},"branchMap":{"0":{"loc":{"start":{"line":58,"column":2},"end":{"line":60,"column":3}},"type":"if","locations":[{"start":{"line":58,"column":2},"end":{"line":60,"column":3}}]},"1":{"loc":{"start":{"line":58,"column":6},"end":{"line":58,"column":49}},"type":"binary-expr","locations":[{"start":{"line":58,"column":6},"end":{"line":58,"column":31}},{"start":{"line":58,"column":35},"end":{"line":58,"column":49}}]},"2":{"loc":{"start":{"line":73,"column":4},"end":{"line":75,"column":5}},"type":"if","locations":[{"start":{"line":73,"column":4},"end":{"line":75,"column":5}}]},"3":{"loc":{"start":{"line":73,"column":8},"end":{"line":73,"column":67}},"type":"binary-expr","locations":[{"start":{"line":73,"column":8},"end":{"line":73,"column":35}},{"start":{"line":73,"column":39},"end":{"line":73,"column":52}},{"start":{"line":73,"column":56},"end":{"line":73,"column":67}}]},"4":{"loc":{"start":{"line":77,"column":2},"end":{"line":79,"column":3}},"type":"if","locations":[{"start":{"line":77,"column":2},"end":{"line":79,"column":3}}]},"5":{"loc":{"start":{"line":77,"column":6},"end":{"line":77,"column":58}},"type":"binary-expr","locations":[{"start":{"line":77,"column":6},"end":{"line":77,"column":30}},{"start":{"line":77,"column":34},"end":{"line":77,"column":58}}]},"6":{"loc":{"start":{"line":80,"column":2},"end":{"line":82,"column":3}},"type":"if","locations":[{"start":{"line":80,"column":2},"end":{"line":82,"column":3}}]},"7":{"loc":{"start":{"line":80,"column":6},"end":{"line":80,"column":64}},"type":"binary-expr","locations":[{"start":{"line":80,"column":6},"end":{"line":80,"column":33}},{"start":{"line":80,"column":37},"end":{"line":80,"column":48}},{"start":{"line":80,"column":52},"end":{"line":80,"column":64}}]},"8":{"loc":{"start":{"line":83,"column":2},"end":{"line":85,"column":3}},"type":"if","locations":[{"start":{"line":83,"column":2},"end":{"line":85,"column":3}}]},"9":{"loc":{"start":{"line":96,"column":2},"end":{"line":96,"column":31}},"type":"default-arg","locations":[{"start":{"line":96,"column":26},"end":{"line":96,"column":31}}]},"10":{"loc":{"start":{"line":106,"column":9},"end":{"line":106,"column":42}},"type":"binary-expr","locations":[{"start":{"line":106,"column":9},"end":{"line":106,"column":24}},{"start":{"line":106,"column":28},"end":{"line":106,"column":42}}]},"11":{"loc":{"start":{"line":113,"column":4},"end":{"line":113,"column":36}},"type":"if","locations":[{"start":{"line":113,"column":4},"end":{"line":113,"column":36}}]},"12":{"loc":{"start":{"line":115,"column":4},"end":{"line":118,"column":5}},"type":"if","locations":[{"start":{"line":115,"column":4},"end":{"line":118,"column":5}}]},"13":{"loc":{"start":{"line":120,"column":4},"end":{"line":123,"column":5}},"type":"if","locations":[{"start":{"line":120,"column":4},"end":{"line":123,"column":5}}]},"14":{"loc":{"start":{"line":126,"column":4},"end":{"line":129,"column":5}},"type":"if","locations":[{"start":{"line":126,"column":4},"end":{"line":129,"column":5}}]},"15":{"loc":{"start":{"line":157,"column":4},"end":{"line":160,"column":5}},"type":"if","locations":[{"start":{"line":157,"column":4},"end":{"line":160,"column":5}}]},"16":{"loc":{"start":{"line":157,"column":8},"end":{"line":157,"column":68}},"type":"binary-expr","locations":[{"start":{"line":157,"column":8},"end":{"line":157,"column":23}},{"start":{"line":157,"column":27},"end":{"line":157,"column":68}}]},"17":{"loc":{"start":{"line":157,"column":28},"end":{"line":157,"column":49}},"type":"binary-expr","locations":[{"start":{"line":157,"column":28},"end":{"line":157,"column":43}},{"start":{"line":157,"column":47},"end":{"line":157,"column":49}}]},"18":{"loc":{"start":{"line":186,"column":16},"end":{"line":186,"column":58}},"type":"cond-expr","locations":[{"start":{"line":186,"column":41},"end":{"line":186,"column":47}},{"start":{"line":186,"column":50},"end":{"line":186,"column":58}}]},"19":{"loc":{"start":{"line":189,"column":21},"end":{"line":189,"column":44}},"type":"binary-expr","locations":[{"start":{"line":189,"column":21},"end":{"line":189,"column":36}},{"start":{"line":189,"column":40},"end":{"line":189,"column":44}}]},"20":{"loc":{"start":{"line":194,"column":4},"end":{"line":203,"column":5}},"type":"if","locations":[{"start":{"line":194,"column":4},"end":{"line":203,"column":5}},{"start":{"line":196,"column":11},"end":{"line":203,"column":5}}]},"21":{"loc":{"start":{"line":201,"column":15},"end":{"line":201,"column":38}},"type":"binary-expr","locations":[{"start":{"line":201,"column":15},"end":{"line":201,"column":30}},{"start":{"line":201,"column":34},"end":{"line":201,"column":38}}]}},"s":{"0":3,"1":3,"2":3,"3":3,"4":3,"5":3,"6":17,"7":3,"8":14,"9":14,"10":14,"11":84,"12":8,"13":6,"14":1,"15":5,"16":3,"17":2,"18":1,"19":1,"20":2,"21":2,"22":3,"23":0,"24":0,"25":0,"26":0,"27":0,"28":0,"29":0,"30":0,"31":0,"32":0,"33":0,"34":0,"35":0,"36":0,"37":0,"38":0,"39":0,"40":0,"41":0,"42":0,"43":0,"44":0,"45":0,"46":0,"47":0,"48":0,"49":0,"50":0,"51":0,"52":0},"f":{"0":17,"1":2,"2":0,"3":0},"b":{"0":[3],"1":[17,15],"2":[8],"3":[84,76,76],"4":[1],"5":[6,1],"6":[3],"7":[5,4,3],"8":[1],"9":[0],"10":[2,2],"11":[0],"12":[0],"13":[0],"14":[0],"15":[0],"16":[0,0],"17":[0,0],"18":[0,0],"19":[0,0],"20":[0,0],"21":[0,0]}}
[...]
,"/Users/caglarilhan/psyclinicai/functions/src/lib/phi_scrub.ts": {"path":"/Users/caglarilhan/psyclinicai/functions/src/lib/phi_scrub.ts","statementMap":{"0":{"start":{"line":80,"column":0},"end":{"line":80,"column":16}},"1":{"start":{"line":117,"column":20},"end":{"line":117,"column":36}},"2":{"start":{"line":29,"column":14},"end":{"line":29,"column":69}},"3":{"start":{"line":30,"column":19},"end":{"line":30,"column":34}},"4":{"start":{"line":31,"column":17},"end":{"line":31,"column":86}},"5":{"start":{"line":32,"column":12},"end":{"line":32,"column":36}},"6":{"start":{"line":33,"column":13},"end":{"line":33,"column":30}},"7":{"start":{"line":34,"column":12},"end":{"line":34,"column":71}},"8":{"start":{"line":35,"column":12},"end":{"line":35,"column":46}},"9":{"start":{"line":36,"column":13},"end":{"line":36,"column":43}},"10":{"start":{"line":44,"column":28},"end":{"line":53,"column":2}},"11":{"start":{"line":56,"column":42},"end":{"line":56,"column":44}},"12":{"start":{"line":57,"column":12},"end":{"line":57,"column":16}},"13":{"start":{"line":58,"column":2},"end":{"line":65,"column":3}},"14":{"start":{"line":59,"column":16},"end":{"line":59,"column":17}},"15":{"start":{"line":60,"column":4},"end":{"line":63,"column":7}},"16":{"start":{"line":61,"column":6},"end":{"line":61,"column":14}},"17":{"start":{"line":62,"column":6},"end":{"line":62,"column":21}},"18":{"start":{"line":64,"column":4},"end":{"line":64,"column":70}},"19":{"start":{"line":64,"column":19},"end":{"line":64,"column":70}},"20":{"start":{"line":66,"column":23},"end":{"line":66,"column":72}},"21":{"start":{"line":66,"column":63},"end":{"line":66,"column":68}},"22":{"start":{"line":67,"column":2},"end":{"line":67,"column":44}},"23":{"start":{"line":85,"column":45},"end":{"line":85,"column":47}},"24":{"start":{"line":88,"column":4},"end":{"line":94,"column":5}},"25":{"start":{"line":89,"column":16},"end":{"line":89,"column":30}},"26":{"start":{"line":90,"column":6},"end":{"line":92,"column":7}},"27":{"start":{"line":91,"column":8},"end":{"line":91,"column":49}},"28":{"start":{"line":93,"column":6},"end":{"line":93,"column":20}},"29":{"start":{"line":95,"column":4},"end":{"line":97,"column":5}},"30":{"start":{"line":96,"column":6},"end":{"line":96,"column":28}},"31":{"start":{"line":98,"column":4},"end":{"line":104,"column":5}},"32":{"start":{"line":99,"column":43},"end":{"line":99,"column":45}},"33":{"start":{"line":100,"column":6},"end":{"line":102,"column":7}},"34":{"start":{"line":101,"column":8},"end":{"line":101,"column":25}},"35":{"start":{"line":103,"column":6},"end":{"line":103,"column":17}},"36":{"start":{"line":105,"column":4},"end":{"line":105,"column":16}},"37":{"start":{"line":108,"column":17},"end":{"line":108,"column":28}},"38":{"start":{"line":109,"column":23},"end":{"line":109,"column":75}},"39":{"start":{"line":109,"column":66},"end":{"line":109,"column":71}},"40":{"start":{"line":110,"column":2},"end":{"line":110,"column":62}}},"fnMap":{"0":{"name":"scrubOne","decl":{"start":{"line":55,"column":9},"end":{"line":55,"column":17}},"loc":{"start":{"line":55,"column":30},"end":{"line":68,"column":1}}},"1":{"name":"(anonymous_1)","decl":{"start":{"line":60,"column":28},"end":{"line":60,"column":31}},"loc":{"start":{"line":60,"column":33},"end":{"line":63,"column":5}}},"2":{"name":"(anonymous_2)","decl":{"start":{"line":66,"column":53},"end":{"line":66,"column":54}},"loc":{"start":{"line":66,"column":63},"end":{"line":66,"column":68}}},"3":{"name":"scrubPhiInPayload","decl":{"start":{"line":80,"column":16},"end":{"line":80,"column":33}},"loc":{"start":{"line":80,"column":48},"end":{"line":111,"column":1}}},"4":{"name":"walk","decl":{"start":{"line":87,"column":11},"end":{"line":87,"column":15}},"loc":{"start":{"line":87,"column":29},"end":{"line":106,"column":3}}},"5":{"name":"(anonymous_5)","decl":{"start":{"line":109,"column":56},"end":{"line":109,"column":57}},"loc":{"start":{"line":109,"column":66},"end":{"line":109,"column":71}}}},"branchMap":{"0":{"loc":{"start":{"line":64,"column":4},"end":{"line":64,"column":70}},"type":"if","locations":[{"start":{"line":64,"column":4},"end":{"line":64,"column":70}}]},"1":{"loc":{"start":{"line":64,"column":39},"end":{"line":64,"column":60}},"type":"binary-expr","locations":[{"start":{"line":64,"column":39},"end":{"line":64,"column":55}},{"start":{"line":64,"column":59},"end":{"line":64,"column":60}}]},"2":{"loc":{"start":{"line":88,"column":4},"end":{"line":94,"column":5}},"type":"if","locations":[{"start":{"line":88,"column":4},"end":{"line":94,"column":5}}]},"3":{"loc":{"start":{"line":91,"column":25},"end":{"line":91,"column":43}},"type":"binary-expr","locations":[{"start":{"line":91,"column":25},"end":{"line":91,"column":38}},{"start":{"line":91,"column":42},"end":{"line":91,"column":43}}]},"4":{"loc":{"start":{"line":95,"column":4},"end":{"line":97,"column":5}},"type":"if","locations":[{"start":{"line":95,"column":4},"end":{"line":97,"column":5}}]},"5":{"loc":{"start":{"line":98,"column":4},"end":{"line":104,"column":5}},"type":"if","locations":[{"start":{"line":98,"column":4},"end":{"line":104,"column":5}}]},"6":{"loc":{"start":{"line":98,"column":8},"end":{"line":98,"column":40}},"type":"binary-expr","locations":[{"start":{"line":98,"column":8},"end":{"line":98,"column":12}},{"start":{"line":98,"column":16},"end":{"line":98,"column":40}}]}},"s":{"0":2,"1":2,"2":2,"3":2,"4":2,"5":2,"6":2,"7":2,"8":2,"9":2,"10":2,"11":12,"12":12,"13":12,"14":96,"15":96,"16":12,"17":12,"18":96,"19":10,"20":12,"21":10,"22":12,"23":3,"24":24,"25":9,"26":9,"27":3,"28":9,"29":15,"30":3,"31":12,"32":7,"33":7,"34":17,"35":7,"36":5,"37":3,"38":3,"39":3,"40":3},"f":{"0":12,"1":12,"2":10,"3":3,"4":24,"5":3},"b":{"0":[10],"1":[10,10],"2":[9],"3":[3,3],"4":[3],"5":[7],"6":[12,10]}}
,"/Users/caglarilhan/psyclinicai/functions/src/lib/rate_limit.ts": {"path":"/Users/caglarilhan/psyclinicai/functions/src/lib/rate_limit.ts","statementMap":{"0":{"start":{"line":63,"column":0},"end":{"line":63,"column":7}},"1":{"start":{"line":118,"column":0},"end":{"line":118,"column":7}},"2":{"start":{"line":11,"column":0},"end":{"line":11,"column":40}},"3":{"start":{"line":12,"column":0},"end":{"line":12,"column":33}},"4":{"start":{"line":13,"column":0},"end":{"line":13,"column":48}},"5":{"start":{"line":16,"column":2},"end":{"line":20,"column":38}},"6":{"start":{"line":41,"column":2},"end":{"line":45,"column":18}},"7":{"start":{"line":52,"column":14},"end":{"line":52,"column":44}},"8":{"start":{"line":53,"column":2},"end":{"line":56,"column":3}},"9":{"start":{"line":54,"column":18},"end":{"line":54,"column":69}},"10":{"start":{"line":54,"column":44},"end":{"line":54,"column":52}},"11":{"start":{"line":55,"column":4},"end":{"line":55,"column":57}},"12":{"start":{"line":55,"column":26},"end":{"line":55,"column":57}},"13":{"start":{"line":57,"column":2},"end":{"line":59,"column":3}},"14":{"start":{"line":58,"column":4},"end":{"line":58,"column":39}},"15":{"start":{"line":60,"column":2},"end":{"line":60,"column":29}},"16":{"start":{"line":67,"column":14},"end":{"line":67,"column":24}},"17":{"start":{"line":68,"column":13},"end":{"line":68,"column":27}},"18":{"start":{"line":69,"column":17},"end":{"line":69,"column":27}},"19":{"start":{"line":70,"column":22},"end":{"line":70,"column":48}},"20":{"start":{"line":71,"column":18},"end":{"line":71,"column":44}},"21":{"start":{"line":72,"column":16},"end":{"line":72,"column":60}},"22":{"start":{"line":73,"column":14},"end":{"line":76,"column":15}},"23":{"start":{"line":78,"column":17},"end":{"line":100,"column":4}},"24":{"start":{"line":79,"column":17},"end":{"line":79,"column":34}},"25":{"start":{"line":80,"column":20},"end":{"line":80,"column":21}},"26":{"start":{"line":81,"column":4},"end":{"line":85,"column":5}},"27":{"start":{"line":82,"column":19},"end":{"line":82,"column":36}},"28":{"start":{"line":83,"column":19},"end":{"line":83,"column":72}},"29":{"start":{"line":84,"column":6},"end":{"line":84,"column":27}},"30":{"start":{"line":86,"column":4},"end":{"line":98,"column":6}},"31":{"start":{"line":99,"column":4},"end":{"line":99,"column":21}},"32":{"start":{"line":102,"column":18},"end":{"line":102,"column":42}},"33":{"start":{"line":103,"column":2},"end":{"line":110,"column":3}},"34":{"start":{"line":104,"column":4},"end":{"line":109,"column":7}},"35":{"start":{"line":111,"column":2},"end":{"line":111,"column":45}},"36":{"start":{"line":123,"column":12},"end":{"line":123,"column":42}},"37":{"start":{"line":124,"column":2},"end":{"line":134,"column":3}},"38":{"start":{"line":125,"column":4},"end":{"line":132,"column":9}},"39":{"start":{"line":133,"column":4},"end":{"line":133,"column":16}},"40":{"start":{"line":135,"column":2},"end":{"line":135,"column":15}}},"fnMap":{"0":{"name":"hashIp","decl":{"start":{"line":40,"column":9},"end":{"line":40,"column":15}},"loc":{"start":{"line":40,"column":26},"end":{"line":46,"column":1}}},"1":{"name":"extractIp","decl":{"start":{"line":48,"column":9},"end":{"line":48,"column":18}},"loc":{"start":{"line":48,"column":47},"end":{"line":61,"column":1}}},"2":{"name":"(anonymous_11)","decl":{"start":{"line":54,"column":37},"end":{"line":54,"column":38}},"loc":{"start":{"line":54,"column":44},"end":{"line":54,"column":52}}},"3":{"name":"consumeRequest","decl":{"start":{"line":63,"column":22},"end":{"line":63,"column":36}},"loc":{"start":{"line":65,"column":22},"end":{"line":112,"column":1}}},"4":{"name":"(anonymous_13)","decl":{"start":{"line":78,"column":56},"end":{"line":78,"column":61}},"loc":{"start":{"line":78,"column":69},"end":{"line":100,"column":3}}},"5":{"name":"enforceOrReply","decl":{"start":{"line":118,"column":22},"end":{"line":118,"column":36}},"loc":{"start":{"line":121,"column":22},"end":{"line":136,"column":1}}}},"branchMap":{"0":{"loc":{"start":{"line":16,"column":2},"end":{"line":20,"column":38}},"type":"binary-expr","locations":[{"start":{"line":16,"column":2},"end":{"line":16,"column":32}},{"start":{"line":20,"column":2},"end":{"line":20,"column":38}}]},"1":{"loc":{"start":{"line":53,"column":2},"end":{"line":56,"column":3}},"type":"if","locations":[{"start":{"line":53,"column":2},"end":{"line":56,"column":3}}]},"2":{"loc":{"start":{"line":53,"column":6},"end":{"line":53,"column":47}},"type":"binary-expr","locations":[{"start":{"line":53,"column":6},"end":{"line":53,"column":29}},{"start":{"line":53,"column":33},"end":{"line":53,"column":47}}]},"3":{"loc":{"start":{"line":55,"column":4},"end":{"line":55,"column":57}},"type":"if","locations":[{"start":{"line":55,"column":4},"end":{"line":55,"column":57}}]},"4":{"loc":{"start":{"line":57,"column":2},"end":{"line":59,"column":3}},"type":"if","locations":[{"start":{"line":57,"column":2},"end":{"line":59,"column":3}}]},"5":{"loc":{"start":{"line":57,"column":6},"end":{"line":57,"column":42}},"type":"binary-expr","locations":[{"start":{"line":57,"column":6},"end":{"line":57,"column":24}},{"start":{"line":57,"column":28},"end":{"line":57,"column":42}}]},"6":{"loc":{"start":{"line":60,"column":9},"end":{"line":60,"column":28}},"type":"binary-expr","locations":[{"start":{"line":60,"column":9},"end":{"line":60,"column":15}},{"start":{"line":60,"column":19},"end":{"line":60,"column":28}}]},"7":{"loc":{"start":{"line":81,"column":4},"end":{"line":85,"column":5}},"type":"if","locations":[{"start":{"line":81,"column":4},"end":{"line":85,"column":5}}]},"8":{"loc":{"start":{"line":82,"column":19},"end":{"line":82,"column":36}},"type":"binary-expr","locations":[{"start":{"line":82,"column":19},"end":{"line":82,"column":30}},{"start":{"line":82,"column":34},"end":{"line":82,"column":36}}]},"9":{"loc":{"start":{"line":83,"column":19},"end":{"line":83,"column":72}},"type":"cond-expr","locations":[{"start":{"line":83,"column":55},"end":{"line":83,"column":68}},{"start":{"line":83,"column":71},"end":{"line":83,"column":72}}]},"10":{"loc":{"start":{"line":103,"column":2},"end":{"line":110,"column":3}},"type":"if","locations":[{"start":{"line":103,"column":2},"end":{"line":110,"column":3}}]},"11":{"loc":{"start":{"line":124,"column":2},"end":{"line":134,"column":3}},"type":"if","locations":[{"start":{"line":124,"column":2},"end":{"line":134,"column":3}}]}},"s":{"0":2,"1":2,"2":2,"3":2,"4":2,"5":2,"6":0,"7":0,"8":0,"9":0,"10":0,"11":0,"12":0,"13":0,"14":0,"15":0,"16":0,"17":0,"18":0,"19":0,"20":0,"21":0,"22":0,"23":0,"24":0,"25":0,"26":0,"27":0,"28":0,"29":0,"30":0,"31":0,"32":0,"33":0,"34":0,"35":0,"36":0,"37":0,"38":0,"39":0,"40":0},"f":{"0":0,"1":0,"2":0,"3":0,"4":0,"5":0},"b":{"0":[2,2],"1":[0],"2":[0,0],"3":[0],"4":[0],"5":[0,0],"6":[0,0],"7":[0],"8":[0,0],"9":[0,0],"10":[0],"11":[0]}}
,"/Users/caglarilhan/psyclinicai/functions/src/lib/stripe.ts": {"path":"/Users/caglarilhan/psyclinicai/functions/src/lib/stripe.ts","statementMap":{"0":{"start":{"line":12,"column":0},"end":{"line":12,"column":16}},"1":{"start":{"line":31,"column":0},"end":{"line":31,"column":16}},"2":{"start":{"line":1,"column":0},"end":{"line":1,"column":28}},"3":{"start":{"line":3,"column":0},"end":{"line":3,"column":28}},"4":{"start":{"line":13,"column":2},"end":{"line":13,"column":30}},"5":{"start":{"line":13,"column":15},"end":{"line":13,"column":30}},"6":{"start":{"line":14,"column":2},"end":{"line":16,"column":5}},"7":{"start":{"line":17,"column":2},"end":{"line":17,"column":17}},"8":{"start":{"line":29,"column":41},"end":{"line":29,"column":44}},"9":{"start":{"line":35,"column":2},"end":{"line":40,"column":4}}},"fnMap":{"0":{"name":"stripeClient","decl":{"start":{"line":12,"column":16},"end":{"line":12,"column":28}},"loc":{"start":{"line":12,"column":28},"end":{"line":18,"column":1}}},"1":{"name":"verifyWebhook","decl":{"start":{"line":31,"column":16},"end":{"line":31,"column":29}},"loc":{"start":{"line":33,"column":19},"end":{"line":41,"column":1}}}},"branchMap":{"0":{"loc":{"start":{"line":13,"column":2},"end":{"line":13,"column":30}},"type":"if","locations":[{"start":{"line":13,"column":2},"end":{"line":13,"column":30}}]}},"s":{"0":1,"1":1,"2":1,"3":1,"4":0,"5":0,"6":0,"7":0,"8":1,"9":0},"f":{"0":0,"1":0},"b":{"0":[0]}}
,"/Users/caglarilhan/psyclinicai/functions/src/lib/webauthn_env.ts": {"path":"/Users/caglarilhan/psyclinicai/functions/src/lib/webauthn_env.ts","statementMap":{"0":{"start":{"line":37,"column":0},"end":{"line":37,"column":16}},"1":{"start":{"line":55,"column":0},"end":{"line":55,"column":16}},"2":{"start":{"line":15,"column":19},"end":{"line":15,"column":33}},"3":{"start":{"line":17,"column":25},"end":{"line":24,"column":2}},"4":{"start":{"line":28,"column":4},"end":{"line":28,"column":60}},"5":{"start":{"line":29,"column":15},"end":{"line":32,"column":32}},"6":{"start":{"line":31,"column":16},"end":{"line":31,"column":24}},"7":{"start":{"line":32,"column":19},"end":{"line":32,"column":31}},"8":{"start":{"line":33,"column":2},"end":{"line":33,"column":49}},"9":{"start":{"line":33,"column":25},"end":{"line":33,"column":49}},"10":{"start":{"line":34,"column":2},"end":{"line":34,"column":23}},"11":{"start":{"line":38,"column":18},"end":{"line":38,"column":65}},"12":{"start":{"line":39,"column":2},"end":{"line":41,"column":3}},"13":{"start":{"line":40,"column":4},"end":{"line":40,"column":23}},"14":{"start":{"line":42,"column":2},"end":{"line":51,"column":3}},"15":{"start":{"line":43,"column":14},"end":{"line":43,"column":29}},"16":{"start":{"line":45,"column":4},"end":{"line":48,"column":5}},"17":{"start":{"line":47,"column":6},"end":{"line":47,"column":24}},"18":{"start":{"line":52,"column":2},"end":{"line":52,"column":20}},"19":{"start":{"line":56,"column":18},"end":{"line":56,"column":65}},"20":{"start":{"line":57,"column":2},"end":{"line":57,"column":50}},"21":{"start":{"line":57,"column":36},"end":{"line":57,"column":50}},"22":{"start":{"line":58,"column":2},"end":{"line":58,"column":33}}},"fnMap":{"0":{"name":"allowedOrigins","decl":{"start":{"line":26,"column":9},"end":{"line":26,"column":23}},"loc":{"start":{"line":26,"column":23},"end":{"line":35,"column":1}}},"1":{"name":"(anonymous_1)","decl":{"start":{"line":31,"column":9},"end":{"line":31,"column":10}},"loc":{"start":{"line":31,"column":16},"end":{"line":31,"column":24}}},"2":{"name":"(anonymous_2)","decl":{"start":{"line":32,"column":12},"end":{"line":32,"column":13}},"loc":{"start":{"line":32,"column":19},"end":{"line":32,"column":31}}},"3":{"name":"rpIdFor","decl":{"start":{"line":37,"column":16},"end":{"line":37,"column":23}},"loc":{"start":{"line":37,"column":52},"end":{"line":53,"column":1}}},"4":{"name":"originFor","decl":{"start":{"line":55,"column":16},"end":{"line":55,"column":25}},"loc":{"start":{"line":55,"column":54},"end":{"line":59,"column":1}}}},"branchMap":{"0":{"loc":{"start":{"line":28,"column":4},"end":{"line":28,"column":60}},"type":"binary-expr","locations":[{"start":{"line":28,"column":4},"end":{"line":28,"column":31}},{"start":{"line":28,"column":35},"end":{"line":28,"column":54}},{"start":{"line":28,"column":58},"end":{"line":28,"column":60}}]},"1":{"loc":{"start":{"line":33,"column":2},"end":{"line":33,"column":49}},"type":"if","locations":[{"start":{"line":33,"column":2},"end":{"line":33,"column":49}}]},"2":{"loc":{"start":{"line":38,"column":18},"end":{"line":38,"column":65}},"type":"binary-expr","locations":[{"start":{"line":38,"column":18},"end":{"line":38,"column":59}},{"start":{"line":38,"column":63},"end":{"line":38,"column":65}}]},"3":{"loc":{"start":{"line":39,"column":2},"end":{"line":41,"column":3}},"type":"if","locations":[{"start":{"line":39,"column":2},"end":{"line":41,"column":3}}]},"4":{"loc":{"start":{"line":39,"column":6},"end":{"line":39,"column":78}},"type":"binary-expr","locations":[{"start":{"line":39,"column":6},"end":{"line":39,"column":40}},{"start":{"line":39,"column":44},"end":{"line":39,"column":78}}]},"5":{"loc":{"start":{"line":45,"column":4},"end":{"line":48,"column":5}},"type":"if","locations":[{"start":{"line":45,"column":4},"end":{"line":48,"column":5}}]},"6":{"loc":{"start":{"line":45,"column":8},"end":{"line":46,"column":45}},"type":"binary-expr","locations":[{"start":{"line":45,"column":8},"end":{"line":45,"column":33}},{"start":{"line":46,"column":8},"end":{"line":46,"column":45}}]},"7":{"loc":{"start":{"line":56,"column":18},"end":{"line":56,"column":65}},"type":"binary-expr","locations":[{"start":{"line":56,"column":18},"end":{"line":56,"column":59}},{"start":{"line":56,"column":63},"end":{"line":56,"column":65}}]},"8":{"loc":{"start":{"line":57,"column":2},"end":{"line":57,"column":50}},"type":"if","locations":[{"start":{"line":57,"column":2},"end":{"line":57,"column":50}}]}},"s":{"0":3,"1":3,"2":3,"3":3,"4":4,"5":4,"6":4,"7":4,"8":4,"9":4,"10":0,"11":8,"12":8,"13":2,"14":6,"15":6,"16":4,"17":3,"18":3,"19":4,"20":4,"21":2,"22":2},"f":{"0":4,"1":4,"2":4,"3":8,"4":4},"b":{"0":[4,4,4],"1":[4],"2":[8,1],"3":[2],"4":[8,7],"5":[3],"6":[4,3],"7":[4,1],"8":[2]}}
}
