TN:
SF:src/access_review_cron.ts
FN:29,isQuarterStart
FN:37,nextQuarterStart
FN:63,verifyAuditChainOrAbort
FN:72,(anonymous_12)
FN:104,snapshotRoster
FN:136,(anonymous_14)
FNF:6
FNH:2
FNDA:7,isQuarterStart
FNDA:3,nextQuarterStart
FNDA:0,verifyAuditChainOrAbort
FNDA:0,(anonymous_12)
FNDA:0,snapshotRoster
FNDA:0,(anonymous_14)
DA:16,2
DA:17,2
DA:19,2
DA:29,2
DA:30,7
DA:31,5
DA:37,2
DA:38,3
DA:39,3
DA:40,3
DA:41,3
DA:42,11
DA:43,2
DA:46,1
DA:49,2
DA:50,2
DA:51,2
DA:63,2
DA:67,0
DA:72,0
DA:73,0
DA:74,0
DA:88,0
DA:89,0
DA:90,0
DA:107,0
DA:108,0
DA:109,0
DA:112,0
DA:113,0
DA:117,0
DA:118,0
DA:119,0
DA:120,0
DA:121,0
DA:126,0
DA:127,0
DA:130,0
DA:133,2
DA:137,0
DA:138,0
DA:142,0
DA:143,0
DA:144,0
DA:145,0
DA:146,0
DA:155,0
DA:159,0
DA:162,0
DA:164,0
DA:175,0
DA:176,0
DA:189,0
DA:194,0
DA:198,0
LF:55
LH:19
BRDA:30,0,0,2
BRDA:42,1,0,2
BRDA:65,2,0,0
BRDA:75,3,0,0
BRDA:75,3,1,0
BRDA:76,4,0,0
BRDA:76,4,1,0
BRDA:77,5,0,0
BRDA:77,5,1,0
BRDA:78,6,0,0
BRDA:78,6,1,0
BRDA:79,7,0,0
BRDA:79,7,1,0
BRDA:80,8,0,0
BRDA:80,8,1,0
BRDA:81,9,0,0
BRDA:81,9,1,0
BRDA:82,10,0,0
BRDA:82,10,1,0
BRDA:83,11,0,0
BRDA:83,11,1,0
BRDA:84,12,0,0
BRDA:84,12,1,0
BRDA:85,13,0,0
BRDA:85,13,1,0
BRDA:89,14,0,0
BRDA:117,15,0,0
BRDA:119,16,0,0
BRDA:123,17,0,0
BRDA:123,17,1,0
BRDA:126,18,0,0
BRDA:126,18,1,0
BRDA:127,19,0,0
BRDA:143,20,0,0
BRF:34
BRH:2
end_of_record
TN:
SF:src/account_deletion_purge.ts
FN:44,isReadyToPurge
FN:136,pseudonymisePatient
FN:191,pseudonymiseSubcollection
FN:243,pseudonymiseNestedPath
FN:349,(anonymous_13)
FN:382,(anonymous_14)
FNF:6
FNH:1
FNDA:5,isReadyToPurge
FNDA:0,pseudonymisePatient
FNDA:0,pseudonymiseSubcollection
FNDA:0,pseudonymiseNestedPath
FNDA:0,(anonymous_13)
FNDA:0,(anonymous_14)
DA:34,2
DA:35,2
DA:37,2
DA:38,2
DA:44,2
DA:53,5
DA:54,4
DA:55,3
DA:66,2
DA:143,0
DA:144,0
DA:145,0
DA:147,0
DA:148,0
DA:152,0
DA:153,0
DA:154,0
DA:156,0
DA:157,0
DA:158,0
DA:164,0
DA:165,0
DA:167,0
DA:168,0
DA:170,0
DA:191,2
DA:203,0
DA:204,0
DA:206,0
DA:207,0
DA:209,0
DA:210,0
DA:211,0
DA:212,0
DA:213,0
DA:215,0
DA:216,0
DA:217,0
DA:223,0
DA:224,0
DA:227,0
DA:228,0
DA:229,0
DA:230,0
DA:231,0
DA:236,0
DA:237,0
DA:240,0
DA:249,0
DA:250,0
DA:252,0
DA:253,0
DA:254,0
DA:255,0
DA:256,0
DA:257,0
DA:258,0
DA:259,0
DA:265,0
DA:266,0
DA:267,0
DA:268,0
DA:270,0
DA:280,2
DA:346,2
DA:350,0
DA:351,0
DA:352,0
DA:356,0
DA:364,0
DA:365,0
DA:368,0
DA:371,0
DA:372,0
DA:373,0
DA:375,0
DA:376,0
DA:377,0
DA:380,0
DA:382,0
DA:389,0
DA:390,0
DA:391,0
DA:394,0
DA:397,0
DA:398,0
DA:400,0
DA:401,0
DA:402,0
DA:414,0
DA:415,0
DA:416,0
DA:417,0
DA:429,0
DA:430,0
DA:431,0
DA:441,0
DA:442,0
DA:444,0
DA:445,0
DA:452,0
DA:457,0
LF:102
LH:12
BRDA:53,0,0,1
BRDA:54,1,0,1
BRDA:152,2,0,0
BRDA:154,3,0,0
BRDA:167,4,0,0
BRDA:198,5,0,0
BRDA:203,6,0,0
BRDA:203,6,1,0
BRDA:211,7,0,0
BRDA:213,8,0,0
BRDA:227,9,0,0
BRDA:236,10,0,0
BRDA:254,11,0,0
BRDA:256,12,0,0
BRDA:267,13,0,0
BRDA:364,14,0,0
BRDA:380,15,0,0
BRDA:380,15,1,0
BRDA:382,16,0,0
BRDA:382,16,1,0
BRDA:389,17,0,0
BRF:21
BRH:2
end_of_record
TN:
SF:src/audit_retention_purge.ts
FN:34,sixYearsBefore
FN:44,pseudonymisePayload
FN:62,isExpired
FN:77,(anonymous_12)
FN:111,(anonymous_13)
FNF:5
FNH:3
FNDA:5,sixYearsBefore
FNDA:2,pseudonymisePayload
FNDA:3,isExpired
FNDA:0,(anonymous_12)
FNDA:0,(anonymous_13)
DA:21,2
DA:22,2
DA:24,2
DA:27,2
DA:34,2
DA:35,5
DA:36,5
DA:37,5
DA:44,2
DA:45,2
DA:62,2
DA:63,3
DA:74,2
DA:78,0
DA:79,0
DA:80,0
DA:84,0
DA:86,0
DA:87,0
DA:88,0
DA:89,0
DA:90,0
DA:93,0
DA:94,0
DA:99,0
DA:101,0
DA:102,0
DA:111,0
DA:112,0
DA:113,0
DA:128,0
DA:129,0
DA:130,0
DA:131,0
DA:138,0
DA:139,0
DA:140,0
DA:143,0
DA:144,0
DA:145,0
DA:146,0
DA:147,0
DA:148,0
DA:150,0
DA:151,0
DA:158,0
DA:159,0
DA:160,0
DA:163,0
DA:164,0
DA:170,0
DA:171,0
DA:178,0
DA:195,0
DA:203,0
LF:55
LH:13
BRDA:99,0,0,0
BRDA:102,1,0,0
BRDA:115,2,0,0
BRDA:115,2,1,0
BRDA:116,3,0,0
BRDA:116,3,1,0
BRDA:117,4,0,0
BRDA:117,4,1,0
BRDA:118,5,0,0
BRDA:118,5,1,0
BRDA:120,6,0,0
BRDA:120,6,1,0
BRDA:123,7,0,0
BRDA:123,7,1,0
BRDA:124,8,0,0
BRDA:124,8,1,0
BRDA:125,9,0,0
BRDA:125,9,1,0
BRDA:129,10,0,0
BRDA:138,11,0,0
BRDA:138,11,1,0
BRDA:139,12,0,0
BRDA:170,13,0,0
BRDA:170,13,1,0
BRDA:171,14,0,0
BRDA:190,15,0,0
BRDA:190,15,1,0
BRDA:190,16,0,0
BRDA:190,16,1,0
BRDA:190,16,2,0
BRF:30
BRH:0
end_of_record
TN:
SF:src/consent_withdrawal_audit.ts
FN:38,detectsWithdrawal
FN:57,buildWithdrawalAuditRow
FN:89,(anonymous_11)
FNF:3
FNH:2
FNDA:7,detectsWithdrawal
FNDA:3,buildWithdrawalAuditRow
FNDA:0,(anonymous_11)
DA:23,2
DA:24,2
DA:38,2
DA:42,7
DA:44,5
DA:45,5
DA:47,3
DA:50,3
DA:57,2
DA:63,3
DA:65,3
DA:67,3
DA:70,3
DA:86,2
DA:90,0
DA:91,0
DA:92,0
DA:94,0
DA:95,0
DA:100,0
DA:101,0
DA:105,0
DA:109,0
LF:23
LH:14
BRDA:42,0,0,2
BRDA:44,1,0,5
BRDA:44,1,1,5
BRDA:45,2,0,2
BRDA:47,3,0,3
BRDA:47,3,1,3
BRDA:47,3,2,2
BRDA:63,4,0,2
BRDA:63,4,1,1
BRDA:65,5,0,1
BRDA:65,5,1,2
BRDA:67,6,0,1
BRDA:67,6,1,2
BRDA:90,7,0,0
BRDA:90,7,1,0
BRDA:91,8,0,0
BRDA:91,8,1,0
BRDA:92,9,0,0
BRF:18
BRH:13
end_of_record
TN:
SF:src/deposit_handler.ts
FN:41,validateDepositAmount
FN:67,isValidPaymentIntentId
FN:71,isValidCustomerId
FN:80,canCaptureDeposit
FN:100,logStripeError
FN:111,(anonymous_14)
FN:176,(anonymous_15)
FNF:7
FNH:2
FNDA:7,validateDepositAmount
FNDA:0,isValidPaymentIntentId
FNDA:0,isValidCustomerId
FNDA:3,canCaptureDeposit
FNDA:0,logStripeError
FNDA:0,(anonymous_14)
FNDA:0,(anonymous_15)
DA:22,2
DA:24,2
DA:25,2
DA:30,2
DA:41,2
DA:45,7
DA:46,3
DA:48,4
DA:49,4
DA:50,4
DA:51,1
DA:53,3
DA:54,1
DA:56,2
DA:57,1
DA:59,1
DA:63,2
DA:65,2
DA:67,2
DA:68,0
DA:71,2
DA:72,0
DA:80,2
DA:85,3
DA:86,1
DA:89,2
DA:90,2
DA:91,1
DA:97,1
DA:101,0
DA:102,0
DA:111,2
DA:112,0
DA:113,0
DA:115,0
DA:116,0
DA:118,0
DA:119,0
DA:120,0
DA:121,0
DA:122,0
DA:123,0
DA:125,0
DA:126,0
DA:128,0
DA:129,0
DA:130,0
DA:133,0
DA:135,0
DA:136,0
DA:141,0
DA:145,0
DA:148,0
DA:162,0
DA:167,0
DA:168,0
DA:176,2
DA:177,0
DA:178,0
DA:180,0
DA:181,0
DA:183,0
DA:184,0
DA:185,0
DA:186,0
DA:188,0
DA:189,0
DA:192,0
DA:195,0
DA:198,0
DA:199,0
DA:203,0
DA:206,0
DA:209,0
DA:213,0
DA:218,0
DA:219,0
LF:77
LH:29
BRDA:45,0,0,3
BRDA:45,1,0,7
BRDA:45,1,1,6
BRDA:50,2,0,1
BRDA:53,3,0,1
BRDA:56,4,0,1
BRDA:83,5,0,3
BRDA:85,6,0,1
BRDA:90,7,0,1
BRDA:112,8,0,0
BRDA:113,9,0,0
BRDA:116,10,0,0
BRDA:118,11,0,0
BRDA:118,11,1,0
BRDA:119,12,0,0
BRDA:119,12,1,0
BRDA:120,13,0,0
BRDA:120,13,1,0
BRDA:121,14,0,0
BRDA:121,14,1,0
BRDA:122,15,0,0
BRDA:122,16,0,0
BRDA:122,16,1,0
BRDA:125,17,0,0
BRDA:129,18,0,0
BRDA:136,19,0,0
BRDA:137,20,0,0
BRDA:137,20,1,0
BRDA:177,21,0,0
BRDA:178,22,0,0
BRDA:181,23,0,0
BRDA:183,24,0,0
BRDA:183,24,1,0
BRDA:184,25,0,0
BRDA:184,25,1,0
BRDA:185,26,0,0
BRDA:185,27,0,0
BRDA:185,27,1,0
BRDA:188,28,0,0
BRDA:198,29,0,0
BRDA:198,30,0,0
BRDA:198,30,1,0
BRF:42
BRH:9
end_of_record
TN:
SF:src/dsar_export.ts
FN:107,buildDsarBundle
FN:159,(anonymous_10)
FN:163,(anonymous_11)
FN:198,(anonymous_12)
FNF:4
FNH:3
FNDA:6,buildDsarBundle
FNDA:1,(anonymous_10)
FNDA:1,(anonymous_11)
FNDA:0,(anonymous_12)
DA:56,2
DA:57,2
DA:59,2
DA:67,2
DA:81,2
DA:107,2
DA:112,6
DA:113,6
DA:116,6
DA:117,30
DA:120,30
DA:121,6
DA:123,30
DA:124,30
DA:125,30
DA:126,5
DA:127,5
DA:128,4
DA:130,30
DA:131,30
DA:135,6
DA:136,48
DA:137,48
DA:138,48
DA:140,48
DA:141,48
DA:142,48
DA:143,48
DA:144,48
DA:145,2
DA:146,2
DA:147,2
DA:148,2
DA:150,2
DA:151,1
DA:152,1
DA:153,1
DA:154,1
DA:158,1
DA:159,1
DA:163,1
DA:164,1
DA:165,1
DA:171,1
DA:172,1
DA:175,2
DA:177,2
DA:178,0
DA:180,48
DA:181,48
DA:184,6
DA:196,2
DA:199,0
DA:200,0
DA:201,0
DA:204,0
DA:205,0
DA:207,0
DA:210,0
DA:211,0
DA:214,0
DA:215,0
DA:216,0
DA:220,0
DA:231,0
DA:233,0
DA:238,0
LF:67
LH:51
BRDA:120,0,0,6
BRDA:127,1,0,1
BRDA:130,2,0,4
BRDA:142,3,0,0
BRDA:144,4,0,46
BRDA:147,5,0,0
BRDA:150,6,0,1
BRDA:164,7,0,1
BRDA:171,8,0,1
BRDA:177,9,0,2
BRDA:180,10,0,2
BRDA:199,11,0,0
BRDA:200,12,0,0
BRDA:205,13,0,0
BRDA:208,14,0,0
BRDA:208,14,1,0
BRDA:210,15,0,0
BRF:17
BRH:9
end_of_record
TN:
SF:src/ehr_bridge.ts
FN:47,endpointById
FN:48,(anonymous_1)
FN:60,buildPromObservation
FN:102,buildSessionNoteDocRef
FN:151,outboxIdempotencyKey
FN:199,buildPatientResource
FN:251,buildEncounterResource
FN:310,backoffSchedule
FN:326,retryWithBackoff
FN:329,(anonymous_9)
FN:330,(anonymous_10)
FNF:11
FNH:9
FNDA:2,endpointById
FNDA:4,(anonymous_1)
FNDA:2,buildPromObservation
FNDA:1,buildSessionNoteDocRef
FNDA:4,outboxIdempotencyKey
FNDA:3,buildPatientResource
FNDA:3,buildEncounterResource
FNDA:3,backoffSchedule
FNDA:2,retryWithBackoff
FNDA:0,(anonymous_9)
FNDA:0,(anonymous_10)
DA:18,4
DA:47,4
DA:48,4
DA:55,4
DA:60,4
DA:67,2
DA:102,4
DA:111,1
DA:151,4
DA:157,4
DA:199,4
DA:202,3
DA:245,4
DA:251,4
DA:254,3
DA:310,4
DA:311,3
DA:312,3
DA:313,3
DA:314,12
DA:315,12
DA:317,3
DA:326,4
DA:330,0
DA:332,2
DA:334,2
DA:335,5
DA:336,5
DA:337,2
DA:339,3
DA:341,4
DA:343,1
LF:32
LH:31
BRDA:48,0,0,2
BRDA:48,0,1,1
BRDA:138,1,0,1
BRDA:138,1,1,0
BRDA:219,2,0,3
BRDA:219,2,1,3
BRDA:221,3,0,1
BRDA:221,3,1,2
BRDA:262,4,0,1
BRDA:262,4,1,2
BRDA:276,5,0,1
BRDA:276,5,1,2
BRDA:278,6,0,1
BRDA:278,6,1,2
BRDA:286,7,0,1
BRDA:286,7,1,0
BRDA:329,8,0,0
BRDA:337,9,0,1
BRDA:341,10,0,3
BRF:19
BRH:16
end_of_record
TN:
SF:src/ehr_observation_handler.ts
FN:51,validatePromCompletion
FN:93,postObservation
FN:112,(anonymous_11)
FN:180,(anonymous_12)
FNF:4
FNH:2
FNDA:17,validatePromCompletion
FNDA:2,postObservation
FNDA:0,(anonymous_11)
FNDA:0,(anonymous_12)
DA:23,3
DA:24,3
DA:25,3
DA:26,3
DA:51,3
DA:58,17
DA:59,3
DA:61,14
DA:62,14
DA:72,14
DA:73,84
DA:74,8
DA:77,6
DA:78,1
DA:80,5
DA:81,3
DA:83,2
DA:84,1
DA:86,1
DA:93,3
DA:98,2
DA:106,2
DA:109,3
DA:113,0
DA:114,0
DA:115,0
DA:116,0
DA:117,0
DA:119,0
DA:120,0
DA:121,0
DA:122,0
DA:124,0
DA:125,0
DA:126,0
DA:127,0
DA:128,0
DA:131,0
DA:139,0
DA:146,0
DA:147,0
DA:156,0
DA:157,0
DA:158,0
DA:159,0
DA:162,0
DA:179,0
DA:180,0
DA:184,0
DA:194,0
DA:195,0
DA:197,0
LF:52
LH:23
BRDA:58,0,0,3
BRDA:58,1,0,17
BRDA:58,1,1,15
BRDA:73,2,0,8
BRDA:73,3,0,84
BRDA:73,3,1,76
BRDA:73,3,2,76
BRDA:77,4,0,1
BRDA:77,5,0,6
BRDA:77,5,1,1
BRDA:80,6,0,3
BRDA:80,7,0,5
BRDA:80,7,1,4
BRDA:80,7,2,3
BRDA:83,8,0,1
BRDA:96,9,0,0
BRDA:106,10,0,2
BRDA:106,10,1,2
BRDA:113,11,0,0
BRDA:115,12,0,0
BRDA:120,13,0,0
BRDA:126,14,0,0
BRDA:157,15,0,0
BRDA:157,16,0,0
BRDA:157,16,1,0
BRDA:157,17,0,0
BRDA:157,17,1,0
BRDA:186,18,0,0
BRDA:186,18,1,0
BRDA:189,19,0,0
BRDA:189,19,1,0
BRDA:194,20,0,0
BRDA:194,20,1,0
BRDA:201,21,0,0
BRDA:201,21,1,0
BRF:35
BRH:17
end_of_record
TN:
SF:src/ehr_outbox_reconciler.ts
FN:44,decideAction
FN:62,(anonymous_10)
FN:110,(anonymous_11)
FNF:3
FNH:1
FNDA:8,decideAction
FNDA:0,(anonymous_10)
FNDA:0,(anonymous_11)
DA:18,2
DA:19,2
DA:20,2
DA:24,2
DA:26,2
DA:44,2
DA:49,8
DA:50,6
DA:51,6
DA:52,5
DA:53,5
DA:54,3
DA:57,2
DA:63,0
DA:64,0
DA:65,0
DA:66,0
DA:67,0
DA:69,0
DA:70,0
DA:76,0
DA:77,0
DA:78,0
DA:80,0
DA:82,0
DA:83,0
DA:87,0
DA:98,0
DA:99,0
DA:103,0
DA:106,0
DA:107,0
DA:109,0
DA:111,0
DA:115,0
DA:116,0
DA:126,0
DA:128,0
DA:137,0
DA:142,0
DA:148,0
LF:41
LH:13
BRDA:47,0,0,6
BRDA:49,1,0,2
BRDA:50,2,0,6
BRDA:50,2,1,1
BRDA:51,3,0,1
BRDA:53,4,0,2
BRDA:77,5,0,0
BRDA:77,5,1,0
BRDA:80,6,0,0
BRDA:82,7,0,0
BRDA:93,8,0,0
BRDA:93,8,1,0
BRDA:94,9,0,0
BRDA:94,9,1,0
BRDA:95,10,0,0
BRDA:95,10,1,0
BRDA:106,11,0,0
BRDA:106,11,1,0
BRDA:107,12,0,0
BRDA:107,13,0,0
BRDA:107,13,1,0
BRDA:115,14,0,0
BRDA:115,14,1,0
BRDA:119,15,0,0
BRDA:119,15,1,0
BRDA:130,16,0,0
BRDA:130,16,1,0
BRDA:133,17,0,0
BRDA:133,17,1,0
BRF:29
BRH:6
end_of_record
TN:
SF:src/escalation_soft_lock_cleanup.ts
FN:27,shouldMarkStale
FN:52,(anonymous_10)
FNF:2
FNH:1
FNDA:4,shouldMarkStale
FNDA:0,(anonymous_10)
DA:17,2
DA:18,2
DA:20,2
DA:21,2
DA:27,2
DA:35,4
DA:36,3
DA:39,1
DA:41,2
DA:49,2
DA:53,0
DA:54,0
DA:55,0
DA:57,0
DA:64,0
DA:65,0
DA:68,0
DA:71,0
DA:72,0
DA:73,0
DA:75,0
DA:76,0
DA:79,0
DA:80,0
DA:84,0
DA:87,0
DA:88,0
DA:90,0
DA:91,0
DA:92,0
DA:97,0
DA:98,0
DA:111,0
DA:116,0
DA:120,0
LF:35
LH:10
BRDA:35,0,0,1
BRDA:36,1,0,1
BRDA:64,2,0,0
BRDA:79,3,0,0
BRDA:106,4,0,0
BRDA:106,4,1,0
BRF:6
BRH:2
end_of_record
TN:
SF:src/founders_email.ts
FN:26,plain
FN:42,sendToFounders
FN:92,(anonymous_11)
FNF:3
FNH:0
FNDA:0,plain
FNDA:0,sendToFounders
FNDA:0,(anonymous_11)
DA:15,1
DA:27,0
DA:43,0
DA:45,0
DA:46,0
DA:47,0
DA:48,0
DA:49,0
DA:52,0
DA:53,0
DA:56,0
DA:60,0
DA:61,0
DA:68,0
DA:70,0
DA:71,0
DA:73,0
DA:74,0
DA:83,0
DA:89,1
DA:93,0
LF:21
LH:2
BRDA:30,0,0,0
BRDA:30,0,1,0
BRDA:31,1,0,0
BRDA:31,1,1,0
BRDA:32,2,0,0
BRDA:32,2,1,0
BRDA:33,3,0,0
BRDA:33,3,1,0
BRDA:34,4,0,0
BRDA:34,4,1,0
BRDA:35,5,0,0
BRDA:35,5,1,0
BRDA:43,6,0,0
BRDA:43,6,1,0
BRDA:45,7,0,0
BRDA:45,7,1,0
BRDA:46,8,0,0
BRDA:46,8,1,0
BRDA:47,9,0,0
BRDA:52,10,0,0
BRDA:52,10,1,0
BRDA:60,11,0,0
BRDA:60,11,1,0
BRDA:62,12,0,0
BRDA:62,12,1,0
BRDA:63,13,0,0
BRDA:63,13,1,0
BRDA:64,14,0,0
BRDA:64,14,1,0
BRDA:65,15,0,0
BRDA:65,15,1,0
BRDA:66,16,0,0
BRDA:66,16,1,0
BRDA:70,17,0,0
BRDA:70,17,1,0
BRDA:93,18,0,0
BRDA:93,18,1,0
BRF:37
BRH:0
end_of_record
TN:
SF:src/healthcheck.ts
FN:20,errorCodeOf
FN:29,pingFirestore
FN:50,pingAuth
FN:72,(anonymous_12)
FN:96,(anonymous_13)
FN:98,(anonymous_14)
FN:99,(anonymous_15)
FNF:7
FNH:0
FNDA:0,errorCodeOf
FNDA:0,pingFirestore
FNDA:0,pingAuth
FNDA:0,(anonymous_12)
FNDA:0,(anonymous_13)
FNDA:0,(anonymous_14)
FNDA:0,(anonymous_15)
DA:6,1
DA:7,1
DA:10,1
DA:11,1
DA:21,0
DA:22,0
DA:23,0
DA:24,0
DA:26,0
DA:30,0
DA:31,0
DA:32,0
DA:33,0
DA:39,0
DA:40,0
DA:41,0
DA:51,0
DA:52,0
DA:53,0
DA:54,0
DA:60,0
DA:61,0
DA:62,0
DA:71,1
DA:75,0
DA:76,0
DA:77,0
DA:78,0
DA:83,0
DA:84,0
DA:85,0
DA:86,0
DA:87,0
DA:91,0
DA:93,0
DA:94,0
DA:96,0
DA:98,0
DA:99,0
DA:100,0
DA:105,0
DA:106,0
LF:42
LH:5
BRDA:10,0,0,1
BRDA:10,0,1,1
BRDA:10,0,2,1
BRDA:21,1,0,0
BRDA:21,2,0,0
BRDA:21,2,1,0
BRDA:21,2,2,0
BRDA:23,3,0,0
BRDA:24,4,0,0
BRDA:75,5,0,0
BRDA:75,5,1,0
BRDA:76,6,0,0
BRDA:76,6,1,0
BRDA:78,7,0,0
BRDA:85,8,0,0
BRDA:85,9,0,0
BRDA:85,9,1,0
BRDA:98,10,0,0
BRDA:98,10,1,0
BRDA:100,11,0,0
BRDA:100,11,1,0
BRDA:102,12,0,0
BRDA:102,12,1,0
BRDA:108,13,0,0
BRDA:108,13,1,0
BRF:25
BRH:3
end_of_record
TN:
SF:src/index.ts
FN:32,(anonymous_9)
FN:33,(anonymous_10)
FN:36,(anonymous_11)
FN:39,(anonymous_12)
FN:40,(anonymous_13)
FN:40,(anonymous_14)
FN:43,(anonymous_15)
FN:45,(anonymous_16)
FN:46,(anonymous_17)
FN:50,(anonymous_18)
FN:53,(anonymous_19)
FN:56,(anonymous_20)
FN:60,(anonymous_21)
FN:61,(anonymous_22)
FN:64,(anonymous_23)
FN:65,(anonymous_24)
FN:72,(anonymous_25)
FN:73,(anonymous_26)
FN:80,(anonymous_27)
FN:81,(anonymous_28)
FN:85,(anonymous_29)
FN:90,(anonymous_30)
FN:95,(anonymous_31)
FN:99,(anonymous_32)
FN:103,(anonymous_33)
FN:108,(anonymous_34)
FN:113,(anonymous_35)
FN:119,(anonymous_36)
FN:133,priceByTier
FN:141,tierByPrice
FN:143,(anonymous_39)
FN:145,(anonymous_40)
FN:177,(anonymous_41)
FN:275,(anonymous_42)
FN:305,(anonymous_43)
FN:327,(anonymous_44)
FN:392,resolveUidByEmail
FNF:37
FNH:1
FNDA:0,(anonymous_9)
FNDA:0,(anonymous_10)
FNDA:0,(anonymous_11)
FNDA:0,(anonymous_12)
FNDA:0,(anonymous_13)
FNDA:0,(anonymous_14)
FNDA:0,(anonymous_15)
FNDA:0,(anonymous_16)
FNDA:0,(anonymous_17)
FNDA:0,(anonymous_18)
FNDA:0,(anonymous_19)
FNDA:0,(anonymous_20)
FNDA:0,(anonymous_21)
FNDA:0,(anonymous_22)
FNDA:0,(anonymous_23)
FNDA:0,(anonymous_24)
FNDA:0,(anonymous_25)
FNDA:0,(anonymous_26)
FNDA:0,(anonymous_27)
FNDA:0,(anonymous_28)
FNDA:0,(anonymous_29)
FNDA:0,(anonymous_30)
FNDA:0,(anonymous_31)
FNDA:0,(anonymous_32)
FNDA:0,(anonymous_33)
FNDA:0,(anonymous_34)
FNDA:0,(anonymous_35)
FNDA:0,(anonymous_36)
FNDA:0,priceByTier
FNDA:0,tierByPrice
FNDA:0,(anonymous_39)
FNDA:0,(anonymous_40)
FNDA:0,(anonymous_41)
FNDA:0,(anonymous_42)
FNDA:0,(anonymous_43)
FNDA:0,(anonymous_44)
FNDA:4,resolveUidByEmail
DA:26,1
DA:27,1
DA:29,1
DA:32,1
DA:33,1
DA:36,1
DA:39,1
DA:40,1
DA:43,1
DA:44,1
DA:45,1
DA:46,1
DA:50,1
DA:53,1
DA:56,1
DA:59,1
DA:60,1
DA:61,1
DA:63,1
DA:64,1
DA:65,1
DA:71,1
DA:72,1
DA:73,1
DA:79,1
DA:80,1
DA:81,1
DA:85,1
DA:90,1
DA:95,1
DA:99,1
DA:103,1
DA:108,1
DA:113,1
DA:119,1
DA:121,1
DA:122,1
DA:123,1
DA:124,1
DA:125,1
DA:127,1
DA:134,0
DA:142,0
DA:143,0
DA:145,0
DA:169,1
DA:175,1
DA:177,1
DA:178,0
DA:179,0
DA:181,0
DA:182,0
DA:184,0
DA:185,0
DA:186,0
DA:191,0
DA:192,0
DA:193,0
DA:197,0
DA:203,0
DA:204,0
DA:206,0
DA:210,0
DA:211,0
DA:216,0
DA:220,0
DA:221,0
DA:222,0
DA:227,0
DA:228,0
DA:232,0
DA:241,0
DA:242,0
DA:243,0
DA:250,0
DA:251,0
DA:260,0
DA:261,0
DA:266,0
DA:269,0
DA:274,1
DA:276,0
DA:277,0
DA:279,0
DA:280,0
DA:281,0
DA:282,0
DA:284,0
DA:285,0
DA:292,0
DA:294,0
DA:295,0
DA:299,0
DA:305,1
DA:306,0
DA:308,0
DA:309,0
DA:314,0
DA:317,0
DA:326,0
DA:327,0
DA:328,0
DA:329,0
DA:330,0
DA:335,0
DA:337,0
DA:338,0
DA:339,0
DA:342,0
DA:347,0
DA:348,0
DA:350,0
DA:351,0
DA:352,0
DA:354,0
DA:364,0
DA:365,0
DA:366,0
DA:377,0
DA:383,0
DA:392,1
DA:395,4
DA:396,4
DA:397,1
DA:403,3
DA:405,3
DA:406,1
LF:127
LH:53
BRDA:178,0,0,0
BRDA:179,1,0,0
BRDA:182,2,0,0
BRDA:185,3,0,0
BRDA:185,4,0,0
BRDA:185,4,1,0
BRDA:191,5,0,0
BRDA:191,5,1,0
BRDA:192,6,0,0
BRDA:192,7,0,0
BRDA:192,7,1,0
BRDA:210,8,0,0
BRDA:221,9,0,0
BRDA:227,10,0,0
BRDA:242,11,0,0
BRDA:276,12,0,0
BRDA:277,13,0,0
BRDA:279,14,0,0
BRDA:279,14,1,0
BRDA:282,15,0,0
BRDA:329,16,0,0
BRDA:337,17,0,0
BRDA:342,18,0,0
BRDA:343,19,0,0
BRDA:343,19,1,0
BRDA:343,19,2,0
BRDA:350,20,0,0
BRDA:350,20,1,0
BRDA:351,21,0,0
BRDA:351,21,1,0
BRDA:352,22,0,0
BRDA:352,22,1,0
BRDA:354,23,0,0
BRDA:365,24,0,0
BRDA:365,24,1,0
BRDA:403,25,0,3
BRDA:403,25,1,1
BRDA:405,26,0,2
BRF:38
BRH:3
end_of_record
TN:
SF:src/llm_proxy.ts
FN:64,monthKey
FN:70,hourBucket
FN:78,secondsToNextHour
FN:98,reserveHourlyQuota
FN:107,(anonymous_13)
FN:144,reserveMonthlyCeiling
FN:153,(anonymous_15)
FN:180,(anonymous_16)
FN:346,(anonymous_17)
FN:349,(anonymous_18)
FNF:10
FNH:8
FNDA:6,monthKey
FNDA:9,hourBucket
FNDA:10,secondsToNextHour
FNDA:7,reserveHourlyQuota
FNDA:7,(anonymous_13)
FNDA:6,reserveMonthlyCeiling
FNDA:6,(anonymous_15)
FNDA:3,(anonymous_16)
FNDA:0,(anonymous_17)
FNDA:0,(anonymous_18)
DA:29,3
DA:30,3
DA:32,3
DA:33,3
DA:34,3
DA:35,3
DA:55,3
DA:61,3
DA:62,3
DA:65,6
DA:66,6
DA:67,6
DA:70,3
DA:71,9
DA:72,9
DA:73,9
DA:74,9
DA:75,9
DA:78,3
DA:80,10
DA:83,10
DA:98,3
DA:104,7
DA:105,7
DA:106,7
DA:107,7
DA:108,7
DA:109,7
DA:110,7
DA:111,2
DA:113,5
DA:123,5
DA:144,3
DA:151,6
DA:152,6
DA:153,6
DA:154,6
DA:155,6
DA:156,6
DA:157,2
DA:159,4
DA:170,4
DA:177,3
DA:181,3
DA:182,3
DA:183,3
DA:184,0
DA:185,0
DA:189,3
DA:190,3
DA:191,3
DA:194,0
DA:197,0
DA:198,0
DA:201,3
DA:209,3
DA:210,3
DA:211,2
DA:212,2
DA:213,2
DA:217,2
DA:221,2
DA:226,1
DA:228,1
DA:229,0
DA:234,0
DA:235,0
DA:238,1
DA:239,1
DA:240,0
DA:241,0
DA:245,1
DA:248,1
DA:254,1
DA:255,0
DA:256,0
DA:262,0
DA:265,1
DA:271,1
DA:278,1
DA:279,0
DA:284,0
DA:287,1
DA:288,1
DA:289,0
DA:290,0
DA:295,1
DA:300,1
DA:301,1
DA:318,0
DA:321,0
DA:322,0
DA:325,1
DA:326,1
DA:327,1
DA:331,1
DA:336,1
DA:339,0
DA:341,0
DA:343,0
DA:346,0
DA:347,0
DA:348,0
DA:349,0
DA:356,0
DA:367,0
LF:106
LH:77
BRDA:109,0,0,7
BRDA:109,0,1,0
BRDA:109,1,0,5
BRDA:109,1,1,2
BRDA:110,2,0,2
BRDA:155,3,0,6
BRDA:155,3,1,0
BRDA:155,4,0,5
BRDA:155,4,1,1
BRDA:156,5,0,2
BRDA:181,6,0,0
BRDA:183,7,0,0
BRDA:191,8,0,0
BRDA:191,9,0,3
BRDA:191,9,1,3
BRDA:191,9,2,3
BRDA:191,9,3,3
BRDA:210,10,0,2
BRDA:212,11,0,2
BRDA:226,12,0,1
BRDA:226,12,1,1
BRDA:227,13,0,0
BRDA:227,13,1,1
BRDA:228,14,0,0
BRDA:239,15,0,0
BRDA:246,16,0,1
BRDA:246,16,1,0
BRDA:254,17,0,0
BRDA:266,18,0,1
BRDA:266,18,1,0
BRDA:278,19,0,0
BRDA:288,20,0,0
BRDA:295,21,0,0
BRDA:295,21,1,1
BRDA:310,22,0,1
BRDA:310,22,1,1
BRDA:311,23,0,1
BRDA:311,23,1,1
BRDA:312,24,0,0
BRDA:312,24,1,1
BRDA:314,25,0,0
BRDA:314,25,1,1
BRDA:325,26,0,1
BRDA:341,27,0,0
BRDA:341,27,1,0
BRDA:343,28,0,0
BRDA:343,28,1,0
BRDA:347,29,0,0
BRDA:347,29,1,0
BRDA:360,30,0,0
BRDA:360,30,1,0
BRDA:361,31,0,0
BRDA:361,31,1,0
BRDA:370,32,0,0
BRDA:370,32,1,0
BRDA:371,33,0,0
BRDA:371,33,1,0
BRDA:373,34,0,0
BRDA:373,34,1,0
BRF:59
BRH:27
end_of_record
TN:
SF:src/passkey_authenticate.ts
FN:33,hashCredentialId
FN:47,isCloningEvidence
FN:71,setAssertionVerifier
FN:75,challengeBase64Url
FN:93,(anonymous_13)
FN:108,(anonymous_14)
FN:109,(anonymous_15)
FN:110,(anonymous_16)
FN:145,(anonymous_17)
FN:185,(anonymous_18)
FN:294,(anonymous_19)
FNF:11
FNH:2
FNDA:4,hashCredentialId
FNDA:7,isCloningEvidence
FNDA:0,setAssertionVerifier
FNDA:0,challengeBase64Url
FNDA:0,(anonymous_13)
FNDA:0,(anonymous_14)
FNDA:0,(anonymous_15)
FNDA:0,(anonymous_16)
FNDA:0,(anonymous_17)
FNDA:0,(anonymous_18)
FNDA:0,(anonymous_19)
DA:13,2
DA:14,2
DA:15,2
DA:16,2
DA:17,2
DA:18,2
DA:22,2
DA:33,2
DA:34,4
DA:47,2
DA:51,7
DA:52,5
DA:53,2
DA:55,3
DA:69,2
DA:71,2
DA:72,0
DA:76,0
DA:78,0
DA:84,0
DA:85,0
DA:92,2
DA:94,0
DA:97,0
DA:98,0
DA:99,0
DA:100,0
DA:101,0
DA:103,0
DA:107,0
DA:108,0
DA:109,0
DA:110,0
DA:117,0
DA:118,0
DA:119,0
DA:121,0
DA:122,0
DA:125,0
DA:134,0
DA:144,2
DA:146,0
DA:147,0
DA:148,0
DA:149,0
DA:150,0
DA:151,0
DA:153,0
DA:154,0
DA:155,0
DA:158,0
DA:162,0
DA:163,0
DA:164,0
DA:165,0
DA:167,0
DA:170,0
DA:184,0
DA:185,0
DA:186,0
DA:187,0
DA:188,0
DA:190,0
DA:191,0
DA:196,0
DA:197,0
DA:199,0
DA:201,0
DA:202,0
DA:204,0
DA:205,0
DA:206,0
DA:208,0
DA:209,0
DA:214,0
DA:216,0
DA:217,0
DA:221,0
DA:222,0
DA:230,0
DA:234,0
DA:239,0
DA:240,0
DA:241,0
DA:243,0
DA:245,0
DA:246,0
DA:254,0
DA:255,0
DA:256,0
DA:259,0
DA:260,0
DA:261,0
DA:267,0
DA:270,0
DA:271,0
DA:273,0
DA:277,0
DA:284,0
DA:288,0
DA:294,0
DA:295,0
LF:102
LH:18
BRDA:51,0,0,2
BRDA:52,1,0,2
BRDA:52,2,0,5
BRDA:52,2,1,3
BRDA:78,3,0,0
BRDA:78,3,1,0
BRDA:94,4,0,0
BRDA:97,5,0,0
BRDA:99,6,0,0
BRDA:113,7,0,0
BRDA:113,7,1,0
BRDA:117,8,0,0
BRDA:146,9,0,0
BRDA:147,10,0,0
BRDA:149,11,0,0
BRDA:153,12,0,0
BRDA:158,13,0,0
BRDA:158,13,1,0
BRDA:162,14,0,0
BRDA:162,14,1,0
BRDA:163,15,0,0
BRDA:187,16,0,0
BRDA:191,17,0,0
BRDA:192,18,0,0
BRDA:192,18,1,0
BRDA:192,18,2,0
BRDA:199,19,0,0
BRDA:205,20,0,0
BRDA:209,21,0,0
BRDA:210,22,0,0
BRDA:210,22,1,0
BRDA:210,22,2,0
BRDA:216,23,0,0
BRDA:239,24,0,0
BRDA:254,25,0,0
BRDA:260,26,0,0
BRF:36
BRH:4
end_of_record
TN:
SF:src/passkey_register.ts
FN:43,setAttestationVerifier
FN:47,challengeBase64Url
FN:65,(anonymous_11)
FN:112,(anonymous_12)
FN:143,(anonymous_13)
FN:214,(anonymous_14)
FNF:6
FNH:0
FNDA:0,setAttestationVerifier
FNDA:0,challengeBase64Url
FNDA:0,(anonymous_11)
FNDA:0,(anonymous_12)
FNDA:0,(anonymous_13)
FNDA:0,(anonymous_14)
DA:20,1
DA:21,1
DA:22,1
DA:23,1
DA:40,1
DA:43,1
DA:44,0
DA:48,0
DA:50,0
DA:56,0
DA:57,0
DA:64,1
DA:66,0
DA:67,0
DA:68,0
DA:69,0
DA:70,0
DA:72,0
DA:75,0
DA:76,0
DA:77,0
DA:79,0
DA:80,0
DA:83,0
DA:93,0
DA:111,1
DA:113,0
DA:114,0
DA:115,0
DA:116,0
DA:117,0
DA:119,0
DA:120,0
DA:121,0
DA:124,0
DA:131,0
DA:140,0
DA:141,0
DA:144,0
DA:145,0
DA:146,0
DA:148,0
DA:149,0
DA:155,0
DA:156,0
DA:158,0
DA:160,0
DA:161,0
DA:164,0
DA:165,0
DA:172,0
DA:173,0
DA:174,0
DA:176,0
DA:179,0
DA:180,0
DA:186,0
DA:187,0
DA:188,0
DA:190,0
DA:202,0
DA:204,0
DA:208,0
DA:214,0
DA:215,0
LF:65
LH:8
BRDA:50,0,0,0
BRDA:50,0,1,0
BRDA:66,1,0,0
BRDA:68,2,0,0
BRDA:73,3,0,0
BRDA:73,3,1,0
BRDA:75,4,0,0
BRDA:75,5,0,0
BRDA:75,5,1,0
BRDA:113,6,0,0
BRDA:115,7,0,0
BRDA:119,8,0,0
BRDA:124,9,0,0
BRDA:124,9,1,0
BRDA:145,10,0,0
BRDA:149,11,0,0
BRDA:150,12,0,0
BRDA:150,12,1,0
BRDA:150,12,2,0
BRDA:150,12,3,0
BRDA:158,13,0,0
BRDA:172,14,0,0
BRDA:186,15,0,0
BRDA:198,16,0,0
BRDA:198,16,1,0
BRDA:199,17,0,0
BRDA:199,17,1,0
BRF:27
BRH:0
end_of_record
TN:
SF:src/rag_proxy.ts
FN:195,(anonymous_9)
FN:48,extractOp
FN:49,(anonymous_11)
FN:59,verifyCaller
FN:89,(anonymous_13)
FN:173,writeAudit
FNF:6
FNH:5
FNDA:0,(anonymous_9)
FNDA:16,extractOp
FNDA:36,(anonymous_11)
FNDA:4,verifyCaller
FNDA:4,(anonymous_13)
FNDA:4,writeAudit
DA:26,3
DA:27,3
DA:29,3
DA:30,3
DA:31,3
DA:35,3
DA:48,3
DA:49,36
DA:50,16
DA:62,4
DA:63,4
DA:64,4
DA:66,4
DA:67,4
DA:69,0
DA:70,0
DA:72,4
DA:75,4
DA:76,0
DA:77,0
DA:79,4
DA:86,3
DA:90,4
DA:92,4
DA:93,4
DA:94,0
DA:95,0
DA:98,4
DA:99,4
DA:100,0
DA:101,0
DA:111,4
DA:112,3
DA:113,3
DA:114,2
DA:119,2
DA:120,2
DA:125,2
DA:126,2
DA:130,2
DA:135,2
DA:136,2
DA:138,2
DA:139,2
DA:140,2
DA:143,2
DA:144,2
DA:154,0
DA:158,0
DA:159,0
DA:160,0
DA:163,2
DA:164,2
DA:165,2
DA:167,2
DA:168,2
DA:170,2
DA:179,4
DA:180,4
DA:189,0
DA:195,3
LF:61
LH:48
BRDA:49,0,0,16
BRDA:49,0,1,2
BRDA:50,1,0,10
BRDA:50,1,1,6
BRDA:62,2,0,4
BRDA:62,2,1,0
BRDA:64,3,0,0
BRDA:72,4,0,4
BRDA:72,4,1,0
BRDA:75,5,0,0
BRDA:75,6,0,4
BRDA:75,6,1,4
BRDA:90,7,0,0
BRDA:93,8,0,0
BRDA:99,9,0,0
BRDA:111,10,0,3
BRDA:113,11,0,2
BRDA:119,12,0,2
BRDA:139,13,0,2
BRDA:139,13,1,1
BRDA:145,14,0,1
BRDA:145,14,1,1
BRDA:151,15,0,1
BRDA:151,15,1,1
BRDA:151,16,0,1
BRDA:151,16,1,0
BRDA:169,17,0,2
BRDA:169,17,1,0
BRF:28
BRH:19
end_of_record
TN:
SF:src/setTenantClaim.ts
FN:38,isValidTenantId
FN:50,applyClaim
FN:87,(anonymous_11)
FN:111,(anonymous_12)
FN:146,(anonymous_13)
FNF:5
FNH:4
FNDA:18,isValidTenantId
FNDA:1,applyClaim
FNDA:0,(anonymous_11)
FNDA:9,(anonymous_12)
FNDA:9,(anonymous_13)
DA:16,2
DA:17,2
DA:24,2
DA:36,2
DA:38,2
DA:39,18
DA:55,1
DA:56,1
DA:57,1
DA:58,1
DA:59,1
DA:60,1
DA:61,1
DA:71,1
DA:86,2
DA:88,0
DA:89,0
DA:90,0
DA:96,0
DA:100,0
DA:110,2
DA:112,9
DA:113,1
DA:118,8
DA:119,8
DA:120,1
DA:125,7
DA:126,7
DA:127,7
DA:128,2
DA:135,5
DA:136,1
DA:145,4
DA:146,9
DA:147,3
DA:152,3
DA:157,1
DA:158,1
DA:163,1
LF:39
LH:34
BRDA:56,0,0,1
BRDA:56,0,1,0
BRDA:57,1,0,1
BRDA:57,1,1,0
BRDA:112,2,0,1
BRDA:118,3,0,8
BRDA:118,3,1,0
BRDA:119,4,0,1
BRDA:125,5,0,7
BRDA:125,5,1,0
BRDA:126,6,0,7
BRDA:126,6,1,0
BRDA:127,7,0,2
BRDA:127,8,0,7
BRDA:127,8,1,6
BRDA:135,9,0,1
BRDA:135,10,0,5
BRDA:135,10,1,5
BRDA:146,11,0,3
BRF:19
BRH:14
end_of_record
TN:
SF:src/slack_notify.ts
FN:23,summarise
FN:32,postToSlack
FN:51,(anonymous_11)
FNF:3
FNH:0
FNDA:0,summarise
FNDA:0,postToSlack
FNDA:0,(anonymous_11)
DA:13,1
DA:24,0
DA:25,0
DA:26,0
DA:27,0
DA:28,0
DA:29,0
DA:33,0
DA:34,0
DA:35,0
DA:36,0
DA:42,0
DA:48,1
DA:52,0
LF:14
LH:2
BRDA:24,0,0,0
BRDA:24,0,1,0
BRDA:25,1,0,0
BRDA:25,1,1,0
BRDA:26,2,0,0
BRDA:26,2,1,0
BRDA:27,3,0,0
BRDA:27,3,1,0
BRDA:28,4,0,0
BRDA:28,4,1,0
BRDA:33,5,0,0
BRDA:33,5,1,0
BRDA:34,6,0,0
BRDA:52,7,0,0
BRDA:52,7,1,0
BRF:15
BRH:0
end_of_record
TN:
SF:src/stripe_connect.ts
FN:29,(anonymous_9)
FN:99,(anonymous_10)
FN:168,(anonymous_11)
FNF:3
FNH:0
FNDA:0,(anonymous_9)
FNDA:0,(anonymous_10)
FNDA:0,(anonymous_11)
DA:13,1
DA:14,1
DA:16,1
DA:17,1
DA:18,1
DA:28,1
DA:30,0
DA:31,0
DA:32,0
DA:33,0
DA:34,0
DA:38,0
DA:39,0
DA:40,0
DA:43,0
DA:46,0
DA:47,0
DA:50,0
DA:51,0
DA:52,0
DA:57,0
DA:58,0
DA:62,0
DA:63,0
DA:72,0
DA:73,0
DA:87,0
DA:94,0
DA:98,1
DA:100,0
DA:101,0
DA:102,0
DA:103,0
DA:104,0
DA:105,0
DA:109,0
DA:110,0
DA:116,0
DA:119,0
DA:120,0
DA:123,0
DA:124,0
DA:125,0
DA:128,0
DA:138,0
DA:139,0
DA:140,0
DA:141,0
DA:144,0
DA:148,0
DA:157,0
DA:161,0
DA:168,0
DA:169,0
DA:170,0
DA:171,0
DA:173,0
DA:179,0
DA:192,0
DA:195,0
DA:196,0
DA:200,0
LF:62
LH:7
BRDA:30,0,0,0
BRDA:32,1,0,0
BRDA:40,2,0,0
BRDA:40,3,0,0
BRDA:40,3,1,0
BRDA:40,3,2,0
BRDA:40,3,3,0
BRDA:58,4,0,0
BRDA:58,4,1,0
BRDA:62,5,0,0
BRDA:65,6,0,0
BRDA:65,6,1,0
BRDA:103,7,0,0
BRDA:103,8,0,0
BRDA:103,8,1,0
BRDA:123,9,0,0
BRDA:139,10,0,0
BRDA:145,11,0,0
BRDA:145,11,1,0
BRDA:146,12,0,0
BRDA:146,12,1,0
BRDA:148,13,0,0
BRDA:148,13,1,0
BRDA:148,14,0,0
BRDA:148,14,1,0
BRDA:150,15,0,0
BRDA:150,15,1,0
BRDA:170,16,0,0
BRDA:186,17,0,0
BRDA:186,17,1,0
BRDA:187,18,0,0
BRDA:187,18,1,0
BRDA:195,19,0,0
BRF:33
BRH:0
end_of_record
TN:
SF:src/stripe_customer_portal.ts
FN:27,isAllowedReturnUrl
FN:50,(anonymous_10)
FNF:2
FNH:1
FNDA:11,isAllowedReturnUrl
FNDA:0,(anonymous_10)
DA:13,2
DA:14,2
DA:15,2
DA:16,2
DA:27,2
DA:28,11
DA:29,9
DA:30,9
DA:31,8
DA:37,8
DA:38,5
DA:39,1
DA:41,4
DA:43,1
DA:47,2
DA:51,0
DA:52,0
DA:53,0
DA:54,0
DA:55,0
DA:57,0
DA:58,0
DA:59,0
DA:60,0
DA:61,0
DA:64,0
DA:65,0
DA:70,0
DA:72,0
DA:73,0
DA:74,0
DA:77,0
DA:78,0
DA:79,0
DA:83,0
DA:85,0
DA:88,0
LF:37
LH:15
BRDA:28,0,0,2
BRDA:37,1,0,3
BRDA:38,2,0,1
BRDA:38,3,0,5
BRDA:38,3,1,2
BRDA:51,4,0,0
BRDA:53,5,0,0
BRDA:57,6,0,0
BRDA:57,6,1,0
BRDA:58,7,0,0
BRDA:58,7,1,0
BRDA:59,8,0,0
BRDA:70,9,0,0
BRDA:70,9,1,0
BRDA:70,10,0,0
BRDA:70,10,1,0
BRDA:71,11,0,0
BRDA:71,11,1,0
BRDA:72,12,0,0
BRDA:72,13,0,0
BRDA:72,13,1,0
BRF:21
BRH:5
end_of_record
TN:
SF:src/stripe_subscription.ts
FN:27,classifyTransition
FN:56,buildSubscriptionRecord
FN:78,(anonymous_11)
FN:116,(anonymous_12)
FNF:4
FNH:2
FNDA:7,classifyTransition
FNDA:3,buildSubscriptionRecord
FNDA:0,(anonymous_11)
FNDA:0,(anonymous_12)
DA:22,2
DA:23,2
DA:24,2
DA:27,2
DA:31,7
DA:32,4
DA:33,3
DA:34,2
DA:56,2
DA:60,3
DA:61,3
DA:75,2
DA:79,0
DA:80,0
DA:81,0
DA:82,0
DA:83,0
DA:84,0
DA:87,0
DA:88,0
DA:94,0
DA:97,0
DA:98,0
DA:101,0
DA:106,0
DA:107,0
DA:108,0
DA:111,0
DA:116,0
DA:117,0
DA:118,0
DA:120,0
DA:126,0
DA:127,0
DA:137,0
DA:138,0
DA:139,0
DA:157,0
DA:160,0
DA:162,0
DA:164,0
DA:168,0
DA:169,0
DA:171,0
DA:181,0
DA:184,0
LF:46
LH:12
BRDA:31,0,0,3
BRDA:32,1,0,1
BRDA:32,2,0,4
BRDA:32,2,1,1
BRDA:33,3,0,1
BRDA:33,4,0,3
BRDA:33,4,1,2
BRDA:65,5,0,3
BRDA:65,5,1,2
BRDA:66,6,0,3
BRDA:66,6,1,2
BRDA:67,7,0,3
BRDA:67,7,1,2
BRDA:68,8,0,3
BRDA:68,8,1,2
BRDA:69,9,0,3
BRDA:69,9,1,2
BRDA:70,10,0,3
BRDA:70,10,1,2
BRDA:81,11,0,0
BRDA:81,11,1,0
BRDA:82,12,0,0
BRDA:82,13,0,0
BRDA:82,13,1,0
BRDA:106,14,0,0
BRDA:118,15,0,0
BRDA:126,16,0,0
BRDA:137,17,0,0
BRDA:137,17,1,0
BRDA:137,17,2,0
BRDA:138,18,0,0
BRDA:148,19,0,0
BRDA:148,19,1,0
BRDA:149,20,0,0
BRDA:149,20,1,0
BRDA:150,21,0,0
BRDA:150,21,1,0
BRDA:162,22,0,0
BRDA:162,22,1,0
BRDA:168,23,0,0
BRDA:168,23,1,0
BRDA:169,24,0,0
BRF:42
BRH:19
end_of_record
TN:
SF:src/telehealth_room.ts
FN:41,deriveRoomName
FN:42,(anonymous_10)
FN:50,computeTokenExpiry
FN:66,withinScheduleHorizon
FN:76,checkRateLimit
FN:79,(anonymous_14)
FN:85,(anonymous_15)
FN:95,(anonymous_16)
FNF:8
FNH:3
FNDA:4,deriveRoomName
FNDA:8,(anonymous_10)
FNDA:2,computeTokenExpiry
FNDA:0,withinScheduleHorizon
FNDA:0,checkRateLimit
FNDA:0,(anonymous_14)
FNDA:0,(anonymous_15)
FNDA:0,(anonymous_16)
DA:23,2
DA:24,2
DA:26,2
DA:27,2
DA:29,2
DA:30,2
DA:31,2
DA:32,2
DA:33,2
DA:41,2
DA:42,4
DA:43,8
DA:44,4
DA:45,4
DA:46,4
DA:50,2
DA:54,2
DA:55,2
DA:66,2
DA:67,0
DA:68,0
DA:77,0
DA:78,0
DA:79,0
DA:80,0
DA:81,0
DA:83,0
DA:85,0
DA:86,0
DA:87,0
DA:89,0
DA:90,0
DA:91,0
DA:95,2
DA:96,0
DA:97,0
DA:99,0
DA:100,0
DA:102,0
DA:103,0
DA:104,0
DA:105,0
DA:106,0
DA:109,0
DA:110,0
DA:111,0
DA:113,0
DA:114,0
DA:117,0
DA:118,0
DA:119,0
DA:122,0
DA:123,0
DA:125,0
DA:126,0
DA:142,0
DA:143,0
DA:146,0
DA:149,0
DA:165,0
DA:166,0
DA:169,0
DA:171,0
DA:173,0
DA:178,0
DA:179,0
DA:180,0
DA:183,0
DA:189,0
DA:192,0
LF:70
LH:20
BRDA:68,0,0,0
BRDA:68,0,1,0
BRDA:83,1,0,0
BRDA:83,1,1,0
BRDA:83,2,0,0
BRDA:83,2,1,0
BRDA:86,3,0,0
BRDA:96,4,0,0
BRDA:97,5,0,0
BRDA:100,6,0,0
BRDA:102,7,0,0
BRDA:102,7,1,0
BRDA:103,8,0,0
BRDA:103,8,1,0
BRDA:104,9,0,0
BRDA:104,9,1,0
BRDA:105,10,0,0
BRDA:105,11,0,0
BRDA:105,11,1,0
BRDA:105,11,2,0
BRDA:110,12,0,0
BRDA:113,13,0,0
BRDA:118,14,0,0
BRDA:142,15,0,0
BRDA:142,16,0,0
BRDA:142,16,1,0
BRDA:165,17,0,0
BRDA:173,18,0,0
BRDA:173,18,1,0
BRDA:173,19,0,0
BRDA:173,19,1,0
BRDA:173,19,2,0
BRDA:178,20,0,0
BRF:33
BRH:0
end_of_record
TN:
SF:src/waitlist_email.ts
FN:37,sendWelcome
FN:77,(anonymous_10)
FN:104,(anonymous_11)
FNF:3
FNH:0
FNDA:0,sendWelcome
FNDA:0,(anonymous_10)
FNDA:0,(anonymous_11)
DA:18,1
DA:19,1
DA:41,0
DA:42,0
DA:44,0
DA:45,0
DA:46,0
DA:48,0
DA:60,0
DA:68,0
DA:74,1
DA:78,0
DA:79,0
DA:80,0
DA:81,0
DA:82,0
DA:84,0
DA:89,0
DA:101,1
DA:105,0
DA:106,0
DA:107,0
DA:108,0
DA:109,0
DA:111,0
DA:119,0
LF:26
LH:4
BRDA:41,0,0,0
BRDA:41,0,1,0
BRDA:42,1,0,0
BRDA:42,1,1,0
BRDA:44,2,0,0
BRDA:44,2,1,0
BRDA:45,3,0,0
BRDA:45,4,0,0
BRDA:45,4,1,0
BRDA:78,5,0,0
BRDA:78,5,1,0
BRDA:79,6,0,0
BRDA:79,6,1,0
BRDA:80,7,0,0
BRDA:105,8,0,0
BRDA:105,8,1,0
BRDA:106,9,0,0
BRDA:106,9,1,0
BRDA:107,10,0,0
BRDA:114,11,0,0
BRDA:114,11,1,0
BRDA:115,12,0,0
BRDA:115,12,1,0
BRDA:116,13,0,0
BRDA:116,13,1,0
BRF:25
BRH:0
end_of_record
TN:
SF:src/lib/audit_chain.ts
FN:41,canonicalise
FN:43,(anonymous_1)
FN:63,computeChainHash
FN:86,verifyChainSlice
FNF:4
FNH:4
FNDA:17,canonicalise
FNDA:170,(anonymous_1)
FNDA:13,computeChainHash
FNDA:4,verifyChainSlice
DA:14,4
DA:32,4
DA:41,4
DA:42,17
DA:43,17
DA:44,170
DA:45,119
DA:47,17
DA:48,17
DA:49,17
DA:50,17
DA:51,17
DA:52,17
DA:53,17
DA:54,17
DA:55,17
DA:56,17
DA:57,17
DA:58,119
DA:59,17
DA:63,4
DA:64,13
DA:65,13
DA:86,4
DA:90,4
DA:91,4
DA:92,4
DA:93,7
DA:94,7
DA:95,7
DA:96,1
DA:98,6
DA:99,6
DA:100,2
DA:107,4
DA:108,4
DA:110,2
LF:37
LH:37
BRDA:44,0,0,51
BRDA:44,1,0,170
BRDA:44,1,1,169
BRDA:88,2,0,4
BRDA:95,3,0,1
BRDA:99,4,0,2
BRF:6
BRH:6
end_of_record
TN:
SF:src/lib/auth.ts
FN:11,authorizeUid
FN:33,authorizeClinicianUid
FN:60,applyCors
FNF:3
FNH:0
FNDA:0,authorizeUid
FNDA:0,authorizeClinicianUid
FNDA:0,applyCors
DA:1,7
DA:2,7
DA:4,7
DA:11,7
DA:15,0
DA:16,0
DA:17,0
DA:18,0
DA:19,0
DA:20,0
DA:22,0
DA:23,0
DA:33,7
DA:37,0
DA:38,0
DA:39,0
DA:40,0
DA:41,0
DA:42,0
DA:43,0
DA:46,0
DA:48,0
DA:50,0
DA:51,0
DA:60,7
DA:64,0
DA:65,0
DA:66,0
DA:67,0
DA:68,0
DA:70,0
DA:71,0
DA:72,0
DA:73,0
DA:74,0
DA:75,0
DA:77,0
LF:37
LH:6
BRDA:15,0,0,0
BRDA:15,0,1,0
BRDA:17,1,0,0
BRDA:37,2,0,0
BRDA:37,2,1,0
BRDA:39,3,0,0
BRDA:42,4,0,0
BRDA:66,5,0,0
BRDA:73,6,0,0
BRF:9
BRH:0
end_of_record
TN:
SF:src/lib/consent_gate.ts
FN:41,checkAiConsent
FN:91,extractPatientId
FNF:2
FNH:2
FNDA:6,checkAiConsent
FNDA:14,extractPatientId
DA:34,6
DA:41,6
DA:46,6
DA:47,6
DA:48,2
DA:61,4
DA:69,4
DA:70,1
DA:73,3
DA:74,3
DA:75,3
DA:76,1
DA:78,2
DA:79,1
DA:81,1
DA:91,6
DA:92,14
DA:93,13
DA:94,13
DA:100,13
DA:101,27
DA:103,5
LF:22
LH:22
BRDA:46,0,0,6
BRDA:46,0,1,1
BRDA:47,1,0,2
BRDA:69,2,0,1
BRDA:75,3,0,1
BRDA:75,4,0,3
BRDA:75,4,1,3
BRDA:78,5,0,1
BRDA:92,6,0,1
BRDA:92,7,0,14
BRDA:92,7,1,13
BRDA:97,8,0,13
BRDA:97,8,1,1
BRDA:97,8,2,1
BRDA:101,9,0,8
BRDA:101,10,0,27
BRDA:101,10,1,10
BRF:17
BRH:17
end_of_record
TN:
SF:src/lib/env.ts
FN:9,read
FN:27,(anonymous_1)
FN:39,resolveCorsOrigin
FN:46,(anonymous_3)
FN:47,(anonymous_4)
FNF:5
FNH:2
FNDA:7,read
FNDA:7,(anonymous_1)
FNDA:0,resolveCorsOrigin
FNDA:0,(anonymous_3)
FNDA:0,(anonymous_4)
DA:10,7
DA:11,7
DA:12,0
DA:16,7
DA:24,9
DA:28,7
DA:39,9
DA:43,0
DA:44,0
DA:46,0
DA:47,0
DA:48,0
DA:49,0
DA:50,0
LF:14
LH:6
BRDA:11,0,0,0
BRDA:43,1,0,0
BRDA:43,1,1,0
BRDA:43,1,2,0
BRDA:48,2,0,0
BRDA:49,3,0,0
BRDA:50,4,0,0
BRDA:50,4,1,0
BRF:8
BRH:0
end_of_record
TN:
SF:src/lib/llm_provider.ts
FN:51,(anonymous_9)
FN:83,(anonymous_10)
FN:85,(anonymous_11)
FN:89,(anonymous_12)
FN:132,(anonymous_13)
FN:167,(anonymous_14)
FN:174,(anonymous_15)
FN:178,(anonymous_16)
FN:253,invokeWithFallback
FNF:9
FNH:9
FNDA:7,(anonymous_9)
FNDA:4,(anonymous_10)
FNDA:1,(anonymous_11)
FNDA:4,(anonymous_12)
FNDA:1,(anonymous_13)
FNDA:4,(anonymous_14)
FNDA:4,(anonymous_15)
FNDA:1,(anonymous_16)
FNDA:5,invokeWithFallback
DA:20,1
DA:50,1
DA:52,7
DA:54,7
DA:56,7
DA:57,7
DA:80,1
DA:81,4
DA:83,4
DA:86,1
DA:90,4
DA:91,1
DA:96,3
DA:98,3
DA:99,3
DA:115,0
DA:120,3
DA:121,1
DA:122,1
DA:128,2
DA:129,2
DA:132,2
DA:133,2
DA:134,2
DA:135,1
DA:140,1
DA:144,1
DA:164,1
DA:165,4
DA:168,4
DA:169,4
DA:170,4
DA:171,4
DA:175,4
DA:179,1
DA:180,0
DA:186,1
DA:188,1
DA:189,1
DA:190,1
DA:191,1
DA:195,1
DA:196,1
DA:209,0
DA:214,1
DA:215,0
DA:216,0
DA:222,1
DA:226,1
DA:227,1
DA:228,0
DA:233,1
DA:253,1
DA:257,5
DA:258,0
DA:264,5
DA:265,5
DA:266,9
DA:267,3
DA:270,3
DA:272,6
DA:273,6
DA:274,3
DA:275,1
DA:280,3
DA:282,3
DA:285,3
DA:286,3
DA:293,2
LF:69
LH:62
BRDA:90,0,0,1
BRDA:96,1,0,3
BRDA:96,1,1,3
BRDA:108,2,0,3
BRDA:108,2,1,3
BRDA:109,3,0,3
BRDA:109,3,1,3
BRDA:110,4,0,0
BRDA:110,4,1,3
BRDA:120,5,0,1
BRDA:123,6,0,1
BRDA:123,6,1,0
BRDA:129,7,0,2
BRDA:129,7,1,0
BRDA:133,8,0,2
BRDA:133,8,1,1
BRDA:134,9,0,1
BRDA:140,10,0,1
BRDA:140,10,1,0
BRDA:171,11,0,4
BRDA:175,12,0,4
BRDA:175,12,1,3
BRDA:175,12,2,2
BRDA:179,13,0,0
BRDA:189,14,0,1
BRDA:204,15,0,1
BRDA:204,15,1,1
BRDA:205,16,0,1
BRDA:205,16,1,1
BRDA:214,17,0,0
BRDA:217,18,0,0
BRDA:217,18,1,0
BRDA:226,19,0,1
BRDA:226,19,1,0
BRDA:227,20,0,0
BRDA:257,21,0,0
BRDA:266,22,0,3
BRDA:274,23,0,1
BRDA:282,24,0,3
BRDA:282,24,1,0
BRDA:293,25,0,2
BRDA:293,25,1,1
BRF:42
BRH:30
end_of_record
TN:
SF:src/lib/llm_safety.ts
FN:100,detectJailbreak
FN:108,isJailbreakAttempt
FN:118,fenceSystemPrompt
FN:136,stripFence
FN:148,escapeRe
FNF:5
FNH:5
FNDA:23,detectJailbreak
FNDA:13,isJailbreakAttempt
FNDA:1,fenceSystemPrompt
FNDA:3,stripFence
FNDA:6,escapeRe
DA:23,4
DA:25,4
DA:40,4
DA:100,4
DA:101,23
DA:102,21
DA:103,402
DA:105,5
DA:108,4
DA:109,13
DA:118,4
DA:119,1
DA:136,4
DA:137,3
DA:138,3
DA:142,3
DA:143,3
DA:144,3
DA:145,3
DA:149,6
LF:20
LH:20
BRDA:101,0,0,2
BRDA:103,1,0,16
BRDA:137,2,0,0
BRF:3
BRH:2
end_of_record
TN:
SF:src/lib/phi_scrub.ts
FN:55,scrubOne
FN:60,(anonymous_1)
FN:66,(anonymous_2)
FN:80,scrubPhiInPayload
FN:87,walk
FN:109,(anonymous_5)
FNF:6
FNH:6
FNDA:12,scrubOne
FNDA:12,(anonymous_1)
FNDA:10,(anonymous_2)
FNDA:3,scrubPhiInPayload
FNDA:24,walk
FNDA:3,(anonymous_5)
DA:29,2
DA:30,2
DA:31,2
DA:32,2
DA:33,2
DA:34,2
DA:35,2
DA:36,2
DA:44,2
DA:56,12
DA:57,12
DA:58,12
DA:59,96
DA:60,96
DA:61,12
DA:62,12
DA:64,96
DA:66,12
DA:67,12
DA:80,2
DA:85,3
DA:88,24
DA:89,9
DA:90,9
DA:91,3
DA:93,9
DA:95,15
DA:96,3
DA:98,12
DA:99,7
DA:100,7
DA:101,17
DA:103,7
DA:105,5
DA:108,3
DA:109,3
DA:110,3
DA:117,2
LF:38
LH:38
BRDA:64,0,0,10
BRDA:64,1,0,10
BRDA:64,1,1,10
BRDA:88,2,0,9
BRDA:91,3,0,3
BRDA:91,3,1,3
BRDA:95,4,0,3
BRDA:98,5,0,7
BRDA:98,6,0,12
BRDA:98,6,1,10
BRF:10
BRH:10
end_of_record
TN:
SF:src/lib/rate_limit.ts
FN:40,hashIp
FN:48,extractIp
FN:54,(anonymous_11)
FN:63,consumeRequest
FN:78,(anonymous_13)
FN:118,enforceOrReply
FNF:6
FNH:0
FNDA:0,hashIp
FNDA:0,extractIp
FNDA:0,(anonymous_11)
FNDA:0,consumeRequest
FNDA:0,(anonymous_13)
FNDA:0,enforceOrReply
DA:11,2
DA:12,2
DA:13,2
DA:16,2
DA:41,0
DA:52,0
DA:53,0
DA:54,0
DA:55,0
DA:57,0
DA:58,0
DA:60,0
DA:63,2
DA:67,0
DA:68,0
DA:69,0
DA:70,0
DA:71,0
DA:72,0
DA:73,0
DA:78,0
DA:79,0
DA:80,0
DA:81,0
DA:82,0
DA:83,0
DA:84,0
DA:86,0
DA:99,0
DA:102,0
DA:103,0
DA:104,0
DA:111,0
DA:118,2
DA:123,0
DA:124,0
DA:125,0
DA:133,0
DA:135,0
LF:39
LH:6
BRDA:16,0,0,2
BRDA:16,0,1,2
BRDA:53,1,0,0
BRDA:53,2,0,0
BRDA:53,2,1,0
BRDA:55,3,0,0
BRDA:57,4,0,0
BRDA:57,5,0,0
BRDA:57,5,1,0
BRDA:60,6,0,0
BRDA:60,6,1,0
BRDA:81,7,0,0
BRDA:82,8,0,0
BRDA:82,8,1,0
BRDA:83,9,0,0
BRDA:83,9,1,0
BRDA:103,10,0,0
BRDA:124,11,0,0
BRF:18
BRH:2
end_of_record
TN:
SF:src/lib/stripe.ts
FN:12,stripeClient
FN:31,verifyWebhook
FNF:2
FNH:0
FNDA:0,stripeClient
FNDA:0,verifyWebhook
DA:1,1
DA:3,1
DA:12,1
DA:13,0
DA:14,0
DA:17,0
DA:29,1
DA:31,1
DA:35,0
LF:9
LH:5
BRDA:13,0,0,0
BRF:1
BRH:0
end_of_record
TN:
SF:src/lib/webauthn_env.ts
FN:26,allowedOrigins
FN:31,(anonymous_1)
FN:32,(anonymous_2)
FN:37,rpIdFor
FN:55,originFor
FNF:5
FNH:5
FNDA:4,allowedOrigins
FNDA:4,(anonymous_1)
FNDA:4,(anonymous_2)
FNDA:8,rpIdFor
FNDA:4,originFor
DA:15,3
DA:17,3
DA:28,4
DA:29,4
DA:31,4
DA:32,4
DA:33,4
DA:34,0
DA:37,3
DA:38,8
DA:39,8
DA:40,2
DA:42,6
DA:43,6
DA:45,4
DA:47,3
DA:52,3
DA:55,3
DA:56,4
DA:57,4
DA:58,2
LF:21
LH:20
BRDA:28,0,0,4
BRDA:28,0,1,4
BRDA:28,0,2,4
BRDA:33,1,0,4
BRDA:38,2,0,8
BRDA:38,2,1,1
BRDA:39,3,0,2
BRDA:39,4,0,8
BRDA:39,4,1,7
BRDA:45,5,0,3
BRDA:45,6,0,4
BRDA:45,6,1,3
BRDA:56,7,0,4
BRDA:56,7,1,1
BRDA:57,8,0,2
BRF:15
BRH:15
end_of_record
