SF:lib/models/denial_risk.dart
DA:11,0
DA:12,0
DA:13,0
DA:14,0
DA:15,0
DA:16,0
DA:17,0
DA:20,1
DA:21,1
DA:22,1
DA:23,1
DA:24,1
DA:25,1
DA:26,0
DA:33,0
DA:34,0
DA:35,0
DA:36,0
DA:42,1
DA:68,1
DA:89,3
LF:21
LH:9
end_of_record
SF:lib/services/billing/denial_shield_service.dart
DA:17,1
DA:56,1
DA:57,1
DA:59,1
DA:61,1
DA:62,1
DA:64,1
DA:65,1
DA:68,1
DA:75,2
DA:76,1
DA:77,2
DA:78,1
DA:80,1
DA:81,1
DA:84,1
DA:85,1
DA:86,1
DA:87,1
DA:89,1
DA:90,1
DA:91,1
DA:94,1
DA:102,2
DA:103,1
DA:123,2
DA:124,0
DA:125,0
DA:129,0
DA:138,1
DA:139,3
DA:141,3
DA:142,1
DA:143,1
DA:144,1
DA:148,3
DA:150,1
DA:154,1
DA:160,1
DA:164,1
DA:165,1
DA:167,1
DA:168,0
DA:169,0
DA:171,0
DA:181,1
DA:182,1
DA:183,1
DA:185,1
DA:196,0
DA:197,0
DA:199,0
DA:209,0
DA:210,0
DA:212,0
DA:222,0
DA:223,0
DA:225,0
DA:230,0
DA:231,0
DA:232,0
DA:234,0
DA:239,0
DA:240,0
DA:243,0
DA:255,1
DA:256,1
DA:259,1
DA:260,2
DA:263,1
DA:264,2
DA:265,1
DA:268,1
DA:270,2
DA:273,1
LF:75
LH:53
end_of_record
SF:lib/services/copilot/compliance_check_service.dart
DA:27,1
DA:32,1
DA:33,1
DA:46,3
DA:47,1
DA:50,1
DA:51,1
DA:52,1
DA:56,1
DA:59,1
DA:60,1
DA:69,1
DA:72,1
DA:73,1
DA:82,1
DA:85,1
DA:86,1
DA:93,1
DA:96,1
DA:97,1
DA:106,1
DA:109,1
DA:110,1
DA:119,1
DA:122,1
DA:123,1
DA:124,1
DA:133,1
DA:136,1
DA:137,1
DA:148,1
DA:154,1
DA:155,2
DA:156,4
DA:159,2
DA:162,1
DA:163,1
DA:164,1
DA:165,1
DA:167,2
DA:173,1
DA:174,4
DA:176,1
DA:179,1
DA:180,1
DA:181,1
DA:187,1
DA:191,0
DA:197,0
DA:201,0
DA:219,0
DA:220,0
DA:221,0
DA:222,0
DA:223,0
DA:224,0
DA:225,0
DA:226,0
DA:228,0
DA:232,0
DA:233,0
DA:235,0
DA:238,0
DA:247,0
DA:248,0
DA:249,0
DA:250,0
DA:252,0
DA:253,0
DA:254,0
DA:255,0
DA:256,0
DA:257,0
DA:264,0
DA:266,0
DA:267,0
DA:268,0
DA:270,0
DA:271,0
DA:272,0
DA:274,0
DA:275,0
DA:276,0
DA:277,0
DA:278,0
DA:279,0
DA:280,0
DA:281,0
DA:284,0
DA:285,0
DA:286,0
DA:289,0
DA:296,0
DA:297,0
DA:298,0
DA:302,3
DA:306,1
DA:323,2
DA:336,2
DA:341,0
DA:342,7
DA:343,1
DA:344,6
DA:347,1
DA:348,2
DA:349,3
DA:350,1
DA:351,1
DA:352,1
DA:353,1
DA:354,1
DA:357,3
DA:358,4
LF:113
LH:64
end_of_record
SF:lib/config/build_config.dart
DA:17,0
DA:46,0
DA:47,0
DA:50,4
DA:53,1
DA:54,1
DA:58,0
LF:7
LH:3
end_of_record
SF:lib/services/billing/cpt_lookup_service.dart
DA:10,2
DA:11,6
DA:117,2
DA:119,1
DA:120,5
DA:122,2
DA:123,4
DA:124,4
DA:130,1
DA:131,1
DA:132,2
DA:133,2
DA:134,1
DA:141,0
DA:142,0
DA:143,0
DA:144,0
DA:145,0
DA:150,1
DA:166,0
DA:167,0
LF:21
LH:14
end_of_record
SF:lib/services/copilot/api_key_storage.dart
DA:20,6
DA:21,18
DA:34,0
DA:36,0
DA:38,0
DA:41,0
DA:43,0
DA:46,0
DA:48,0
DA:51,0
DA:53,0
DA:56,0
DA:58,0
DA:61,0
DA:63,0
DA:66,0
DA:67,0
DA:74,1
DA:75,0
LF:19
LH:3
end_of_record
SF:lib/services/copilot/copilot_endpoint.dart
DA:19,0
DA:25,2
DA:28,2
DA:29,1
DA:40,0
DA:42,0
DA:59,0
DA:63,0
DA:65,0
DA:66,0
DA:67,0
DA:68,0
DA:76,0
DA:77,0
DA:79,0
LF:15
LH:3
end_of_record
SF:lib/models/clinical_decision_support.dart
DA:44,2
DA:89,4
DA:91,2
DA:92,2
DA:93,6
DA:94,4
DA:95,2
DA:96,2
DA:97,2
DA:98,2
DA:101,6
DA:103,2
DA:104,6
DA:107,2
DA:108,2
DA:110,2
DA:111,2
DA:112,8
DA:120,4
DA:122,1
LF:20
LH:20
end_of_record
SF:lib/models/crisis_resource.dart
DA:25,1
DA:67,0
LF:2
LH:1
end_of_record
SF:lib/services/assessments/phq9_item9_router.dart
DA:50,1
DA:68,0
DA:74,2
DA:75,4
DA:76,2
DA:84,2
DA:94,2
LF:7
LH:6
end_of_record
SF:lib/services/assessments/risk_escalation_chain.dart
DA:14,2
DA:30,1
DA:31,3
DA:33,6
DA:39,2
DA:40,2
DA:41,1
DA:46,2
DA:47,4
DA:48,8
DA:49,2
DA:50,2
DA:51,3
DA:60,4
DA:61,4
DA:62,2
DA:63,5
DA:64,2
DA:65,4
DA:71,2
DA:72,2
DA:73,2
DA:74,2
DA:75,2
DA:76,8
DA:81,2
DA:82,2
DA:83,2
DA:85,1
DA:87,1
DA:89,1
DA:91,1
DA:96,2
DA:97,1
DA:98,1
DA:99,3
DA:100,1
DA:101,3
DA:102,3
DA:103,6
DA:104,2
DA:106,2
DA:107,3
DA:128,2
DA:140,0
DA:141,0
DA:142,0
DA:143,0
DA:144,0
LF:49
LH:44
end_of_record
SF:lib/widgets/risk_escalation_modal.dart
DA:16,1
DA:35,0
DA:44,0
DA:49,0
DA:50,0
DA:51,0
DA:58,0
DA:64,1
DA:65,3
DA:67,1
DA:69,1
DA:70,1
DA:71,1
DA:72,1
DA:73,3
DA:75,1
DA:82,1
DA:85,1
DA:86,1
DA:89,1
DA:90,1
DA:91,1
DA:92,1
DA:94,1
DA:95,2
DA:96,1
DA:97,1
DA:99,1
DA:100,1
DA:103,2
DA:108,1
DA:109,1
DA:111,1
DA:112,1
DA:113,1
DA:116,3
DA:121,1
DA:122,2
DA:123,2
DA:128,1
DA:129,3
DA:130,1
DA:137,1
DA:139,3
DA:144,1
DA:146,4
DA:147,1
DA:150,1
DA:154,1
DA:156,4
DA:157,1
DA:160,1
DA:164,1
DA:166,4
DA:167,1
DA:170,1
DA:174,3
DA:175,1
DA:177,3
DA:182,1
DA:183,1
DA:185,1
DA:186,1
DA:187,1
DA:189,1
DA:193,3
DA:194,1
DA:195,1
DA:196,3
DA:199,1
DA:205,1
DA:207,1
DA:209,1
DA:210,1
DA:211,1
DA:213,1
DA:214,1
DA:215,1
DA:218,2
DA:221,1
DA:222,1
DA:226,2
DA:232,1
DA:233,1
DA:234,0
DA:236,0
DA:237,0
DA:251,1
DA:264,1
DA:266,1
DA:267,1
DA:268,1
DA:269,1
DA:270,6
DA:273,3
DA:275,5
LF:96
LH:87
end_of_record
SF:lib/theme/brand_colors.dart
DA:10,0
LF:1
LH:0
end_of_record
SF:lib/theme/tokens.dart
DA:5,0
DA:21,0
DA:33,0
DA:42,0
DA:56,0
LF:5
LH:0
end_of_record
SF:lib/widgets/ds/psy_badge.dart
DA:10,3
DA:21,4
DA:23,8
DA:24,4
DA:25,4
DA:26,4
DA:27,4
DA:28,4
DA:29,2
DA:30,0
DA:32,4
DA:37,4
DA:38,4
DA:39,4
DA:40,8
DA:42,4
DA:44,4
DA:45,4
DA:46,0
DA:49,4
DA:50,4
DA:51,4
LF:22
LH:20
end_of_record
SF:lib/models/tenant_membership.dart
DA:15,1
DA:16,2
DA:17,2
DA:19,1
DA:20,5
DA:24,1
DA:40,2
DA:41,1
DA:42,1
DA:43,1
DA:44,2
DA:45,3
DA:46,1
DA:49,1
DA:50,1
DA:51,1
DA:52,1
DA:53,1
DA:54,2
DA:55,2
DA:56,1
LF:21
LH:21
end_of_record
SF:lib/services/data/tenant_membership_service.dart
DA:12,1
DA:15,1
DA:17,1
DA:21,1
DA:24,1
DA:26,1
DA:37,3
DA:38,2
DA:40,1
DA:41,1
DA:42,2
DA:43,3
DA:48,4
DA:50,1
DA:51,2
DA:53,1
DA:54,1
DA:55,1
DA:56,2
DA:57,1
DA:58,5
DA:59,1
DA:60,2
DA:61,2
DA:62,2
DA:63,0
DA:65,2
DA:67,0
DA:69,1
DA:70,1
DA:73,1
DA:74,5
DA:75,2
DA:77,2
DA:78,1
DA:79,1
DA:80,1
DA:81,1
DA:84,2
DA:85,1
DA:90,1
DA:93,1
DA:98,1
LF:43
LH:41
end_of_record
SF:lib/services/ai/no_show_predictor.dart
DA:19,1
DA:41,1
DA:42,3
DA:43,1
DA:44,2
DA:49,1
DA:64,1
DA:65,1
DA:66,1
DA:67,2
DA:68,1
DA:69,4
DA:73,1
DA:74,1
DA:75,1
DA:77,2
DA:78,1
DA:79,1
DA:80,2
DA:83,1
DA:84,1
DA:85,1
DA:87,1
DA:88,1
DA:89,1
DA:91,2
DA:92,2
DA:93,1
DA:94,1
DA:97,1
DA:98,1
DA:100,1
DA:103,1
DA:106,1
LF:34
LH:34
end_of_record
SF:lib/widgets/app_shell.dart
DA:26,8
DA:97,8
DA:98,40
DA:99,8
DA:102,0
DA:103,0
DA:104,0
DA:107,8
DA:109,16
DA:110,24
DA:112,8
DA:113,8
DA:114,8
DA:115,8
DA:116,8
DA:117,8
DA:122,1
DA:123,1
DA:124,1
DA:125,1
DA:128,3
DA:129,1
DA:130,2
DA:131,0
DA:133,1
DA:134,1
DA:136,0
DA:143,1
DA:144,1
DA:145,1
DA:146,1
DA:148,1
DA:151,3
DA:152,1
DA:153,1
DA:154,2
DA:155,0
DA:156,0
DA:157,0
DA:164,1
DA:166,1
DA:168,1
DA:169,0
DA:175,21
DA:176,7
DA:177,7
DA:178,7
DA:179,7
DA:180,7
DA:181,7
DA:183,7
DA:185,0
DA:187,14
DA:188,7
DA:189,7
DA:190,7
DA:191,7
DA:192,13
DA:193,0
DA:194,0
DA:196,14
DA:197,7
DA:206,14
DA:208,14
DA:214,7
DA:220,2
DA:228,8
DA:242,8
DA:244,8
DA:245,8
DA:246,24
DA:250,3
DA:254,21
DA:263,3
DA:264,2
DA:267,21
DA:268,14
DA:271,8
DA:273,8
DA:274,8
DA:275,8
DA:277,8
DA:278,24
DA:279,14
DA:281,12
DA:286,11
DA:288,3
DA:293,8
DA:295,8
DA:298,18
DA:302,8
DA:304,8
DA:306,8
DA:318,8
DA:319,8
DA:321,14
DA:327,7
DA:339,7
DA:341,14
DA:342,7
DA:343,7
DA:344,7
DA:345,7
DA:348,7
DA:349,7
DA:351,7
DA:356,14
DA:357,14
DA:358,7
DA:359,7
DA:362,7
DA:363,7
DA:364,7
DA:365,7
DA:366,14
DA:367,14
DA:368,14
DA:378,7
DA:388,7
DA:390,14
DA:391,7
DA:393,7
DA:395,7
DA:396,7
DA:397,7
DA:398,21
DA:400,21
DA:410,7
DA:413,7
DA:415,14
DA:416,7
DA:417,7
DA:418,7
DA:419,7
DA:420,7
DA:421,7
DA:422,7
DA:425,7
DA:426,7
DA:427,14
DA:429,7
DA:430,7
DA:431,7
DA:434,14
DA:437,7
DA:438,7
DA:441,7
DA:442,14
DA:456,8
DA:460,8
DA:462,8
DA:463,8
DA:467,24
DA:468,2
DA:469,1
DA:470,3
DA:473,3
DA:478,7
DA:479,28
DA:480,14
DA:481,28
DA:482,21
DA:483,21
DA:486,7
DA:487,7
DA:488,7
DA:489,7
DA:490,0
DA:491,0
DA:492,0
DA:494,0
DA:497,7
DA:499,14
DA:504,21
DA:507,7
DA:508,7
DA:510,7
DA:513,14
DA:519,7
DA:521,7
DA:527,2
DA:529,8
DA:531,16
DA:534,8
DA:538,0
DA:539,8
DA:541,8
DA:544,8
DA:545,8
DA:547,0
DA:549,0
DA:550,0
DA:551,0
DA:552,0
DA:553,0
DA:554,0
DA:555,0
DA:557,0
DA:558,0
DA:562,0
DA:592,8
DA:594,16
DA:595,8
DA:597,8
DA:598,8
DA:607,8
DA:608,24
DA:609,24
DA:610,48
DA:611,0
DA:612,0
DA:617,2
DA:619,7
DA:621,14
DA:622,7
DA:626,7
DA:627,14
DA:628,7
DA:630,14
DA:636,2
DA:638,0
DA:640,0
DA:641,0
DA:648,0
DA:649,0
DA:652,0
DA:654,0
DA:665,1
DA:674,0
DA:676,0
DA:677,0
DA:682,0
DA:683,0
DA:684,0
DA:685,0
DA:686,0
DA:687,0
DA:689,0
DA:690,0
DA:691,0
DA:692,0
DA:693,0
DA:696,0
DA:703,1
DA:723,1
DA:725,1
DA:726,2
DA:727,6
DA:728,3
DA:730,1
DA:731,1
DA:732,2
DA:733,6
DA:734,4
DA:737,1
DA:738,1
DA:739,1
DA:740,1
DA:741,1
DA:742,2
DA:743,2
DA:744,1
DA:747,0
DA:748,0
DA:749,0
LF:265
LH:210
end_of_record
SF:lib/firebase_options.dart
DA:15,0
DA:17,0
DA:19,0
DA:20,0
DA:22,0
DA:24,0
LF:6
LH:0
end_of_record
SF:lib/services/auth/sign_out_scrubbers.dart
DA:28,0
DA:30,3
DA:35,1
DA:36,2
DA:37,3
DA:45,1
DA:46,2
DA:47,2
DA:49,1
DA:51,2
DA:63,3
DA:67,3
LF:12
LH:11
end_of_record
SF:lib/services/data/telemetry_service.dart
DA:15,7
DA:16,21
DA:20,0
DA:21,0
DA:23,0
DA:24,0
DA:26,0
DA:27,0
DA:29,0
DA:32,0
DA:34,0
DA:36,0
DA:39,0
DA:41,0
DA:45,0
DA:51,4
DA:55,4
DA:58,0
DA:59,0
DA:63,0
DA:68,12
DA:74,0
DA:78,0
DA:79,0
DA:80,0
DA:84,0
DA:89,0
DA:90,0
DA:91,0
DA:94,0
DA:109,2
DA:114,2
DA:115,6
DA:116,4
DA:117,4
DA:119,2
DA:120,0
DA:124,0
DA:129,4
DA:130,2
DA:140,2
DA:145,0
DA:146,0
DA:152,0
LF:44
LH:14
end_of_record
SF:lib/services/data/auth_service.dart
DA:15,2
DA:16,6
DA:22,0
DA:23,0
DA:30,0
DA:31,4
DA:32,0
DA:33,0
DA:35,0
DA:36,0
DA:38,0
DA:39,0
DA:41,0
DA:42,0
DA:43,0
DA:44,0
DA:45,0
DA:47,0
DA:48,0
DA:49,0
DA:51,0
DA:56,0
DA:60,0
DA:65,0
DA:66,0
DA:69,0
DA:70,0
DA:71,0
DA:72,0
DA:73,0
DA:74,0
DA:76,0
DA:80,0
DA:88,0
DA:89,0
DA:92,0
DA:93,0
DA:94,0
DA:96,0
DA:98,0
DA:99,0
DA:100,0
DA:102,0
DA:105,0
DA:106,0
DA:110,0
DA:111,0
DA:112,0
DA:113,0
DA:115,0
DA:121,0
DA:122,0
DA:124,0
DA:129,0
DA:130,0
DA:131,0
DA:132,0
DA:134,0
DA:138,0
DA:140,0
DA:141,0
DA:142,0
DA:143,0
DA:145,0
DA:149,0
DA:156,0
DA:158,0
DA:159,0
DA:160,0
DA:163,0
DA:164,0
DA:167,0
DA:169,0
DA:170,0
DA:171,0
DA:172,0
DA:173,0
DA:174,0
DA:175,0
DA:178,0
DA:179,0
DA:180,0
DA:181,0
DA:182,0
DA:184,0
DA:185,0
DA:186,0
DA:187,0
DA:188,0
DA:189,0
DA:194,0
DA:203,0
DA:213,0
DA:215,0
DA:218,0
DA:219,0
DA:220,0
DA:222,0
DA:223,0
DA:224,0
DA:225,0
DA:226,0
DA:227,0
DA:228,0
DA:230,0
DA:232,0
DA:233,0
DA:234,0
DA:235,0
DA:244,0
DA:245,0
DA:247,0
DA:252,0
DA:258,0
DA:259,0
DA:260,0
DA:261,0
DA:262,0
DA:263,0
DA:264,0
DA:265,0
DA:266,0
DA:267,0
DA:270,0
DA:272,0
DA:273,0
DA:278,0
DA:279,0
DA:280,0
DA:287,1
DA:323,1
DA:324,1
DA:326,3
DA:327,1
DA:330,1
DA:338,1
DA:339,1
DA:340,1
DA:341,1
DA:342,1
DA:343,1
DA:344,1
DA:345,1
DA:346,1
DA:347,1
DA:348,1
DA:349,1
LF:147
LH:21
end_of_record
SF:lib/utils/portal_cache_purge.dart
DA:13,0
LF:1
LH:0
end_of_record
SF:lib/services/data/firestore_schema.dart
DA:6,0
DA:73,0
DA:74,0
DA:75,0
DA:76,0
DA:77,0
DA:78,0
DA:82,0
DA:83,0
DA:88,0
DA:89,0
DA:90,0
DA:91,0
DA:95,0
DA:109,0
DA:110,0
DA:111,0
DA:112,0
DA:113,0
DA:114,0
DA:115,0
DA:116,0
DA:119,0
DA:120,0
DA:121,0
LF:25
LH:0
end_of_record
SF:lib/services/data/firebase_bootstrap.dart
DA:15,0
DA:21,1
DA:24,0
DA:35,0
DA:37,0
DA:43,0
DA:46,0
DA:47,0
DA:59,0
DA:66,0
DA:70,0
DA:71,0
DA:73,0
DA:76,0
DA:80,0
DA:86,0
DA:96,0
DA:98,0
DA:99,0
DA:100,0
LF:20
LH:1
end_of_record
SF:lib/utils/phi_redaction.dart
DA:8,5
DA:13,4
DA:17,5
DA:35,15
DA:38,15
DA:41,15
DA:44,15
DA:45,15
DA:46,15
DA:47,15
DA:51,15
DA:52,15
DA:53,15
DA:60,15
DA:65,5
DA:66,5
DA:69,10
DA:70,10
DA:71,10
DA:72,10
DA:73,10
DA:74,10
DA:75,5
DA:76,15
DA:77,15
DA:78,15
DA:79,10
DA:81,8
DA:82,3
DA:83,3
DA:84,3
DA:85,6
DA:86,3
DA:89,5
DA:92,5
DA:99,10
DA:100,5
DA:101,9
DA:102,3
DA:105,5
DA:106,11
DA:107,1
DA:108,2
DA:109,3
DA:118,1
DA:119,2
DA:120,1
DA:123,4
DA:124,2
DA:125,2
DA:127,1
DA:128,2
DA:130,1
DA:133,2
DA:136,5
DA:143,6
DA:144,3
DA:145,1
DA:147,1
DA:154,1
DA:155,2
DA:156,2
DA:157,3
DA:158,3
DA:159,3
DA:160,1
DA:163,1
DA:164,2
DA:165,2
DA:166,2
DA:167,2
DA:168,3
DA:169,4
DA:172,1
DA:173,2
DA:174,2
DA:175,2
DA:176,2
DA:177,3
DA:178,4
LF:80
LH:80
end_of_record
SF:lib/utils/portal_cache_purge_stub.dart
DA:5,0
LF:1
LH:0
end_of_record
SF:lib/screens/assessments/assessment_result_screen.dart
DA:14,1
DA:28,1
DA:34,1
DA:36,1
DA:37,2
DA:38,2
DA:39,2
DA:41,3
DA:43,1
DA:45,4
DA:46,4
DA:47,1
DA:49,1
DA:50,1
DA:52,3
DA:54,2
DA:60,1
DA:62,1
DA:64,1
DA:66,1
DA:68,1
DA:75,1
DA:78,1
DA:79,3
DA:80,3
DA:81,3
DA:85,1
DA:87,2
DA:88,1
DA:89,1
DA:90,1
DA:92,1
DA:94,1
DA:95,2
DA:97,1
DA:99,1
DA:100,1
DA:101,3
DA:102,2
DA:108,1
DA:110,1
DA:115,1
DA:116,1
DA:117,1
DA:119,1
DA:120,3
DA:121,2
DA:129,3
DA:130,1
DA:131,2
DA:133,0
DA:136,2
DA:138,0
DA:140,0
DA:143,2
DA:144,3
DA:145,2
DA:146,1
DA:159,1
DA:163,1
DA:165,2
DA:166,2
DA:167,1
DA:168,1
DA:170,1
DA:172,1
DA:173,2
DA:175,1
DA:176,1
DA:178,1
DA:179,1
DA:180,1
DA:183,1
DA:184,3
DA:185,1
DA:186,1
DA:187,1
DA:191,1
DA:192,1
DA:193,4
DA:194,3
DA:195,2
DA:198,1
DA:212,1
DA:215,1
DA:217,2
DA:218,1
DA:219,1
DA:221,1
DA:223,1
DA:224,2
DA:226,1
DA:227,1
DA:229,1
DA:231,1
DA:234,3
LF:96
LH:93
end_of_record
SF:lib/services/assessments/assessment_severity_engine.dart
DA:19,1
DA:20,2
DA:21,2
DA:28,1
DA:45,2
DA:66,8
DA:68,4
DA:72,1
DA:76,2
DA:81,2
DA:82,2
DA:83,10
DA:84,0
DA:86,2
DA:90,2
DA:91,2
DA:97,2
DA:98,2
DA:202,2
DA:204,2
DA:206,2
DA:208,2
DA:210,2
DA:215,2
DA:219,2
DA:223,2
DA:229,2
DA:235,2
DA:240,1
LF:29
LH:28
end_of_record
SF:lib/services/security/app_lock_service.dart
DA:17,1
DA:22,1
DA:25,1
DA:27,1
DA:33,1
DA:36,1
DA:38,1
DA:58,2
DA:59,2
DA:60,2
DA:61,2
DA:63,1
DA:64,2
DA:66,1
DA:67,1
DA:68,1
DA:69,2
DA:70,2
DA:71,2
DA:72,2
DA:73,3
DA:74,1
DA:75,1
DA:78,1
DA:79,3
DA:82,1
DA:83,3
DA:84,1
DA:86,6
DA:89,1
DA:90,1
DA:91,1
DA:92,1
DA:96,1
DA:97,4
DA:98,1
DA:100,2
DA:101,1
DA:103,1
DA:104,1
DA:105,4
DA:106,2
DA:107,1
DA:108,2
DA:109,2
DA:110,1
DA:111,3
DA:112,1
DA:115,1
DA:116,1
DA:117,1
DA:118,1
DA:119,1
DA:120,1
DA:121,1
DA:122,1
DA:125,0
DA:126,0
DA:128,0
DA:130,0
DA:138,0
DA:139,0
DA:140,0
DA:148,1
DA:149,2
DA:150,3
DA:151,2
DA:152,1
DA:153,3
DA:154,1
DA:158,1
DA:159,3
DA:161,3
DA:162,4
DA:164,1
LF:75
LH:68
end_of_record
SF:lib/services/copilot/diagnosis_service.dart
DA:16,1
DA:21,0
DA:22,0
DA:65,1
DA:69,2
DA:70,1
DA:77,1
DA:78,1
DA:79,4
DA:80,1
DA:81,1
DA:82,1
DA:83,1
DA:85,4
DA:87,1
DA:88,1
DA:97,1
DA:98,2
DA:99,1
DA:100,1
DA:101,1
DA:102,1
DA:103,2
DA:104,2
DA:106,0
DA:110,1
DA:111,0
DA:113,0
DA:116,1
DA:126,1
DA:127,2
DA:128,1
DA:130,0
DA:132,0
DA:136,4
DA:142,2
DA:148,2
DA:149,0
DA:151,0
DA:155,2
DA:156,1
DA:157,1
DA:163,2
DA:164,2
DA:171,1
DA:172,1
DA:173,3
DA:174,0
DA:176,0
DA:179,2
DA:182,1
DA:184,0
DA:186,0
DA:189,1
DA:191,3
DA:192,1
DA:209,1
DA:213,1
DA:217,1
DA:221,2
DA:226,3
DA:230,1
DA:240,2
DA:241,1
DA:242,1
DA:243,1
DA:244,1
DA:245,1
DA:246,3
DA:247,1
DA:248,1
DA:249,3
DA:250,1
DA:251,1
DA:252,3
DA:253,1
DA:264,2
DA:265,1
DA:266,1
DA:267,1
DA:268,1
DA:269,1
DA:270,1
DA:271,1
DA:285,1
DA:288,0
DA:289,0
LF:87
LH:72
end_of_record
SF:lib/widgets/mood_trend_chart.dart
DA:9,1
DA:26,1
DA:44,1
DA:49,1
DA:50,1
DA:59,6
DA:60,1
DA:62,6
DA:63,1
DA:65,2
DA:66,3
DA:67,2
DA:69,1
DA:70,2
DA:72,8
DA:73,1
DA:74,1
DA:75,1
DA:76,4
DA:77,1
DA:81,1
DA:83,2
DA:84,3
DA:85,2
DA:87,3
DA:88,7
DA:90,1
DA:91,5
DA:93,1
DA:95,1
DA:96,1
DA:98,1
DA:100,1
DA:101,1
DA:106,1
DA:107,1
DA:108,1
DA:109,5
DA:112,1
DA:113,5
DA:116,1
DA:117,5
DA:130,2
DA:140,1
DA:142,1
DA:144,1
DA:146,1
DA:148,1
DA:155,1
DA:158,1
DA:160,1
DA:161,1
DA:162,1
DA:163,1
DA:165,3
DA:166,1
DA:169,1
DA:170,1
DA:172,3
DA:173,1
DA:176,1
DA:177,1
DA:179,1
DA:180,3
DA:181,3
DA:182,1
DA:183,3
DA:194,1
DA:204,1
DA:206,1
DA:208,1
DA:209,4
DA:210,6
DA:217,1
DA:218,1
DA:220,2
DA:221,1
DA:223,1
DA:224,1
DA:226,1
DA:228,1
DA:235,1
DA:239,1
DA:241,1
DA:243,1
DA:244,1
DA:247,2
DA:250,4
LF:88
LH:88
end_of_record
SF:lib/models/subprocessor.dart
DA:16,1
LF:1
LH:1
end_of_record
SF:lib/services/compliance/subprocessor_registry.dart
DA:17,0
DA:154,0
DA:157,1
DA:158,2
DA:159,2
DA:167,2
DA:168,1
DA:169,3
DA:170,3
LF:9
LH:7
end_of_record
SF:lib/services/analytics/caseload_outcomes_metrics.dart
DA:18,0
DA:32,2
DA:55,8
DA:58,6
DA:64,1
DA:69,7
DA:70,1
DA:72,1
DA:84,2
DA:85,2
DA:86,2
DA:87,1
DA:88,1
DA:92,3
DA:93,1
DA:97,1
DA:98,1
DA:100,1
DA:101,1
DA:102,1
LF:20
LH:19
end_of_record
SF:lib/widgets/outcomes/caseload_outcomes_panel.dart
DA:12,1
DA:23,1
DA:25,1
DA:26,1
DA:28,2
DA:29,1
DA:30,1
DA:32,1
DA:33,1
DA:34,1
DA:36,2
DA:39,1
DA:40,2
DA:41,1
DA:43,2
DA:52,3
DA:55,1
DA:57,1
DA:59,1
DA:60,4
DA:62,1
DA:63,1
DA:64,1
DA:65,1
DA:67,3
DA:69,1
DA:74,1
DA:75,1
DA:78,7
DA:80,4
DA:81,3
DA:88,1
DA:89,1
DA:91,5
DA:93,1
DA:105,1
DA:107,1
DA:108,1
DA:109,1
DA:111,1
DA:112,1
DA:113,2
DA:115,1
DA:116,1
DA:120,3
DA:121,1
DA:135,1
DA:149,1
DA:151,1
DA:152,1
DA:154,1
DA:155,2
DA:156,3
DA:157,1
DA:159,1
DA:161,1
DA:162,1
DA:163,1
DA:164,3
DA:166,1
DA:167,1
DA:168,3
DA:169,1
DA:176,1
DA:177,1
DA:178,3
DA:183,4
LF:67
LH:67
end_of_record
SF:lib/widgets/ds/psy_card.dart
DA:8,4
DA:23,4
DA:24,4
DA:30,4
DA:32,8
DA:33,14
DA:34,8
DA:35,1
DA:37,4
DA:40,4
DA:41,4
DA:43,4
DA:45,4
DA:46,4
DA:48,0
DA:49,8
DA:51,8
DA:52,0
DA:53,0
DA:54,0
DA:57,0
DA:62,4
DA:64,4
DA:65,8
DA:66,4
DA:67,20
DA:72,4
DA:73,0
DA:74,0
LF:29
LH:22
end_of_record
SF:lib/models/group_session.dart
DA:15,2
DA:24,4
DA:28,6
DA:29,2
DA:30,2
DA:36,2
DA:37,1
DA:38,1
DA:39,1
DA:41,2
DA:42,0
DA:43,1
DA:44,1
DA:45,1
DA:46,1
DA:47,1
DA:48,2
DA:49,2
DA:67,8
DA:76,1
DA:77,5
DA:79,0
DA:85,0
DA:86,0
DA:87,0
DA:88,0
DA:89,0
DA:90,0
DA:91,0
DA:92,0
DA:93,0
DA:96,2
DA:97,1
DA:98,1
DA:99,1
DA:100,2
DA:101,5
DA:102,1
DA:103,2
DA:104,2
DA:112,2
DA:119,1
DA:120,1
DA:121,1
DA:122,1
DA:123,1
DA:124,1
DA:140,0
DA:141,0
DA:142,0
DA:143,0
DA:144,0
DA:145,0
DA:148,2
DA:149,1
DA:150,1
DA:151,1
DA:152,1
DA:165,1
DA:166,2
DA:167,2
LF:61
LH:44
end_of_record
SF:lib/models/prom_submission.dart
DA:12,1
DA:21,2
DA:22,2
DA:23,3
DA:27,2
DA:28,1
DA:29,1
DA:30,1
DA:31,2
DA:32,1
DA:33,1
DA:34,2
DA:35,3
DA:37,2
DA:69,1
DA:70,2
DA:71,1
DA:73,1
DA:75,1
DA:80,3
DA:82,2
DA:83,2
DA:84,2
DA:85,2
DA:86,2
DA:87,2
DA:88,1
DA:89,2
DA:90,3
DA:91,3
LF:30
LH:30
end_of_record
SF:lib/patient_portal/portal_appointments_screen.dart
DA:8,1
DA:13,1
DA:16,1
DA:17,0
DA:18,0
DA:20,0
DA:24,0
DA:26,0
DA:31,1
DA:32,1
DA:33,1
DA:34,1
DA:36,1
DA:37,1
DA:38,1
DA:39,1
DA:41,1
DA:42,1
DA:43,1
DA:46,1
DA:47,1
DA:49,1
DA:50,1
DA:51,1
DA:52,3
DA:55,2
DA:56,3
DA:57,2
DA:58,3
DA:63,1
DA:81,1
LF:31
LH:26
end_of_record
SF:lib/patient_portal/portal_inbox_screen.dart
DA:8,1
DA:12,1
DA:15,1
DA:16,0
DA:17,0
DA:20,0
DA:23,0
DA:26,0
DA:32,1
DA:33,1
DA:34,1
DA:35,1
DA:37,1
DA:38,1
DA:39,1
DA:40,1
DA:42,1
DA:47,1
DA:48,1
DA:49,2
DA:51,1
DA:52,1
DA:54,1
DA:55,1
DA:56,1
DA:57,3
DA:60,1
DA:61,1
DA:64,3
DA:70,1
DA:71,2
DA:72,3
DA:85,1
DA:86,2
DA:87,4
DA:88,0
DA:89,0
DA:93,1
LF:38
LH:31
end_of_record
SF:lib/patient_portal/portal_landing_screen.dart
DA:12,1
DA:16,1
DA:18,2
DA:19,1
DA:20,1
DA:21,1
DA:22,1
DA:23,1
DA:25,1
DA:27,1
DA:28,1
DA:29,1
DA:31,2
DA:32,3
DA:35,1
DA:38,3
DA:66,1
DA:67,1
DA:69,1
DA:70,1
DA:72,3
DA:81,1
DA:82,0
DA:87,0
DA:111,1
DA:123,1
DA:125,1
DA:127,1
DA:128,0
DA:129,1
DA:130,1
DA:131,1
DA:132,1
DA:134,3
DA:135,5
DA:138,1
DA:139,1
DA:141,1
DA:142,5
DA:144,5
LF:40
LH:37
end_of_record
SF:lib/patient_portal/portal_prom_screen.dart
DA:26,1
DA:30,1
DA:33,1
DA:34,0
DA:51,4
DA:52,1
DA:53,1
DA:54,1
DA:55,1
DA:56,1
DA:58,1
DA:59,1
DA:60,1
DA:61,1
DA:63,1
DA:64,1
DA:66,1
DA:67,1
DA:68,1
DA:69,1
DA:70,1
DA:71,1
DA:72,3
DA:75,1
DA:76,2
DA:77,2
DA:84,1
DA:85,2
DA:86,3
DA:89,1
DA:91,1
DA:92,0
DA:95,0
DA:98,0
DA:100,0
DA:117,1
LF:36
LH:31
end_of_record
SF:lib/services/crisis/crisis_resource_registry.dart
DA:27,0
DA:236,2
DA:254,2
DA:256,4
DA:262,2
DA:264,1
DA:265,2
DA:266,2
DA:268,3
LF:9
LH:8
end_of_record
SF:lib/services/ai/rag_client.dart
DA:17,2
DA:21,0
DA:27,2
DA:28,4
DA:29,2
DA:30,1
DA:32,2
DA:33,2
DA:38,1
DA:46,2
DA:47,3
DA:48,1
DA:49,2
DA:50,1
DA:51,1
DA:52,1
DA:53,1
DA:54,0
DA:55,1
DA:58,1
DA:59,3
DA:62,2
DA:68,4
DA:69,6
DA:70,2
DA:71,4
DA:72,2
DA:73,2
DA:74,0
DA:75,2
DA:78,2
DA:79,6
DA:82,2
DA:87,4
DA:88,6
DA:89,2
DA:90,4
DA:91,2
DA:92,2
DA:93,1
DA:96,2
DA:97,3
DA:101,1
DA:102,2
DA:103,3
DA:104,1
DA:106,1
DA:107,2
DA:110,2
DA:111,8
DA:112,6
DA:116,0
DA:120,2
DA:129,4
DA:130,2
DA:131,2
DA:132,4
DA:133,2
DA:134,2
DA:135,2
DA:136,2
DA:137,2
DA:149,1
DA:159,2
DA:160,1
DA:161,1
DA:162,1
DA:163,1
DA:164,1
DA:165,2
DA:166,1
DA:179,2
DA:182,0
DA:183,0
LF:74
LH:68
end_of_record
SF:lib/services/ai/rag_service.dart
DA:16,1
DA:25,0
DA:29,0
DA:30,0
DA:31,0
DA:39,0
DA:40,0
DA:42,0
DA:47,2
DA:49,1
DA:55,1
DA:58,1
DA:64,1
DA:65,1
DA:66,5
DA:72,1
DA:80,1
DA:83,0
DA:91,0
DA:92,0
DA:93,0
DA:103,0
DA:104,0
DA:107,0
DA:116,1
DA:121,1
DA:124,1
DA:130,0
DA:132,1
DA:133,2
DA:138,1
DA:139,2
DA:140,2
DA:141,1
DA:142,1
DA:148,3
DA:149,3
DA:150,3
LF:38
LH:23
end_of_record
SF:lib/utils/caseload_outcomes.dart
DA:11,1
DA:20,1
DA:27,1
DA:28,2
DA:29,3
DA:32,1
DA:33,2
DA:34,3
DA:39,1
DA:40,2
DA:41,1
DA:42,1
DA:43,1
DA:44,1
DA:50,1
DA:91,1
DA:92,5
DA:98,1
DA:99,1
DA:100,2
DA:110,1
DA:115,6
DA:116,2
DA:117,2
DA:120,5
DA:122,4
DA:123,4
DA:125,4
DA:126,1
DA:128,2
DA:130,1
DA:131,1
DA:135,1
LF:33
LH:33
end_of_record
SF:lib/services/analytics/dashboard_metrics.dart
DA:15,1
DA:35,2
DA:51,1
DA:61,1
DA:62,4
DA:66,1
DA:82,2
DA:98,1
DA:99,2
DA:100,2
DA:101,2
DA:102,2
DA:106,0
DA:113,1
DA:114,7
DA:115,1
DA:116,3
DA:117,1
DA:118,2
DA:119,2
DA:120,2
DA:121,2
DA:122,1
DA:124,1
DA:125,5
DA:128,5
DA:129,1
DA:131,1
DA:132,5
DA:133,1
DA:135,1
DA:136,6
DA:137,1
DA:138,1
DA:140,3
DA:142,1
DA:145,6
DA:146,3
DA:148,1
DA:149,1
DA:150,2
DA:152,3
LF:42
LH:41
end_of_record
SF:lib/widgets/dashboard_metrics_cards.dart
DA:15,1
DA:26,1
DA:28,1
DA:29,1
DA:30,2
DA:31,1
DA:32,1
DA:35,3
DA:36,2
DA:38,5
DA:39,3
DA:42,1
DA:44,1
DA:47,3
DA:51,1
DA:53,1
DA:56,3
DA:60,1
DA:62,1
DA:65,4
DA:66,3
DA:68,3
DA:71,1
DA:74,1
DA:78,1
DA:79,2
DA:81,4
DA:82,0
DA:86,1
DA:92,2
DA:93,3
DA:94,3
DA:96,1
DA:97,2
DA:98,1
DA:105,1
DA:123,1
DA:125,2
DA:126,1
DA:127,1
DA:128,5
DA:129,1
DA:130,1
DA:132,1
DA:134,1
DA:135,1
DA:136,1
DA:137,3
DA:139,1
DA:140,1
DA:141,1
DA:142,2
DA:143,1
DA:151,1
DA:152,1
DA:153,2
DA:156,3
LF:57
LH:56
end_of_record
SF:lib/utils/wcag_contrast.dart
DA:28,2
DA:29,6
DA:30,6
DA:31,4
DA:32,2
DA:33,11
DA:34,16
DA:39,2
DA:40,2
DA:41,2
DA:42,2
DA:43,2
DA:44,6
DA:49,2
DA:50,2
DA:51,2
DA:56,2
DA:57,2
DA:58,2
LF:19
LH:19
end_of_record
SF:lib/services/assessments/clinical_scales.dart
DA:10,0
DA:112,1
DA:113,3
DA:117,1
DA:121,1
DA:127,1
DA:140,1
DA:141,1
DA:238,1
DA:239,3
DA:243,1
DA:244,1
DA:249,1
DA:263,1
DA:264,1
DA:322,3
DA:323,15
DA:324,9
DA:330,3
DA:336,6
DA:342,3
DA:348,6
DA:363,9
DA:364,12
DA:365,3
DA:381,3
DA:383,1
DA:384,2
DA:385,2
LF:29
LH:28
end_of_record
SF:lib/services/assessments/cssrs_escalation_service.dart
DA:36,1
DA:73,6
DA:84,2
DA:85,2
DA:98,2
DA:99,2
DA:100,2
DA:117,2
DA:133,2
DA:149,2
DA:164,2
DA:183,1
DA:184,1
DA:185,1
DA:186,2
DA:188,1
DA:189,2
DA:190,2
DA:191,1
DA:192,1
DA:193,1
DA:200,1
DA:201,1
DA:202,2
DA:204,1
DA:205,2
DA:206,2
DA:214,1
DA:218,1
DA:219,2
DA:221,1
DA:222,2
DA:223,2
LF:33
LH:33
end_of_record
SF:lib/models/clinical_scale.dart
DA:10,0
DA:11,0
DA:12,0
DA:13,0
DA:14,0
DA:15,0
DA:22,1
DA:28,1
DA:35,3
DA:55,1
DA:73,3
DA:75,9
LF:12
LH:6
end_of_record
SF:lib/models/tenant_region.dart
DA:33,1
DA:34,4
DA:35,4
DA:39,1
DA:40,1
DA:41,1
DA:44,1
DA:45,1
DA:46,3
DA:47,3
DA:57,1
DA:58,2
DA:59,2
DA:68,1
DA:85,2
DA:87,1
DA:88,2
DA:89,4
DA:91,1
DA:92,1
DA:93,1
DA:94,1
DA:95,0
DA:100,2
DA:101,2
DA:102,3
DA:103,4
DA:104,1
DA:105,4
DA:106,4
DA:109,1
DA:110,1
DA:111,1
DA:112,2
DA:113,2
DA:114,1
DA:115,2
DA:117,2
DA:118,2
LF:39
LH:38
end_of_record
SF:lib/screens/auth/mfa_setup_screen.dart
DA:26,1
DA:32,1
DA:33,1
DA:41,0
DA:42,0
DA:43,0
DA:44,0
DA:45,0
DA:46,0
DA:52,3
DA:61,1
DA:63,2
DA:64,1
DA:67,1
DA:69,2
DA:73,1
DA:74,2
DA:75,3
DA:76,1
DA:77,1
DA:79,2
DA:82,1
DA:83,1
DA:84,2
DA:85,1
DA:86,1
DA:90,6
DA:91,0
DA:92,0
DA:93,0
DA:94,0
DA:95,0
DA:101,1
DA:103,2
DA:104,1
DA:105,1
DA:111,0
DA:112,0
DA:113,0
DA:114,0
DA:115,0
DA:117,0
DA:120,0
DA:121,0
DA:123,0
DA:125,0
DA:126,0
DA:127,0
DA:131,0
DA:134,0
DA:135,0
DA:136,0
DA:139,0
DA:140,0
DA:141,0
DA:142,0
DA:143,0
DA:144,0
DA:145,0
DA:149,1
DA:151,1
DA:152,1
DA:153,1
DA:163,1
DA:165,1
DA:166,2
DA:168,2
DA:170,1
DA:171,3
DA:172,2
DA:173,1
DA:174,2
DA:175,1
DA:176,1
DA:178,4
DA:179,1
DA:181,2
DA:182,1
DA:183,2
DA:184,0
DA:185,1
DA:186,1
DA:188,0
DA:189,0
DA:190,0
DA:192,0
DA:202,1
DA:211,1
DA:213,2
DA:214,1
DA:216,1
DA:217,1
DA:218,1
DA:220,1
DA:221,3
DA:222,1
DA:224,1
DA:226,2
DA:231,1
DA:232,1
DA:234,1
DA:235,1
DA:236,1
DA:237,1
DA:239,4
DA:240,3
DA:244,1
DA:253,1
DA:260,4
DA:261,3
DA:274,1
DA:280,1
DA:281,1
DA:282,1
DA:284,1
DA:286,1
DA:288,0
DA:290,0
DA:295,1
DA:297,2
DA:298,1
DA:299,3
DA:300,2
DA:301,3
DA:302,1
DA:303,1
DA:304,1
DA:305,1
DA:307,4
DA:308,1
DA:309,2
DA:310,2
DA:311,4
DA:316,1
DA:317,1
DA:318,1
DA:320,2
DA:323,2
DA:324,3
DA:329,1
DA:330,1
DA:336,3
DA:337,2
DA:349,1
DA:351,1
DA:353,1
DA:354,1
DA:355,1
DA:357,1
DA:358,1
DA:360,3
DA:365,1
DA:369,2
DA:372,1
DA:373,1
DA:384,1
DA:395,1
DA:397,1
DA:398,1
DA:399,1
DA:401,1
DA:402,1
DA:404,3
DA:409,1
DA:412,2
DA:415,1
DA:416,1
DA:418,1
DA:420,1
DA:421,3
DA:423,1
DA:424,1
DA:432,1
DA:434,3
DA:439,1
DA:440,1
DA:441,1
DA:442,1
DA:443,2
DA:444,3
DA:450,1
DA:453,0
DA:458,1
DA:459,1
DA:460,1
DA:461,1
DA:466,2
DA:474,1
DA:475,1
DA:476,3
DA:477,2
DA:478,5
DA:480,1
DA:485,1
DA:498,1
DA:500,1
DA:501,1
DA:502,1
DA:504,1
DA:505,1
DA:507,3
DA:512,1
DA:516,2
DA:519,1
DA:520,1
DA:524,2
DA:530,0
DA:532,2
DA:534,1
DA:535,1
DA:536,3
DA:541,1
DA:542,1
DA:543,1
DA:544,1
DA:545,1
DA:546,1
DA:556,2
DA:566,0
DA:570,0
DA:572,0
DA:573,0
DA:574,0
DA:575,0
DA:577,0
DA:578,0
DA:580,0
DA:585,0
DA:589,0
DA:592,0
DA:594,0
DA:595,0
DA:596,0
DA:598,0
DA:601,0
DA:602,0
DA:603,0
DA:605,0
DA:614,0
DA:615,0
DA:616,0
DA:617,0
DA:622,0
DA:625,0
DA:636,0
DA:639,0
DA:641,0
DA:642,0
DA:643,0
DA:644,0
DA:646,0
DA:647,0
DA:648,0
DA:649,0
DA:651,0
DA:653,0
DA:660,0
DA:664,0
DA:667,0
DA:669,0
LF:260
LH:175
end_of_record
SF:lib/services/mfa/totp_service.dart
DA:18,2
DA:35,2
DA:36,2
DA:37,6
DA:38,6
DA:40,2
DA:46,2
DA:53,4
DA:54,2
DA:58,2
DA:59,2
DA:61,2
DA:62,12
DA:63,2
DA:64,2
DA:69,1
DA:75,0
DA:76,3
DA:77,1
DA:82,2
DA:91,4
DA:92,4
DA:93,0
DA:94,3
DA:95,3
DA:96,3
DA:97,1
DA:98,1
DA:100,2
DA:101,1
DA:102,1
DA:103,2
DA:111,0
DA:112,0
DA:116,1
DA:118,1
DA:119,2
DA:120,1
DA:121,7
DA:122,4
DA:127,1
DA:128,1
DA:129,2
DA:130,4
DA:131,1
DA:132,4
DA:134,4
DA:135,5
DA:136,5
DA:137,3
DA:138,2
DA:139,3
DA:142,2
DA:143,2
DA:146,4
DA:147,4
DA:148,2
DA:149,2
DA:150,2
DA:151,8
DA:154,2
DA:155,0
DA:157,2
DA:160,1
DA:161,3
DA:162,1
DA:165,2
DA:166,2
DA:167,1
DA:168,0
DA:169,0
DA:172,2
DA:173,1
DA:174,1
DA:175,1
DA:176,3
DA:179,1
DA:182,1
DA:183,3
DA:185,3
DA:186,4
DA:188,1
DA:194,2
DA:195,6
DA:196,4
LF:85
LH:78
end_of_record
SF:lib/services/data/security_settings_service.dart
DA:14,1
DA:17,1
DA:22,1
DA:24,1
DA:27,1
DA:29,1
DA:34,2
DA:36,1
DA:37,2
DA:40,1
DA:41,1
DA:42,1
DA:43,2
DA:48,1
DA:49,1
DA:50,1
DA:51,2
DA:55,1
DA:56,1
DA:57,1
DA:58,2
LF:21
LH:21
end_of_record
SF:lib/models/consent_record.dart
DA:50,1
DA:51,2
DA:52,2
DA:59,4
DA:69,3
DA:70,4
DA:74,4
DA:75,2
DA:76,2
DA:77,2
DA:78,2
DA:79,2
DA:80,2
DA:81,4
DA:82,4
DA:83,2
DA:84,5
DA:85,2
DA:86,2
DA:129,1
DA:130,2
DA:131,2
DA:134,1
DA:135,2
DA:136,2
DA:139,1
DA:140,2
DA:147,3
DA:148,3
DA:149,3
DA:150,3
DA:151,9
DA:152,6
DA:157,2
DA:159,6
DA:160,6
DA:161,6
DA:162,6
DA:163,6
DA:164,6
DA:165,6
DA:166,12
DA:167,3
DA:168,4
DA:169,6
DA:170,2
DA:171,3
DA:172,1
DA:175,2
DA:182,2
DA:183,2
DA:184,2
DA:185,2
DA:186,2
DA:187,2
DA:188,2
DA:189,2
DA:190,1
DA:191,2
LF:59
LH:59
end_of_record
SF:lib/services/billing/icd10_lookup_service.dart
DA:6,1
DA:7,3
DA:245,2
DA:247,1
DA:248,5
DA:250,1
DA:251,2
DA:252,2
DA:258,1
DA:259,2
DA:260,2
DA:262,2
DA:263,3
DA:264,3
DA:265,2
DA:266,1
DA:270,1
DA:287,0
DA:288,0
DA:289,0
DA:290,0
DA:291,0
DA:292,0
DA:293,0
DA:294,0
DA:295,0
DA:296,0
DA:301,1
DA:313,0
DA:314,0
LF:30
LH:18
end_of_record
SF:lib/services/compliance/ropa_registry.dart
DA:22,1
DA:79,1
DA:101,0
DA:254,1
DA:255,4
DA:256,1
DA:259,1
DA:260,1
DA:261,1
DA:262,5
DA:263,2
DA:265,1
DA:267,1
DA:268,2
DA:269,2
LF:15
LH:14
end_of_record
SF:lib/utils/smart_goal_notes.dart
DA:13,1
DA:19,1
DA:20,1
DA:21,1
DA:22,1
DA:23,2
DA:26,1
DA:27,1
DA:28,1
DA:29,1
DA:30,1
LF:11
LH:11
end_of_record
SF:lib/models/incident_severity.dart
DA:18,1
DA:19,2
DA:20,2
DA:27,1
DA:112,1
DA:113,1
DA:118,1
DA:119,3
LF:8
LH:8
end_of_record
SF:lib/models/consent_entry.dart
DA:16,2
DA:25,4
DA:26,4
DA:27,1
DA:29,6
DA:30,1
DA:36,2
DA:37,1
DA:38,1
DA:39,2
DA:40,1
DA:41,1
DA:42,1
DA:43,2
DA:44,2
DA:67,4
DA:72,2
DA:73,2
DA:74,2
DA:75,1
DA:76,2
DA:79,2
DA:80,2
DA:81,2
DA:82,2
DA:83,2
DA:84,2
DA:85,2
DA:86,2
DA:87,4
DA:91,2
DA:92,2
DA:93,2
DA:94,3
DA:95,2
DA:96,2
DA:97,2
DA:98,3
DA:99,4
DA:115,1
DA:116,2
DA:117,2
DA:125,2
DA:127,2
DA:129,2
DA:131,1
DA:133,1
DA:135,1
DA:136,0
LF:49
LH:48
end_of_record
SF:lib/services/data/consent_entry_repository.dart
DA:17,2
DA:18,4
DA:19,2
DA:23,1
DA:24,2
DA:25,4
DA:26,1
DA:28,2
DA:30,6
DA:31,10
DA:38,2
DA:42,6
DA:44,4
DA:46,6
DA:47,2
DA:51,2
DA:53,4
DA:55,2
DA:57,2
DA:58,4
DA:59,2
DA:64,2
DA:65,4
DA:66,2
LF:24
LH:24
end_of_record
SF:lib/services/billing/note_billing_extractor.dart
DA:11,1
DA:15,3
DA:20,3
DA:22,3
DA:30,1
DA:34,1
DA:35,3
DA:36,2
DA:37,3
DA:45,1
DA:46,2
DA:47,1
DA:49,1
DA:51,1
DA:54,1
DA:55,1
DA:56,1
DA:61,1
DA:62,2
DA:63,2
DA:67,1
DA:74,1
DA:76,1
DA:77,1
LF:24
LH:24
end_of_record
SF:lib/models/superbill_prefill.dart
DA:6,1
DA:23,3
LF:2
LH:2
end_of_record
SF:lib/services/data/tenant_context.dart
DA:31,0
DA:41,2
DA:50,1
DA:58,1
DA:67,0
DA:73,1
DA:74,1
DA:82,1
DA:87,2
DA:98,1
DA:99,1
DA:100,2
DA:103,1
DA:116,1
DA:118,1
LF:15
LH:13
end_of_record
SF:lib/models/homework_item.dart
DA:4,4
DA:5,2
DA:6,2
DA:7,2
DA:8,2
DA:10,4
DA:11,2
DA:12,2
DA:14,4
DA:34,4
DA:35,2
DA:36,2
DA:37,2
DA:38,2
DA:39,2
DA:40,0
DA:41,2
DA:44,4
DA:45,2
DA:46,2
DA:47,2
DA:48,2
DA:49,4
DA:50,2
DA:51,2
LF:25
LH:24
end_of_record
SF:lib/models/safety_plan.dart
DA:5,2
DA:6,1
DA:7,2
DA:8,2
DA:9,2
DA:10,2
DA:11,2
DA:12,2
DA:13,2
DA:14,1
DA:15,2
DA:17,3
DA:28,3
DA:60,2
DA:61,4
DA:62,2
DA:63,2
DA:64,2
DA:65,2
DA:66,2
DA:67,2
DA:68,2
DA:81,1
DA:83,4
DA:84,2
DA:85,2
DA:87,2
DA:94,1
DA:95,1
DA:96,3
DA:97,3
DA:98,4
DA:99,1
DA:101,3
DA:105,1
DA:114,1
DA:115,1
DA:116,1
DA:117,1
DA:118,1
DA:119,1
DA:120,1
DA:121,1
DA:122,1
DA:123,1
DA:124,1
DA:127,4
DA:128,2
DA:129,2
DA:130,2
DA:131,2
DA:132,2
DA:133,2
DA:134,2
DA:135,2
DA:136,2
DA:137,4
DA:140,1
DA:141,4
LF:59
LH:59
end_of_record
SF:lib/models/treatment_plan_models.dart
DA:2,2
DA:20,0
DA:21,0
DA:22,0
DA:23,0
DA:24,0
DA:25,0
DA:26,0
DA:27,0
DA:29,0
DA:30,0
DA:31,0
DA:33,0
DA:35,0
DA:36,0
DA:37,0
DA:39,0
DA:40,0
DA:42,0
DA:43,0
DA:44,0
DA:48,0
DA:49,0
DA:50,0
DA:51,0
DA:52,0
DA:53,0
DA:54,0
DA:56,0
DA:57,0
DA:59,0
DA:78,0
DA:79,0
DA:80,0
DA:81,0
DA:82,0
DA:83,0
DA:84,0
DA:85,0
DA:86,0
DA:87,0
DA:88,0
DA:89,0
DA:90,0
DA:91,0
DA:92,0
DA:93,0
DA:94,0
DA:95,0
DA:96,0
DA:101,1
DA:102,2
DA:103,1
DA:104,3
DA:105,1
DA:106,3
DA:110,2
DA:111,12
DA:115,0
DA:116,0
DA:121,2
DA:136,0
DA:137,0
DA:138,0
DA:139,0
DA:140,0
DA:141,0
DA:142,0
DA:144,0
DA:145,0
DA:146,0
DA:148,0
DA:149,0
DA:150,0
DA:151,0
DA:153,0
DA:154,0
DA:155,0
DA:156,0
DA:157,0
DA:159,0
DA:160,0
DA:176,0
DA:177,0
DA:178,0
DA:179,0
DA:180,0
DA:181,0
DA:182,0
DA:183,0
DA:184,0
DA:185,0
DA:186,0
DA:187,0
DA:188,0
DA:189,0
DA:194,0
DA:195,0
DA:199,0
DA:200,0
DA:201,0
DA:202,0
DA:203,0
DA:208,0
DA:224,0
DA:225,0
DA:226,0
DA:227,0
DA:228,0
DA:229,0
DA:230,0
DA:232,0
DA:233,0
DA:234,0
DA:235,0
DA:237,0
DA:238,0
DA:239,0
DA:240,0
DA:241,0
DA:242,0
DA:244,0
DA:245,0
DA:246,0
DA:248,0
DA:249,0
DA:250,0
DA:268,0
DA:269,0
DA:270,0
DA:271,0
DA:272,0
DA:273,0
DA:274,0
DA:275,0
DA:276,0
DA:277,0
DA:278,0
DA:279,0
DA:280,0
DA:281,0
DA:282,0
DA:287,0
DA:288,0
DA:289,0
DA:294,0
DA:307,0
DA:308,0
DA:309,0
DA:310,0
DA:311,0
DA:312,0
DA:313,0
DA:314,0
DA:315,0
DA:317,0
DA:318,0
DA:319,0
DA:320,0
DA:334,0
DA:335,0
DA:336,0
DA:337,0
DA:338,0
DA:339,0
DA:340,0
DA:341,0
DA:342,0
DA:343,0
DA:344,0
DA:345,0
LF:171
LH:10
end_of_record
SF:lib/services/caseload_service.dart
DA:10,1
DA:17,1
DA:28,1
DA:29,5
DA:32,5
DA:38,1
DA:39,10
DA:41,1
DA:42,1
DA:43,1
DA:44,1
DA:56,1
DA:58,1
DA:65,0
DA:67,1
DA:68,3
DA:69,3
DA:70,3
DA:71,4
DA:73,1
DA:74,2
DA:75,1
DA:79,1
DA:80,6
DA:82,1
DA:83,1
DA:84,1
DA:85,1
DA:86,2
DA:93,1
DA:94,5
DA:96,2
DA:98,3
DA:99,2
DA:100,2
DA:101,2
DA:102,1
DA:103,1
DA:104,1
DA:105,1
DA:110,2
DA:111,2
DA:112,1
DA:113,1
DA:114,1
DA:115,1
DA:123,4
DA:124,3
DA:126,1
DA:131,1
DA:132,1
DA:133,1
DA:135,1
DA:142,2
DA:143,3
DA:144,1
DA:145,0
LF:57
LH:55
end_of_record
SF:lib/services/auth/practice_rbac.dart
DA:84,0
DA:131,1
DA:132,2
DA:138,1
DA:140,0
DA:146,1
DA:147,2
DA:152,0
DA:153,0
DA:158,1
DA:159,1
DA:160,2
DA:161,2
LF:13
LH:9
end_of_record
SF:lib/services/security/local_db_key_service.dart
DA:13,1
DA:41,1
DA:42,1
DA:43,3
DA:44,1
DA:50,1
DA:51,2
DA:52,1
DA:55,1
DA:56,2
DA:63,1
DA:64,2
DA:65,2
DA:75,1
DA:76,2
DA:77,1
DA:78,2
DA:80,1
DA:81,2
DA:87,1
DA:88,2
DA:95,1
DA:96,2
LF:23
LH:23
end_of_record
SF:lib/services/security/byok_rotation_service.dart
DA:31,2
DA:43,2
DA:60,6
DA:61,3
DA:62,3
DA:68,2
DA:73,4
DA:74,2
DA:80,4
DA:81,2
DA:88,6
DA:89,1
DA:90,3
DA:91,1
DA:92,1
DA:93,1
DA:94,1
DA:95,3
DA:97,6
DA:98,2
DA:103,0
DA:106,0
DA:112,2
DA:113,6
DA:120,1
DA:124,3
DA:126,1
DA:128,2
DA:129,1
DA:132,1
DA:135,3
DA:140,1
DA:141,3
DA:142,3
LF:34
LH:32
end_of_record
SF:lib/models/escalation_soft_lock_record.dart
DA:18,0
DA:31,0
DA:33,0
DA:34,0
DA:55,1
DA:69,1
DA:70,1
DA:71,1
DA:72,1
DA:73,1
DA:74,1
DA:75,1
DA:76,1
DA:77,1
DA:79,2
DA:80,0
DA:82,2
DA:83,0
DA:84,1
DA:85,1
DA:128,1
DA:129,1
DA:130,4
DA:133,1
DA:136,1
DA:137,1
DA:138,1
DA:139,1
DA:140,1
DA:141,1
DA:142,1
DA:143,1
DA:144,1
DA:145,1
DA:146,0
DA:147,1
DA:150,2
DA:151,2
DA:152,2
DA:153,2
DA:154,2
DA:155,2
DA:156,2
DA:157,2
DA:158,3
DA:159,3
DA:160,3
DA:161,2
DA:166,1
DA:167,2
LF:50
LH:43
end_of_record
SF:lib/models/patient_intake.dart
DA:14,2
DA:33,2
DA:35,2
DA:36,1
DA:37,1
DA:38,2
DA:39,1
DA:40,1
DA:41,1
DA:42,1
DA:43,1
DA:44,1
DA:45,2
DA:46,2
DA:47,1
DA:48,1
DA:49,1
DA:50,1
DA:51,1
DA:52,2
DA:53,2
DA:55,2
DA:93,1
DA:94,3
DA:95,3
DA:96,2
DA:98,4
DA:99,4
DA:100,4
DA:101,5
DA:102,4
DA:103,4
DA:104,4
DA:105,2
DA:106,2
DA:107,2
DA:108,2
DA:109,4
DA:110,4
DA:111,4
DA:112,4
DA:113,4
DA:114,4
DA:115,4
DA:116,4
DA:117,8
DA:118,8
DA:121,1
DA:138,1
DA:139,1
DA:140,1
DA:141,1
DA:142,1
DA:143,1
DA:144,1
DA:145,1
DA:146,1
DA:147,1
DA:148,1
DA:149,1
DA:150,1
DA:151,1
DA:152,1
DA:153,1
DA:154,1
DA:155,1
DA:156,1
DA:159,1
DA:160,3
DA:161,4
DA:162,1
LF:71
LH:71
end_of_record
SF:lib/models/session_note.dart
DA:13,4
DA:14,2
DA:15,2
DA:16,2
DA:17,2
DA:18,2
DA:19,4
DA:20,2
DA:21,4
DA:22,2
DA:23,2
DA:25,4
DA:36,3
DA:66,4
DA:71,1
DA:72,1
DA:73,1
DA:74,1
DA:75,1
DA:76,1
DA:77,1
DA:78,1
DA:79,1
DA:83,1
DA:90,1
DA:95,1
DA:96,2
DA:97,1
DA:102,1
DA:104,1
DA:106,1
DA:107,1
DA:108,1
DA:109,1
DA:113,6
DA:114,6
DA:115,6
DA:116,6
DA:117,6
DA:118,6
DA:119,9
DA:120,6
DA:121,6
DA:122,5
DA:123,3
LF:45
LH:45
end_of_record
SF:lib/utils/dsar_export.dart
DA:22,2
DA:34,1
DA:36,2
DA:37,2
DA:38,2
DA:39,6
DA:40,2
DA:41,4
DA:45,0
DA:46,2
DA:47,2
DA:48,2
DA:49,2
DA:50,4
DA:51,2
DA:52,2
DA:59,1
DA:60,1
DA:61,1
DA:62,1
DA:63,1
DA:64,1
DA:68,1
DA:69,1
LF:24
LH:23
end_of_record
SF:lib/utils/dsar_export_zip.dart
DA:26,1
DA:31,1
DA:32,2
DA:38,1
DA:39,1
DA:40,1
DA:41,2
DA:43,2
DA:44,1
DA:45,3
DA:47,2
DA:49,1
DA:54,1
DA:55,3
DA:56,3
DA:57,3
DA:58,1
DA:61,1
DA:62,2
DA:99,1
LF:20
LH:20
end_of_record
SF:lib/models/auth_models.dart
DA:2,0
DA:3,0
DA:5,0
DA:6,0
DA:7,0
DA:8,0
DA:14,0
DA:15,0
DA:16,0
DA:17,0
DA:27,1
DA:36,2
DA:37,1
DA:38,1
DA:39,1
DA:40,1
DA:41,6
DA:42,1
DA:43,1
DA:44,1
DA:53,2
DA:54,1
DA:55,1
DA:56,1
DA:57,5
DA:58,1
DA:59,1
DA:64,0
LF:28
LH:17
end_of_record
SF:lib/models/sso_provider.dart
DA:16,1
DA:17,5
DA:23,1
DA:47,2
DA:49,1
DA:54,1
DA:55,1
DA:56,1
DA:57,1
DA:58,1
DA:59,1
DA:60,1
DA:61,1
DA:62,1
DA:63,1
DA:64,1
DA:67,2
DA:68,2
DA:69,3
DA:70,3
DA:71,2
DA:72,2
DA:73,3
DA:74,2
DA:75,2
DA:76,1
DA:77,4
DA:78,2
DA:81,1
DA:82,1
DA:83,1
DA:84,2
DA:85,1
DA:86,4
DA:87,0
DA:89,1
DA:90,1
DA:91,1
DA:92,1
DA:93,1
DA:94,1
DA:95,2
DA:97,1
LF:43
LH:42
end_of_record
SF:lib/services/ai/ai_diagnosis_service.dart
DA:11,1
DA:55,1
DA:63,1
DA:64,1
DA:74,1
DA:75,1
DA:76,1
DA:77,1
DA:79,0
DA:80,0
DA:84,1
DA:88,1
DA:89,1
DA:95,1
DA:96,1
DA:97,1
DA:100,1
DA:104,1
DA:105,1
DA:106,1
DA:107,1
DA:108,1
DA:109,1
DA:110,1
DA:112,2
DA:113,2
DA:117,1
DA:118,1
DA:123,1
LF:29
LH:27
end_of_record
SF:lib/services/ai/llm_proxy_client.dart
DA:21,1
DA:22,2
DA:23,2
DA:26,2
DA:27,1
DA:34,2
DA:54,2
DA:55,4
DA:56,2
DA:57,2
DA:58,2
DA:59,6
DA:60,2
DA:62,3
DA:63,2
DA:64,2
DA:65,2
DA:66,2
DA:72,2
DA:90,2
DA:94,2
DA:96,6
DA:97,1
DA:98,1
DA:99,1
DA:100,2
DA:101,1
DA:102,3
DA:104,2
LF:29
LH:29
end_of_record
SF:lib/models/differential_candidate.dart
DA:21,3
DA:29,12
DA:30,1
DA:32,12
DA:33,2
DA:35,1
DA:40,2
DA:41,2
DA:42,2
DA:43,2
DA:44,4
DA:45,4
DA:46,4
DA:47,4
DA:70,2
DA:71,4
DA:72,4
DA:73,2
DA:77,2
DA:78,1
DA:79,1
DA:80,1
DA:81,1
DA:82,1
DA:83,1
DA:86,2
DA:87,2
DA:88,8
LF:28
LH:28
end_of_record
SF:lib/services/native/live_activity_channel.dart
DA:13,1
DA:18,1
DA:20,1
DA:23,1
DA:31,1
DA:35,0
DA:36,0
DA:37,0
DA:38,0
DA:39,0
DA:40,0
DA:41,0
DA:43,0
DA:46,0
DA:47,0
DA:52,0
DA:59,0
DA:65,1
DA:74,2
DA:76,1
DA:82,1
DA:83,0
DA:84,0
DA:85,0
DA:86,0
DA:87,0
DA:88,0
DA:92,1
DA:93,1
DA:94,0
LF:30
LH:11
end_of_record
SF:lib/services/portal/patient_invite_service.dart
DA:30,0
DA:36,1
DA:53,1
DA:58,1
DA:59,2
DA:64,1
DA:65,1
LF:7
LH:6
end_of_record
SF:lib/services/native/handoff_channel.dart
DA:20,1
DA:22,3
DA:31,3
DA:33,1
DA:35,2
DA:38,1
DA:43,1
DA:44,1
DA:45,1
DA:48,0
DA:49,0
DA:50,0
DA:51,0
DA:54,0
DA:55,0
DA:60,0
DA:61,0
DA:63,0
DA:64,0
DA:65,0
DA:69,0
DA:70,0
DA:71,0
DA:72,0
DA:73,0
DA:74,0
DA:75,0
DA:76,0
DA:78,0
DA:84,1
DA:85,2
DA:90,0
LF:32
LH:11
end_of_record
SF:lib/services/assessments/escalation_soft_lock.dart
DA:8,1
DA:34,1
DA:35,5
DA:45,1
DA:46,3
DA:51,3
DA:54,1
DA:55,5
DA:58,1
DA:59,1
DA:60,6
DA:63,1
DA:64,2
DA:65,1
DA:70,1
DA:71,2
DA:72,1
LF:17
LH:17
end_of_record
SF:lib/models/beta_feedback.dart
DA:12,1
DA:13,4
DA:22,1
DA:24,1
DA:26,1
DA:28,1
DA:30,1
DA:40,3
DA:41,1
DA:42,1
DA:43,1
DA:44,1
DA:45,1
DA:46,1
DA:47,1
DA:48,1
DA:52,1
DA:61,2
DA:62,1
DA:63,3
DA:64,1
DA:66,3
DA:67,1
DA:69,1
DA:70,1
DA:75,2
DA:76,2
DA:77,2
DA:79,1
DA:98,2
DA:99,1
DA:100,2
DA:101,1
DA:102,1
DA:103,1
DA:104,2
DA:105,1
DA:106,3
DA:109,2
DA:110,1
DA:111,2
DA:112,1
DA:113,1
DA:114,1
DA:115,1
DA:116,2
DA:117,1
DA:118,4
DA:119,0
DA:132,1
DA:134,2
DA:137,1
DA:138,2
LF:53
LH:52
end_of_record
SF:lib/models/claim_submission.dart
DA:19,1
DA:20,1
DA:22,1
DA:23,4
DA:27,1
DA:42,2
DA:43,0
DA:45,2
DA:46,1
DA:48,2
DA:49,1
DA:53,2
DA:54,1
DA:90,1
DA:91,2
DA:92,1
DA:93,4
DA:94,4
DA:97,1
DA:103,1
DA:105,1
DA:107,2
DA:108,1
DA:109,1
DA:110,1
DA:111,1
DA:112,1
DA:113,1
DA:114,1
DA:115,1
DA:117,1
DA:118,2
DA:120,1
DA:121,1
DA:122,1
DA:124,1
DA:125,1
DA:126,1
DA:130,2
DA:131,2
DA:132,2
DA:133,2
DA:134,2
DA:135,2
DA:136,2
DA:137,2
DA:138,3
DA:139,4
DA:140,1
DA:141,4
DA:142,1
DA:143,0
DA:144,1
DA:145,3
DA:148,1
DA:149,1
DA:150,1
DA:151,1
DA:152,1
DA:153,1
DA:154,4
DA:155,1
DA:156,2
DA:157,1
DA:158,1
DA:159,2
DA:160,2
DA:161,1
DA:162,2
DA:164,1
DA:165,0
DA:167,1
DA:168,1
LF:73
LH:70
end_of_record
SF:lib/services/data/auto_logout_controller.dart
DA:19,1
DA:28,3
DA:29,1
DA:42,0
DA:44,0
DA:45,0
DA:46,0
DA:49,1
DA:50,3
DA:53,1
DA:54,2
DA:55,3
DA:56,5
DA:58,1
DA:59,1
DA:63,1
DA:64,1
DA:65,2
DA:66,6
DA:67,1
DA:68,1
DA:70,2
DA:72,3
DA:73,1
DA:75,1
DA:78,1
DA:79,2
DA:80,1
DA:81,3
LF:29
LH:25
end_of_record
SF:lib/services/data/shared_device_service.dart
DA:17,2
DA:20,2
DA:22,2
DA:24,2
DA:27,2
DA:29,2
DA:38,4
DA:39,2
DA:41,2
DA:42,4
DA:44,1
DA:45,1
DA:46,2
DA:47,1
DA:48,1
DA:51,2
DA:52,4
DA:53,2
DA:54,2
DA:55,2
DA:56,2
DA:57,2
LF:22
LH:22
end_of_record
SF:lib/models/account_deletion_request.dart
DA:21,1
DA:22,2
DA:23,2
DA:34,2
DA:41,4
DA:43,1
DA:44,2
DA:45,2
DA:46,1
DA:47,1
DA:51,3
DA:52,2
DA:53,2
DA:54,1
DA:75,2
DA:76,2
DA:77,2
DA:82,1
DA:83,2
DA:84,3
DA:89,1
DA:90,2
DA:91,3
DA:94,2
DA:99,2
DA:100,2
DA:101,2
DA:102,8
DA:103,1
DA:104,2
DA:105,2
DA:109,2
DA:110,2
DA:111,4
DA:112,4
DA:113,1
DA:114,4
DA:115,1
DA:116,0
DA:117,3
LF:40
LH:39
end_of_record
SF:lib/services/data/account_deletion_repository.dart
DA:20,1
DA:21,2
DA:22,1
DA:26,1
DA:27,2
DA:29,1
DA:31,3
DA:33,2
DA:36,1
DA:39,1
DA:41,2
DA:43,5
DA:44,1
DA:47,1
DA:49,2
DA:51,5
DA:52,1
DA:57,1
DA:58,2
DA:59,1
LF:20
LH:20
end_of_record
SF:lib/services/erx/ddi_checker.dart
DA:18,1
DA:42,1
DA:56,1
DA:130,1
DA:131,1
DA:133,3
DA:134,4
DA:135,1
DA:136,1
DA:137,2
DA:139,4
DA:141,4
DA:143,3
DA:144,1
DA:145,1
DA:146,1
DA:147,1
DA:150,1
DA:151,1
DA:162,1
DA:163,5
DA:169,3
DA:170,1
DA:171,2
DA:172,2
LF:25
LH:25
end_of_record
SF:lib/models/audit_log_entry.dart
DA:20,1
DA:21,2
DA:22,2
DA:29,2
DA:43,2
DA:44,1
DA:45,1
DA:46,1
DA:47,1
DA:48,1
DA:50,2
DA:51,0
DA:52,2
DA:53,1
DA:54,1
DA:55,1
DA:56,1
DA:85,2
DA:86,2
DA:87,2
DA:88,2
DA:89,2
DA:90,2
DA:91,4
DA:92,3
DA:93,3
DA:94,3
DA:95,3
DA:96,3
LF:29
LH:28
end_of_record
SF:lib/utils/audit_log_exporter.dart
DA:29,1
DA:34,2
DA:35,5
DA:41,1
DA:46,2
DA:47,5
DA:53,1
DA:54,1
DA:55,1
DA:56,1
DA:57,1
DA:58,2
DA:59,2
DA:60,1
DA:61,1
DA:62,1
DA:63,2
DA:64,1
DA:65,1
DA:69,1
DA:70,1
DA:71,1
DA:72,1
DA:73,1
DA:74,1
DA:77,1
DA:79,1
DA:80,1
DA:81,2
DA:82,3
DA:85,1
DA:86,2
DA:87,2
DA:99,1
DA:100,6
DA:106,0
DA:107,0
DA:117,1
DA:121,1
DA:122,1
DA:127,1
DA:132,1
DA:133,2
DA:134,3
DA:135,1
DA:137,2
DA:138,2
DA:139,2
DA:140,2
DA:141,3
DA:142,3
DA:144,1
DA:147,1
DA:148,3
DA:153,1
DA:167,1
DA:169,3
DA:170,2
DA:175,2
DA:176,2
DA:177,1
DA:178,1
DA:179,2
DA:180,4
DA:181,2
DA:182,2
DA:183,2
DA:184,2
DA:185,3
DA:186,2
DA:187,2
DA:188,2
DA:189,2
DA:190,1
DA:193,1
LF:75
LH:73
end_of_record
SF:lib/models/passkey.dart
DA:12,2
DA:22,4
DA:23,6
DA:24,1
DA:25,1
DA:30,6
DA:31,2
DA:33,4
DA:34,2
DA:36,12
DA:37,1
DA:38,1
DA:55,4
DA:57,2
DA:62,2
DA:63,2
DA:64,2
DA:65,2
DA:66,2
DA:67,2
DA:68,2
DA:69,2
DA:70,2
DA:71,1
DA:74,2
DA:75,2
DA:76,2
DA:77,2
DA:78,2
DA:79,2
DA:80,3
DA:81,3
DA:82,4
DA:83,4
DA:86,1
DA:87,1
DA:88,1
DA:89,1
DA:90,1
DA:91,1
DA:92,1
DA:93,2
DA:94,1
DA:95,1
DA:96,2
DA:97,1
DA:99,2
DA:100,1
DA:102,2
DA:120,2
DA:122,4
DA:123,4
DA:126,2
DA:128,8
DA:129,4
DA:130,3
DA:132,4
DA:135,1
DA:141,3
DA:143,0
DA:145,2
DA:146,2
DA:151,4
DA:153,2
DA:157,2
DA:159,6
DA:161,8
DA:162,4
LF:68
LH:67
end_of_record
SF:lib/services/billing/checkout_service.dart
DA:17,1
DA:18,1
DA:24,0
DA:25,0
DA:29,1
DA:33,1
DA:36,1
DA:43,0
DA:44,0
DA:50,0
DA:55,0
DA:56,0
DA:57,0
DA:58,0
DA:59,0
DA:60,0
DA:61,0
DA:64,0
DA:65,0
DA:66,0
DA:68,0
DA:69,0
DA:70,0
DA:74,0
DA:77,0
DA:81,0
DA:85,1
DA:89,0
DA:90,0
LF:29
LH:6
end_of_record
SF:lib/services/billing/subscription_service.dart
DA:10,0
DA:11,0
DA:12,0
DA:13,0
DA:14,0
DA:18,1
DA:19,1
DA:20,1
DA:21,1
DA:22,1
DA:25,4
DA:36,2
DA:39,4
DA:42,1
DA:43,4
DA:44,1
DA:45,1
DA:46,1
DA:49,2
DA:55,1
DA:56,0
DA:59,4
DA:62,1
DA:65,1
DA:68,1
DA:69,2
LF:26
LH:20
end_of_record
SF:lib/services/copilot/soap_generator_service.dart
DA:15,0
DA:16,0
DA:17,0
DA:24,0
DA:33,0
DA:34,0
DA:42,0
DA:43,0
DA:50,0
DA:55,0
DA:56,0
DA:62,0
DA:63,0
DA:64,0
DA:65,0
DA:68,0
DA:70,0
DA:72,0
DA:76,0
DA:82,0
DA:88,0
DA:89,0
DA:91,0
DA:94,0
DA:95,0
DA:97,0
DA:101,0
DA:102,0
DA:103,0
DA:104,0
DA:105,0
DA:107,0
DA:114,0
DA:117,0
DA:120,0
DA:148,0
DA:149,0
DA:166,0
DA:167,0
DA:178,0
DA:179,0
DA:197,0
DA:198,0
DA:229,0
DA:231,0
DA:232,0
DA:235,0
DA:238,0
DA:241,0
DA:244,0
DA:247,0
DA:250,0
DA:254,0
DA:259,0
DA:262,0
DA:268,0
DA:269,0
DA:270,0
DA:272,0
DA:273,0
DA:274,0
DA:277,0
DA:278,0
DA:282,0
DA:283,0
DA:286,0
DA:287,0
DA:288,0
DA:289,0
DA:290,0
DA:293,0
DA:299,0
DA:300,0
DA:301,0
DA:302,0
DA:303,0
DA:304,0
DA:323,2
DA:324,2
DA:325,2
DA:326,2
DA:327,2
DA:328,2
DA:329,2
DA:330,2
DA:331,2
DA:332,0
DA:337,0
DA:339,0
DA:340,0
DA:341,0
DA:344,0
DA:348,0
DA:372,1
DA:376,0
DA:377,0
LF:96
LH:10
end_of_record
SF:lib/services/copilot/supervision_service.dart
DA:21,1
DA:26,1
DA:27,1
DA:41,0
DA:45,0
DA:46,0
DA:53,0
DA:55,0
DA:58,0
DA:75,0
DA:76,0
DA:77,0
DA:78,0
DA:79,0
DA:80,0
DA:81,0
DA:82,0
DA:84,0
DA:87,0
DA:91,0
DA:92,0
DA:94,0
DA:97,0
DA:106,0
DA:107,0
DA:108,0
DA:109,0
DA:114,0
DA:115,0
DA:116,0
DA:119,0
DA:120,0
DA:121,0
DA:122,0
DA:123,0
DA:124,0
DA:131,0
DA:134,0
DA:139,1
DA:141,1
DA:142,1
DA:143,2
DA:145,3
DA:146,2
DA:147,4
DA:148,3
DA:149,1
DA:150,1
DA:151,1
DA:152,2
DA:153,0
DA:154,1
DA:155,1
DA:157,2
DA:158,1
DA:159,1
DA:160,1
DA:161,2
DA:164,2
DA:165,2
DA:166,2
DA:167,2
DA:168,2
DA:171,0
DA:176,0
DA:180,1
DA:184,0
DA:185,0
LF:68
LH:28
end_of_record
SF:lib/models/supervision_report.dart
DA:10,1
DA:31,1
DA:32,1
DA:33,3
DA:34,3
DA:35,1
DA:36,2
DA:38,2
DA:39,1
DA:41,2
DA:43,3
DA:44,1
DA:46,1
DA:47,1
DA:48,2
DA:49,2
DA:50,2
DA:52,1
DA:55,2
DA:56,2
DA:57,2
DA:58,1
DA:62,2
LF:23
LH:23
end_of_record
SF:lib/services/copilot/prompt_safety.dart
DA:9,0
DA:22,1
DA:26,1
DA:27,2
DA:28,1
DA:32,1
DA:35,2
DA:36,1
DA:37,2
DA:40,1
DA:44,1
DA:45,1
DA:46,3
DA:48,3
DA:49,2
DA:50,1
DA:52,1
DA:63,1
DA:64,2
DA:79,1
DA:80,1
DA:81,1
DA:82,2
DA:83,2
DA:86,2
DA:87,2
DA:88,1
DA:96,1
DA:98,1
DA:99,1
DA:100,2
DA:101,2
DA:102,1
DA:113,1
LF:34
LH:33
end_of_record
SF:lib/services/assessments/gad7_service.dart
DA:4,1
DA:5,3
DA:24,1
DA:25,3
DA:26,3
DA:27,1
DA:29,1
DA:30,1
DA:34,1
DA:35,1
DA:36,1
DA:37,1
DA:45,1
DA:46,1
DA:47,1
DA:48,1
DA:49,1
DA:52,1
DA:53,1
DA:54,1
DA:55,1
DA:56,1
DA:62,1
LF:23
LH:23
end_of_record
SF:lib/models/cssrs_administration_mode.dart
DA:38,1
DA:39,1
DA:40,1
DA:43,2
DA:44,3
DA:45,1
LF:6
LH:6
end_of_record
SF:lib/models/telehealth_session.dart
DA:11,2
DA:26,1
DA:27,1
DA:28,1
DA:29,1
DA:30,1
DA:31,1
DA:32,1
DA:33,1
DA:35,2
DA:36,0
DA:37,2
DA:38,2
DA:39,2
DA:40,1
DA:41,1
DA:43,2
DA:74,3
DA:78,1
DA:79,1
DA:80,1
DA:82,2
DA:88,1
DA:89,1
DA:91,2
DA:97,3
DA:99,1
DA:105,1
DA:106,1
DA:107,1
DA:108,1
DA:109,1
DA:110,1
DA:111,1
DA:112,1
DA:113,1
DA:114,1
DA:115,0
DA:116,1
DA:117,1
DA:120,2
DA:121,2
DA:122,2
DA:123,2
DA:124,2
DA:125,2
DA:126,2
DA:127,3
DA:128,4
DA:129,4
DA:130,3
DA:131,3
DA:132,4
DA:147,1
DA:148,2
DA:149,2
DA:164,1
DA:165,2
DA:166,2
LF:59
LH:57
end_of_record
SF:lib/widgets/telehealth_controls.dart
DA:13,1
DA:26,1
DA:27,3
DA:28,3
DA:30,1
DA:32,2
DA:33,2
DA:34,1
DA:35,1
DA:37,1
DA:39,1
DA:40,2
DA:42,1
DA:44,2
DA:49,1
DA:51,1
DA:53,2
DA:58,1
DA:61,1
DA:62,2
DA:66,1
DA:67,1
DA:69,1
DA:72,2
DA:75,1
DA:76,1
DA:78,1
DA:79,1
DA:80,1
DA:82,1
DA:83,1
DA:84,1
DA:87,1
DA:90,1
DA:91,1
DA:95,2
DA:96,1
DA:111,1
DA:123,1
DA:125,2
DA:126,1
DA:128,1
DA:130,1
DA:131,3
DA:133,1
DA:135,1
DA:136,2
DA:137,1
DA:138,2
DA:139,3
DA:140,1
DA:142,0
DA:143,0
LF:53
LH:51
end_of_record
SF:lib/services/copilot/risk_signal_service.dart
DA:30,2
DA:35,2
DA:36,2
DA:51,2
DA:250,2
DA:252,2
DA:253,4
DA:254,4
DA:255,2
DA:256,2
DA:257,4
DA:258,4
DA:259,4
DA:260,2
DA:261,2
DA:262,2
DA:263,4
DA:267,2
DA:269,2
DA:279,2
DA:280,2
DA:281,4
DA:282,0
DA:283,0
DA:284,0
DA:285,0
DA:286,0
DA:291,0
DA:292,0
DA:293,0
DA:296,0
DA:300,0
DA:319,0
DA:320,0
DA:321,0
DA:322,0
DA:323,0
DA:324,0
DA:325,0
DA:326,0
DA:328,0
DA:332,0
DA:333,0
DA:335,0
DA:338,0
DA:347,0
DA:348,0
DA:349,0
DA:350,0
DA:353,0
DA:354,0
DA:355,0
DA:356,0
DA:362,0
DA:363,0
DA:364,0
DA:365,0
DA:366,0
DA:367,0
DA:368,0
DA:370,0
DA:371,0
DA:380,0
DA:382,0
DA:383,0
DA:384,0
DA:386,0
DA:387,0
DA:389,0
DA:390,0
DA:391,0
DA:392,0
DA:393,0
DA:394,0
DA:395,0
DA:397,0
DA:400,0
DA:401,0
DA:405,0
DA:410,0
DA:411,0
DA:412,0
DA:413,0
DA:414,0
DA:418,0
DA:419,0
DA:420,0
DA:421,0
DA:425,2
DA:426,4
DA:427,4
DA:454,0
DA:455,0
DA:456,0
DA:457,0
DA:458,0
DA:459,0
DA:464,1
DA:465,1
DA:466,0
DA:467,0
DA:468,0
DA:476,2
DA:482,2
DA:499,6
LF:105
LH:30
end_of_record
SF:lib/screens/auth/passkey_enrol_screen.dart
DA:22,1
DA:26,1
DA:27,1
DA:35,1
DA:37,1
DA:38,4
DA:39,4
DA:42,1
DA:44,4
DA:45,2
DA:46,1
DA:49,1
DA:50,3
DA:53,1
DA:54,3
DA:55,1
DA:56,0
DA:59,2
DA:60,1
DA:61,1
DA:63,3
DA:64,1
DA:65,2
DA:66,1
DA:67,1
DA:68,1
DA:69,0
DA:71,0
DA:72,0
DA:73,0
DA:74,0
DA:76,0
DA:78,3
DA:82,1
DA:84,3
DA:85,1
DA:88,1
DA:90,1
DA:91,1
DA:92,1
DA:94,1
DA:95,1
DA:97,3
DA:106,4
DA:114,1
DA:115,1
DA:116,1
DA:117,1
DA:118,1
DA:119,1
DA:128,1
DA:131,4
DA:133,1
DA:135,2
DA:139,2
DA:141,5
DA:147,4
DA:149,1
DA:150,1
DA:154,1
DA:155,2
DA:157,5
DA:167,1
DA:171,1
DA:173,1
DA:174,5
DA:175,2
DA:176,0
DA:177,3
DA:179,1
DA:181,1
DA:182,1
DA:183,1
DA:186,1
DA:187,1
DA:189,1
DA:190,1
DA:191,2
DA:192,3
DA:195,1
DA:196,1
DA:197,3
DA:202,2
DA:203,1
DA:205,1
DA:206,1
LF:86
LH:78
end_of_record
SF:lib/services/auth/passkey_service.dart
DA:40,1
DA:46,1
DA:52,1
DA:54,0
DA:57,0
DA:64,0
DA:74,1
DA:87,2
DA:88,3
DA:91,0
DA:94,0
DA:96,1
DA:97,4
DA:98,1
DA:101,1
DA:102,1
DA:103,1
DA:104,1
DA:105,1
DA:107,2
DA:108,3
DA:109,4
DA:110,4
DA:112,0
DA:114,1
DA:116,1
DA:117,1
DA:121,1
DA:122,1
DA:123,1
DA:124,1
DA:126,3
DA:127,4
DA:129,1
DA:130,1
LF:35
LH:29
end_of_record
SF:lib/widgets/phq9_trigger_sheet.dart
DA:17,1
DA:36,0
DA:45,0
DA:46,0
DA:49,0
DA:60,1
DA:62,2
DA:63,2
DA:64,2
DA:65,1
DA:66,1
DA:68,1
DA:71,1
DA:72,1
DA:73,1
DA:74,1
DA:76,1
DA:77,1
DA:79,2
DA:85,4
DA:87,1
DA:88,1
DA:89,1
DA:90,1
DA:91,1
DA:94,2
DA:96,1
DA:97,2
DA:98,1
DA:99,1
DA:100,1
DA:112,1
DA:124,1
DA:126,1
DA:127,2
DA:128,2
DA:130,1
DA:132,1
DA:133,1
DA:134,1
DA:136,1
DA:142,1
DA:144,1
DA:145,1
DA:146,1
DA:150,1
DA:151,1
DA:152,1
DA:156,1
DA:157,1
DA:158,1
DA:162,0
DA:169,1
DA:173,1
DA:175,2
DA:176,1
DA:178,1
DA:179,1
DA:182,1
DA:183,1
DA:184,5
DA:185,3
LF:62
LH:57
end_of_record
SF:lib/models/portal_dsar_request.dart
DA:15,2
DA:25,4
DA:27,1
DA:28,1
DA:29,1
DA:30,1
DA:31,1
DA:32,2
DA:33,2
DA:34,1
DA:35,1
DA:36,2
DA:37,2
DA:59,3
DA:62,1
DA:63,2
DA:64,2
DA:65,3
DA:67,2
DA:68,4
DA:69,2
DA:70,2
DA:71,2
DA:72,2
DA:76,2
DA:77,2
DA:78,0
DA:82,1
DA:83,1
DA:88,2
DA:93,2
DA:94,2
DA:95,2
DA:96,2
DA:97,2
DA:98,0
DA:99,0
DA:100,2
DA:101,2
DA:102,1
DA:105,2
DA:106,2
DA:107,2
DA:108,2
DA:109,3
DA:110,3
DA:111,2
DA:112,2
DA:113,3
DA:114,4
DA:127,1
DA:128,2
DA:129,2
DA:144,1
DA:145,2
DA:146,2
LF:56
LH:53
end_of_record
SF:lib/services/data/homework_repository.dart
DA:16,1
DA:17,1
DA:18,2
DA:20,1
DA:21,2
DA:23,2
DA:26,2
DA:27,2
DA:30,1
DA:31,2
DA:38,1
DA:39,2
DA:40,2
DA:41,1
DA:46,0
DA:48,1
DA:51,1
DA:53,1
DA:54,1
DA:56,6
DA:59,0
DA:64,0
DA:66,1
DA:67,6
DA:68,5
DA:72,1
DA:73,2
DA:74,1
DA:77,1
DA:78,5
DA:79,1
DA:80,8
DA:81,1
DA:84,0
DA:85,0
DA:86,0
LF:36
LH:30
end_of_record
SF:lib/widgets/differential_candidate_card.dart
DA:14,1
DA:27,1
DA:29,1
DA:31,1
DA:33,1
DA:35,0
DA:40,1
DA:42,1
DA:44,1
DA:46,1
DA:48,0
DA:53,1
DA:55,2
DA:56,2
DA:57,2
DA:58,1
DA:60,1
DA:61,1
DA:63,1
DA:65,1
DA:66,1
DA:67,1
DA:68,1
DA:73,1
DA:74,1
DA:75,1
DA:77,4
DA:80,5
DA:84,1
DA:85,2
DA:87,1
DA:88,4
DA:89,1
DA:92,3
DA:93,1
DA:97,2
DA:99,3
DA:100,1
DA:104,2
DA:106,4
DA:108,1
DA:109,4
DA:110,3
DA:113,1
DA:114,1
DA:117,1
DA:118,1
DA:119,1
DA:123,1
DA:124,1
DA:128,1
DA:129,1
DA:135,1
DA:136,1
DA:151,1
DA:160,1
DA:162,2
DA:163,1
DA:165,1
DA:166,1
DA:167,1
DA:168,1
DA:169,2
DA:171,2
DA:172,2
DA:176,5
DA:183,1
DA:194,1
DA:196,2
DA:197,1
DA:199,1
DA:201,1
DA:202,3
DA:204,1
DA:205,1
DA:207,1
DA:209,1
DA:210,3
DA:212,3
DA:223,1
DA:232,1
DA:234,1
DA:236,1
DA:237,2
DA:238,1
DA:240,1
DA:241,1
DA:242,3
DA:244,1
DA:245,1
DA:246,1
DA:247,5
LF:92
LH:90
end_of_record
SF:lib/services/billing/carc_mapping.dart
DA:14,1
DA:359,1
DA:360,1
DA:361,1
DA:362,1
DA:365,1
DA:366,3
DA:367,1
DA:368,2
DA:370,3
DA:374,2
DA:377,2
LF:12
LH:12
end_of_record
SF:lib/models/appointment_model.dart
DA:2,1
DA:18,1
DA:19,1
DA:20,1
DA:21,1
DA:22,1
DA:23,2
DA:24,2
DA:25,1
DA:26,1
DA:27,1
DA:28,1
DA:29,1
DA:30,1
DA:31,2
DA:32,2
DA:49,4
DA:51,0
DA:52,0
DA:53,0
DA:54,0
DA:55,0
DA:58,1
DA:59,3
DA:62,1
DA:63,3
DA:66,1
DA:67,1
DA:68,1
DA:69,1
DA:70,1
DA:71,2
DA:72,2
DA:73,1
DA:74,1
DA:75,1
DA:76,1
DA:77,1
DA:78,1
DA:79,2
DA:80,2
DA:84,1
DA:99,1
DA:100,1
DA:101,1
DA:102,1
DA:103,1
DA:104,1
DA:105,1
DA:106,1
DA:107,0
DA:108,1
DA:109,1
DA:110,1
DA:111,1
DA:112,1
LF:56
LH:50
end_of_record
SF:lib/utils/appointment_conflict.dart
DA:16,1
DA:22,2
DA:30,1
DA:35,2
DA:36,2
DA:37,1
DA:38,1
DA:39,1
DA:40,1
DA:41,1
DA:50,1
DA:55,1
LF:12
LH:12
end_of_record
SF:lib/models/state_landing.dart
DA:5,1
DA:27,3
DA:28,1
DA:29,3
DA:31,2
DA:32,2
DA:33,2
DA:34,2
DA:35,2
DA:36,2
DA:37,2
DA:38,2
DA:39,1
DA:40,1
DA:41,2
LF:15
LH:15
end_of_record
SF:lib/models/deposit_charge.dart
DA:13,2
DA:27,4
DA:28,4
DA:29,1
DA:30,2
DA:33,2
DA:34,0
DA:35,0
DA:37,0
DA:43,2
DA:44,1
DA:45,1
DA:46,1
DA:47,1
DA:48,2
DA:49,1
DA:50,2
DA:51,1
DA:52,1
DA:53,1
DA:54,2
DA:55,2
DA:56,2
DA:85,2
DA:86,4
DA:87,2
DA:88,2
DA:89,2
DA:93,2
DA:94,2
DA:95,1
DA:96,0
DA:100,2
DA:101,1
DA:102,1
DA:103,1
DA:108,1
DA:115,1
DA:116,1
DA:117,1
DA:118,1
DA:119,1
DA:120,1
DA:121,1
DA:122,0
DA:123,1
DA:124,1
DA:125,1
DA:126,1
DA:127,1
DA:128,1
DA:131,2
DA:132,2
DA:133,2
DA:134,2
DA:135,2
DA:136,2
DA:137,2
DA:138,3
DA:139,3
DA:140,3
DA:141,1
DA:142,3
DA:143,4
DA:144,1
DA:159,1
DA:160,2
DA:161,2
LF:68
LH:63
end_of_record
SF:lib/widgets/no_show_charge_button.dart
DA:15,1
DA:26,1
DA:28,1
DA:30,1
DA:32,1
DA:34,0
DA:36,0
DA:38,0
DA:43,1
DA:45,1
DA:47,1
DA:49,0
DA:50,0
DA:52,0
DA:53,0
DA:58,1
DA:59,4
DA:60,3
DA:63,1
DA:65,2
DA:66,3
DA:68,2
DA:70,2
DA:72,1
DA:73,1
DA:75,1
DA:77,1
DA:78,1
DA:79,1
DA:80,1
DA:81,4
DA:83,1
DA:88,1
DA:89,1
DA:90,1
DA:92,1
DA:93,3
DA:94,2
DA:103,1
DA:105,1
DA:106,1
DA:107,1
DA:111,1
DA:112,1
DA:118,1
DA:120,1
DA:121,2
DA:122,1
LF:48
LH:41
end_of_record
SF:lib/models/prescription.dart
DA:20,2
DA:33,2
DA:34,4
DA:35,2
DA:36,1
DA:40,2
DA:41,1
DA:42,1
DA:43,1
DA:44,1
DA:45,2
DA:46,1
DA:47,1
DA:48,1
DA:49,1
DA:50,2
DA:51,2
DA:52,1
DA:53,1
DA:54,1
DA:55,2
DA:79,1
DA:80,2
DA:81,2
DA:82,2
DA:83,2
DA:87,1
DA:88,2
DA:89,1
DA:90,1
DA:91,1
DA:92,1
DA:96,1
DA:97,1
DA:98,0
DA:102,1
DA:103,1
DA:104,0
DA:108,1
DA:109,0
DA:114,2
DA:119,2
DA:120,2
DA:121,2
DA:122,2
DA:123,2
DA:124,2
DA:125,2
DA:126,0
DA:127,1
DA:128,1
DA:129,2
DA:130,2
DA:131,2
DA:138,1
DA:142,2
DA:143,1
DA:147,1
DA:149,1
DA:150,1
DA:151,1
DA:152,1
DA:154,1
DA:158,2
DA:159,2
DA:160,2
DA:161,2
DA:162,2
DA:163,3
DA:164,6
DA:165,3
DA:166,4
DA:167,3
DA:168,1
DA:169,1
DA:170,3
DA:176,2
DA:189,1
DA:190,1
DA:191,1
DA:192,1
DA:193,1
DA:194,1
DA:195,2
DA:196,1
DA:197,1
DA:198,1
DA:199,2
DA:200,1
DA:201,1
DA:231,3
DA:233,2
DA:234,2
DA:235,2
DA:236,2
DA:237,2
DA:238,2
DA:239,2
DA:240,2
DA:241,2
DA:242,3
DA:243,3
DA:257,1
DA:258,2
DA:259,2
DA:273,1
DA:274,2
DA:275,2
DA:291,1
DA:292,2
DA:293,2
LF:111
LH:107
end_of_record
SF:lib/services/data/patient_csv_importer.dart
DA:6,1
DA:16,3
DA:20,1
DA:25,0
DA:26,6
DA:27,5
DA:31,1
DA:39,1
DA:40,1
DA:41,1
DA:44,1
DA:45,1
DA:46,5
DA:47,1
DA:51,1
DA:52,6
DA:53,1
DA:54,2
DA:55,1
DA:56,1
DA:57,3
DA:58,6
DA:60,1
DA:61,1
DA:62,1
DA:64,1
DA:68,1
DA:71,1
DA:72,1
DA:73,2
DA:74,2
DA:75,2
DA:78,1
DA:79,2
DA:80,2
DA:85,1
DA:86,2
DA:87,2
DA:90,1
DA:91,2
DA:93,1
DA:94,1
DA:95,1
DA:97,3
DA:98,1
DA:100,1
DA:101,6
DA:102,1
DA:103,1
DA:108,1
DA:111,1
DA:112,2
DA:113,1
DA:114,1
DA:117,1
DA:121,2
LF:56
LH:55
end_of_record
SF:lib/models/telehealth_room_token.dart
DA:6,1
DA:22,1
DA:23,0
DA:24,3
DA:27,1
DA:28,0
DA:29,2
DA:30,1
DA:39,2
DA:40,1
DA:41,3
DA:42,1
DA:43,1
DA:44,3
DA:50,5
DA:52,1
DA:53,1
DA:54,1
DA:55,1
DA:56,2
DA:57,1
DA:58,1
DA:59,2
DA:74,1
DA:76,3
DA:78,1
DA:85,2
DA:86,2
DA:87,1
DA:88,1
DA:89,1
DA:90,3
DA:91,1
LF:33
LH:31
end_of_record
SF:lib/services/compliance/soc2_evidence_registry.dart
DA:15,1
DA:43,0
DA:136,1
DA:137,4
DA:138,1
DA:141,1
DA:142,4
DA:143,1
DA:145,1
DA:146,2
DA:147,2
LF:11
LH:10
end_of_record
SF:lib/services/assessments/phq9_service.dart
DA:4,1
DA:5,3
DA:32,1
DA:33,3
DA:34,3
DA:35,2
DA:36,1
DA:38,1
DA:40,1
DA:44,1
DA:45,1
DA:46,1
DA:47,1
DA:48,1
DA:56,1
DA:57,1
DA:58,1
DA:59,1
DA:60,1
DA:61,1
DA:64,1
DA:65,1
DA:66,1
DA:67,1
DA:69,1
DA:71,1
DA:77,1
LF:27
LH:27
end_of_record
SF:lib/services/data/mfa_enrolment_repository.dart
DA:13,1
DA:27,1
DA:28,5
DA:30,2
DA:31,2
DA:32,4
DA:33,2
DA:34,2
DA:35,1
DA:36,0
DA:39,1
DA:40,1
DA:41,1
DA:42,2
DA:44,1
DA:45,2
DA:46,1
DA:49,1
DA:50,1
DA:51,1
DA:53,1
DA:54,0
DA:59,2
DA:60,1
DA:61,1
DA:62,1
DA:63,1
DA:64,1
DA:65,3
DA:87,0
DA:88,0
DA:90,1
DA:92,3
DA:95,1
DA:101,2
DA:103,1
DA:104,2
DA:105,2
DA:107,5
DA:111,0
DA:112,0
LF:41
LH:35
end_of_record
SF:lib/services/copilot/clinical_memory_service.dart
DA:24,1
DA:29,1
DA:30,1
DA:43,1
DA:51,0
DA:52,2
DA:55,5
DA:56,1
DA:58,5
DA:59,1
DA:61,1
DA:62,5
DA:63,1
DA:65,4
DA:67,1
DA:68,1
DA:69,1
DA:70,2
DA:74,1
DA:79,1
DA:80,3
DA:83,1
DA:85,1
DA:86,1
DA:87,2
DA:101,0
DA:106,0
DA:107,0
DA:115,0
DA:116,0
DA:117,0
DA:118,0
DA:120,0
DA:121,0
DA:123,0
DA:138,0
DA:139,0
DA:140,0
DA:141,0
DA:142,0
DA:143,0
DA:145,0
DA:154,0
DA:155,0
DA:156,0
DA:157,0
DA:158,0
DA:159,0
DA:160,0
DA:161,0
DA:163,0
DA:167,0
DA:168,0
DA:170,0
DA:173,0
DA:182,0
DA:183,0
DA:184,0
DA:185,0
DA:190,0
DA:191,0
DA:192,0
DA:195,0
DA:196,0
DA:197,0
DA:198,0
DA:199,0
DA:200,0
DA:206,0
DA:208,0
DA:210,0
DA:213,0
DA:217,0
DA:219,0
DA:220,0
DA:221,0
DA:223,0
DA:224,0
DA:225,0
DA:226,0
DA:227,0
DA:228,0
DA:229,0
DA:232,0
DA:241,1
DA:242,3
DA:243,2
DA:246,0
DA:250,1
DA:254,0
DA:255,0
LF:91
LH:28
end_of_record
SF:lib/models/clinical_brief.dart
DA:6,1
DA:38,3
DA:40,0
DA:41,0
DA:42,0
DA:43,0
DA:44,0
DA:45,0
DA:46,0
DA:47,0
DA:48,0
DA:49,0
DA:50,0
DA:51,0
DA:52,0
LF:15
LH:2
end_of_record
SF:lib/models/note_format.dart
DA:11,1
DA:58,2
DA:59,2
DA:93,2
DA:119,2
DA:145,1
DA:146,2
DA:147,2
DA:158,2
DA:159,2
DA:160,8
DA:161,4
DA:162,4
DA:163,8
DA:164,6
DA:165,4
DA:167,2
LF:17
LH:17
end_of_record
SF:lib/models/workspace_ai_mode.dart
DA:26,1
DA:27,2
DA:28,2
DA:36,2
DA:42,2
LF:5
LH:5
end_of_record
SF:lib/services/compliance/consent_guard.dart
DA:9,1
DA:21,0
DA:23,0
DA:38,1
DA:44,1
DA:45,3
DA:50,1
DA:55,1
DA:56,2
DA:58,1
DA:59,1
DA:65,1
DA:66,1
DA:67,1
LF:14
LH:12
end_of_record
SF:lib/models/ai_diagnosis_audit.dart
DA:30,1
DA:31,2
DA:32,2
DA:39,1
DA:55,3
DA:59,3
DA:63,2
DA:65,1
DA:66,1
DA:67,1
DA:68,1
DA:69,1
DA:70,1
DA:71,2
DA:72,1
DA:73,1
DA:74,1
DA:75,1
DA:76,1
DA:77,1
DA:78,3
DA:79,1
DA:80,1
DA:81,1
DA:84,1
DA:85,2
DA:141,1
DA:142,2
DA:143,3
DA:144,4
DA:146,1
DA:147,1
DA:148,1
DA:149,1
DA:150,1
DA:151,1
DA:152,1
DA:153,1
DA:154,1
DA:155,1
DA:156,1
DA:157,1
DA:158,1
DA:159,0
DA:160,1
DA:161,1
DA:164,2
DA:165,1
DA:166,1
DA:167,1
DA:168,1
DA:169,3
DA:170,1
DA:171,1
DA:172,1
DA:173,1
DA:174,1
DA:175,1
DA:176,2
DA:177,1
DA:178,3
LF:61
LH:60
end_of_record
SF:lib/widgets/structured_note_editor.dart
DA:15,1
DA:33,1
DA:34,1
DA:41,1
DA:43,1
DA:44,3
DA:45,3
DA:46,4
DA:47,4
DA:52,1
DA:54,3
DA:55,1
DA:57,1
DA:60,1
DA:61,2
DA:63,5
DA:67,1
DA:68,1
DA:69,8
DA:71,3
DA:72,1
DA:73,1
DA:75,2
DA:80,1
DA:81,2
DA:82,3
DA:86,3
DA:87,2
DA:89,1
DA:92,1
DA:94,1
DA:95,1
DA:96,1
DA:98,1
DA:99,3
DA:101,1
DA:102,1
DA:104,1
DA:105,3
DA:106,2
DA:107,1
DA:110,2
DA:115,1
DA:116,3
DA:126,1
DA:137,7
DA:141,1
DA:145,1
DA:147,1
DA:148,1
DA:149,1
DA:150,1
DA:151,1
DA:153,3
DA:154,2
DA:158,1
DA:159,1
DA:161,1
DA:162,2
DA:164,2
DA:167,1
DA:168,1
DA:169,4
DA:171,1
DA:173,1
DA:174,3
DA:182,1
DA:183,2
DA:184,1
DA:187,2
DA:196,1
DA:210,1
DA:212,1
DA:214,1
DA:215,1
DA:216,1
DA:217,1
DA:221,1
DA:222,3
DA:223,1
DA:225,1
DA:226,2
DA:227,1
DA:228,2
DA:235,1
DA:236,2
DA:237,4
DA:244,1
DA:245,1
DA:246,1
DA:251,1
DA:252,2
DA:254,1
DA:255,1
LF:94
LH:94
end_of_record
SF:lib/models/ehr_sync_session.dart
DA:13,2
DA:14,3
DA:15,1
DA:24,1
DA:40,2
DA:41,2
DA:42,2
DA:43,3
DA:44,4
DA:45,4
DA:46,3
DA:49,2
DA:50,1
DA:51,1
DA:52,1
DA:53,4
DA:54,1
DA:56,2
DA:57,2
DA:58,1
DA:63,1
DA:87,1
DA:88,2
DA:90,1
DA:91,4
DA:93,2
DA:94,2
DA:95,3
DA:96,2
DA:97,3
DA:98,4
DA:99,1
DA:100,0
DA:101,6
DA:102,2
DA:103,2
DA:104,1
DA:107,2
DA:108,1
DA:109,2
DA:110,1
DA:111,2
DA:112,1
DA:113,1
DA:114,4
DA:115,0
DA:117,2
DA:118,1
DA:119,0
DA:121,1
DA:122,3
DA:123,1
DA:124,1
DA:125,1
DA:126,1
LF:55
LH:52
end_of_record
SF:lib/l10n/app_localizations.dart
DA:67,2
DA:68,4
DA:72,2
DA:73,2
DA:450,1
DA:452,2
DA:454,4
DA:457,2
DA:459,6
DA:461,0
DA:465,2
DA:467,2
DA:468,2
DA:469,0
DA:470,2
DA:471,2
DA:472,0
DA:473,0
DA:474,0
DA:475,0
DA:478,0
LF:21
LH:14
end_of_record
SF:lib/models/supervision_review.dart
DA:19,2
DA:29,2
DA:31,1
DA:32,1
DA:33,1
DA:34,1
DA:35,1
DA:36,1
DA:37,1
DA:38,2
DA:39,1
DA:40,2
DA:41,2
DA:54,6
DA:55,0
DA:56,0
DA:57,0
DA:63,2
DA:64,4
DA:65,2
DA:66,2
DA:68,1
DA:69,1
DA:71,1
DA:72,1
DA:77,2
DA:81,2
DA:82,2
DA:83,2
DA:84,2
DA:85,2
DA:86,2
DA:87,0
DA:88,1
DA:89,2
DA:90,1
DA:93,2
DA:94,2
DA:95,2
DA:96,2
DA:97,2
DA:98,2
DA:99,3
DA:100,2
DA:101,3
DA:102,4
DA:115,1
DA:116,2
DA:117,2
LF:49
LH:45
end_of_record
SF:lib/screens/supervision/supervision_queue_screen.dart
DA:16,1
DA:20,1
DA:21,1
DA:27,1
DA:29,1
DA:30,3
DA:33,1
DA:35,3
DA:36,1
DA:39,0
DA:40,0
DA:43,0
DA:44,0
DA:46,0
DA:47,0
DA:48,0
DA:52,0
DA:53,0
DA:54,0
DA:56,0
DA:59,0
DA:62,1
DA:64,1
DA:65,4
DA:66,1
DA:67,3
DA:68,3
DA:69,1
DA:71,1
DA:73,1
DA:74,1
DA:75,1
DA:76,1
DA:80,1
DA:82,1
DA:85,1
DA:86,3
DA:91,1
DA:92,2
DA:94,1
DA:95,2
DA:97,0
DA:98,0
DA:99,0
DA:100,0
DA:103,1
DA:104,1
DA:105,3
DA:110,1
DA:111,2
DA:113,1
DA:114,2
DA:128,1
DA:132,1
DA:134,2
DA:135,1
DA:137,1
DA:139,1
DA:140,3
DA:142,3
DA:150,1
DA:162,1
DA:164,2
DA:165,1
DA:167,1
DA:169,1
DA:171,1
DA:172,1
DA:173,1
DA:174,1
DA:175,5
DA:177,3
DA:181,2
DA:182,2
DA:183,5
DA:184,1
DA:186,3
DA:188,0
DA:191,0
DA:192,0
DA:193,0
DA:195,0
DA:198,2
DA:200,1
DA:201,1
DA:202,1
DA:203,1
DA:205,1
DA:206,1
DA:207,1
DA:209,2
DA:211,1
DA:212,1
DA:214,2
DA:216,1
DA:217,1
DA:219,2
DA:234,1
DA:237,1
DA:239,2
DA:246,1
DA:247,1
DA:249,1
DA:252,1
DA:254,0
DA:257,1
DA:259,0
DA:262,1
DA:264,1
DA:268,1
DA:269,1
DA:270,1
DA:278,1
DA:280,1
DA:282,1
DA:283,2
DA:284,2
DA:285,1
DA:287,1
DA:288,1
DA:289,1
DA:290,2
DA:292,1
DA:293,1
DA:294,2
DA:296,1
DA:297,1
DA:298,1
DA:299,3
DA:309,1
DA:312,1
DA:314,1
DA:316,1
DA:317,1
DA:318,1
DA:319,4
DA:320,3
LF:137
LH:114
end_of_record
SF:lib/services/supervision_review_repository.dart
DA:39,2
DA:40,4
DA:41,2
DA:45,2
DA:46,4
DA:47,10
DA:48,2
DA:50,1
DA:51,2
DA:52,4
DA:53,1
DA:55,0
DA:56,0
DA:58,2
DA:65,6
DA:66,2
DA:73,4
DA:74,2
DA:78,2
DA:84,4
DA:86,0
DA:88,2
DA:90,1
DA:92,2
DA:94,4
DA:95,4
DA:97,4
DA:98,2
DA:102,1
DA:104,2
DA:106,0
DA:108,2
DA:109,1
DA:111,1
DA:112,2
DA:113,1
DA:118,2
DA:119,4
DA:120,2
LF:39
LH:35
end_of_record
SF:lib/l10n/app_localizations_de.dart
DA:9,0
DA:11,0
DA:14,0
DA:17,0
DA:20,0
DA:23,0
DA:26,0
DA:29,0
DA:32,0
DA:35,0
DA:38,0
DA:41,0
DA:44,0
DA:47,0
DA:50,0
DA:53,0
DA:57,0
DA:60,0
DA:63,0
DA:67,0
DA:70,0
DA:73,0
DA:77,0
DA:81,0
DA:85,0
DA:89,0
DA:92,0
DA:95,0
DA:97,0
DA:100,0
DA:103,0
DA:107,0
DA:111,0
DA:115,0
DA:118,0
DA:122,0
DA:125,0
DA:129,0
DA:132,0
DA:135,0
DA:138,0
DA:141,0
DA:144,0
DA:147,0
DA:150,0
DA:154,0
DA:157,0
DA:160,0
DA:164,0
DA:167,0
DA:171,0
DA:174,0
DA:178,0
DA:181,0
DA:185,0
DA:188,0
DA:192,0
DA:195,0
DA:199,0
LF:59
LH:0
end_of_record
SF:lib/l10n/app_localizations_en.dart
DA:9,4
DA:11,0
DA:14,0
DA:17,0
DA:20,0
DA:23,0
DA:26,0
DA:29,0
DA:32,0
DA:35,0
DA:38,0
DA:41,0
DA:44,0
DA:47,0
DA:50,0
DA:53,0
DA:57,0
DA:60,0
DA:63,0
DA:67,0
DA:70,0
DA:73,0
DA:77,0
DA:81,0
DA:85,0
DA:89,0
DA:92,0
DA:95,0
DA:97,0
DA:100,0
DA:103,0
DA:107,0
DA:111,0
DA:115,0
DA:118,0
DA:122,1
DA:125,1
DA:129,1
DA:132,1
DA:135,1
DA:138,1
DA:141,1
DA:144,1
DA:147,1
DA:150,1
DA:154,1
DA:157,1
DA:160,1
DA:164,1
DA:167,1
DA:171,1
DA:174,1
DA:178,1
DA:181,1
DA:185,1
DA:188,1
DA:192,1
DA:195,1
DA:199,1
LF:59
LH:25
end_of_record
SF:lib/l10n/app_localizations_fr.dart
DA:9,0
DA:11,0
DA:14,0
DA:17,0
DA:20,0
DA:23,0
DA:26,0
DA:29,0
DA:32,0
DA:35,0
DA:38,0
DA:41,0
DA:44,0
DA:47,0
DA:50,0
DA:53,0
DA:57,0
DA:60,0
DA:63,0
DA:67,0
DA:70,0
DA:73,0
DA:77,0
DA:81,0
DA:85,0
DA:89,0
DA:92,0
DA:95,0
DA:97,0
DA:100,0
DA:103,0
DA:107,0
DA:111,0
DA:115,0
DA:118,0
DA:122,0
DA:125,0
DA:129,0
DA:132,0
DA:135,0
DA:138,0
DA:141,0
DA:144,0
DA:147,0
DA:150,0
DA:154,0
DA:157,0
DA:160,0
DA:164,0
DA:167,0
DA:171,0
DA:174,0
DA:178,0
DA:181,0
DA:185,0
DA:188,0
DA:192,0
DA:195,0
DA:199,0
LF:59
LH:0
end_of_record
SF:lib/l10n/app_localizations_tr.dart
DA:9,0
DA:11,0
DA:14,0
DA:17,0
DA:20,0
DA:23,0
DA:26,0
DA:29,0
DA:32,0
DA:35,0
DA:38,0
DA:41,0
DA:44,0
DA:47,0
DA:50,0
DA:53,0
DA:57,0
DA:60,0
DA:63,0
DA:67,0
DA:70,0
DA:73,0
DA:77,0
DA:81,0
DA:85,0
DA:89,0
DA:92,0
DA:95,0
DA:97,0
DA:100,0
DA:103,0
DA:107,0
DA:111,0
DA:115,0
DA:118,0
DA:122,0
DA:125,0
DA:129,0
DA:132,0
DA:135,0
DA:138,0
DA:141,0
DA:144,0
DA:147,0
DA:150,0
DA:154,0
DA:157,0
DA:160,0
DA:164,0
DA:167,0
DA:171,0
DA:174,0
DA:178,0
DA:181,0
DA:185,0
DA:188,0
DA:192,0
DA:195,0
DA:199,0
LF:59
LH:0
end_of_record
SF:lib/widgets/erx_market_picker_card.dart
DA:15,1
DA:26,1
DA:28,1
DA:30,1
DA:32,1
DA:37,1
DA:39,2
DA:40,2
DA:41,1
DA:42,1
DA:46,1
DA:48,2
DA:49,2
DA:50,1
DA:51,1
DA:53,1
DA:55,1
DA:56,2
DA:58,1
DA:59,1
DA:62,1
DA:63,1
DA:64,2
DA:66,2
DA:67,1
DA:68,1
DA:69,3
LF:27
LH:27
end_of_record
SF:lib/services/erx/_xml_escape.dart
DA:11,1
DA:13,1
DA:15,1
DA:16,1
DA:17,1
DA:18,1
DA:19,1
LF:7
LH:7
end_of_record
SF:lib/services/erx/ehdsi_adapter.dart
DA:12,1
DA:14,1
DA:17,1
DA:19,3
DA:20,3
DA:22,2
DA:26,1
DA:28,3
DA:29,3
DA:36,1
DA:38,1
DA:39,1
DA:40,2
DA:41,2
DA:42,2
DA:43,1
DA:45,1
DA:46,1
DA:47,2
DA:48,2
DA:53,1
DA:55,2
DA:56,2
DA:58,2
DA:61,1
DA:62,0
DA:63,1
DA:64,2
DA:65,2
LF:29
LH:28
end_of_record
SF:lib/services/erx/erx_adapter.dart
DA:5,1
LF:1
LH:1
end_of_record
SF:lib/services/erx/erx_adapter_factory.dart
DA:14,1
DA:23,1
DA:24,2
DA:27,1
DA:29,1
DA:31,1
DA:32,1
LF:7
LH:7
end_of_record
SF:lib/services/erx/medula_adapter.dart
DA:12,1
DA:14,1
DA:17,1
DA:19,3
DA:20,3
DA:22,2
DA:24,3
DA:25,0
DA:28,4
DA:29,1
DA:30,1
DA:36,1
DA:38,1
DA:39,1
DA:40,2
DA:41,2
DA:42,2
DA:43,1
DA:44,2
DA:46,1
DA:47,1
DA:48,2
DA:49,2
DA:54,1
DA:56,2
DA:57,0
DA:59,0
DA:62,1
DA:63,0
DA:64,1
DA:65,2
DA:66,2
LF:32
LH:28
end_of_record
SF:lib/services/data/appearance_preferences.dart
DA:11,1
DA:14,1
DA:16,1
DA:18,1
DA:21,1
DA:23,1
DA:34,2
DA:37,1
DA:38,2
DA:40,1
DA:41,1
DA:42,1
DA:43,3
DA:44,1
DA:45,1
DA:48,1
DA:49,2
DA:50,1
DA:51,1
DA:52,1
DA:53,2
DA:56,1
DA:58,1
DA:60,1
DA:69,1
DA:71,1
DA:73,0
DA:75,0
LF:28
LH:26
end_of_record
SF:lib/models/stripe_connect_account.dart
DA:12,1
DA:13,1
DA:14,3
DA:15,1
DA:21,1
DA:41,1
DA:42,4
DA:44,3
DA:46,1
DA:54,1
DA:55,1
DA:56,1
DA:57,1
DA:58,1
DA:59,1
DA:60,1
DA:61,1
DA:62,1
DA:65,2
DA:66,2
DA:67,3
DA:68,3
DA:69,2
DA:70,1
DA:71,4
DA:72,3
DA:73,2
DA:74,2
DA:77,1
DA:78,1
DA:79,1
DA:80,2
DA:81,1
DA:83,1
DA:84,2
DA:85,1
DA:87,1
DA:88,2
DA:90,1
DA:91,1
DA:92,1
DA:96,2
DA:99,3
DA:105,1
LF:44
LH:44
end_of_record
SF:lib/utils/web_phi_policy.dart
DA:29,1
DA:33,1
DA:38,1
DA:40,1
DA:43,1
LF:5
LH:5
end_of_record
SF:lib/services/compliance/iso27001_annex_a_registry.dart
DA:31,1
DA:56,0
DA:240,1
DA:241,2
DA:242,2
DA:248,1
DA:249,3
DA:250,2
DA:251,5
DA:257,2
LF:10
LH:9
end_of_record
SF:lib/screens/patients/patient_chart_screen.dart
DA:17,1
DA:24,1
DA:25,1
DA:39,2
DA:40,1
DA:42,3
DA:45,1
DA:47,2
DA:48,1
DA:51,1
DA:53,1
DA:55,3
DA:56,4
DA:58,1
DA:60,1
DA:61,3
DA:63,1
DA:64,1
DA:77,1
DA:78,1
DA:79,1
DA:97,1
DA:100,1
DA:102,2
DA:103,2
DA:104,3
DA:106,2
DA:107,1
DA:108,3
DA:109,4
DA:110,1
DA:111,1
DA:112,1
DA:113,1
DA:115,1
DA:117,1
DA:118,1
DA:119,1
DA:120,1
DA:122,1
DA:123,1
DA:125,2
DA:126,1
DA:131,1
DA:132,1
DA:134,1
DA:135,1
DA:139,1
DA:140,4
DA:141,1
DA:146,1
DA:147,1
DA:148,1
DA:150,1
DA:152,2
DA:159,1
DA:160,3
DA:161,1
DA:163,1
DA:165,2
DA:166,1
DA:175,1
DA:178,1
DA:179,1
DA:180,0
DA:182,0
DA:186,1
DA:187,0
DA:188,0
DA:202,1
DA:203,1
DA:205,1
DA:234,1
DA:242,1
DA:244,1
DA:245,2
DA:246,2
DA:247,2
DA:253,1
DA:254,1
DA:265,1
DA:266,0
DA:277,1
DA:278,1
DA:280,1
DA:304,1
DA:305,0
DA:316,1
DA:317,0
DA:328,1
DA:332,1
DA:334,2
DA:335,1
DA:336,1
DA:337,1
DA:339,1
DA:341,1
DA:342,4
DA:344,3
DA:346,3
LF:100
LH:93
end_of_record
SF:lib/screens/patients/patient_list_screen.dart
DA:16,0
DA:18,0
DA:19,0
DA:27,0
DA:29,0
DA:30,0
DA:33,0
DA:35,0
DA:36,0
DA:38,0
DA:42,0
DA:45,0
DA:48,0
DA:50,0
DA:51,0
DA:52,0
DA:53,0
DA:60,0
DA:61,0
DA:62,0
DA:65,0
DA:71,0
DA:72,0
DA:73,0
DA:75,0
DA:77,0
DA:83,0
DA:84,0
DA:85,0
DA:86,0
DA:89,0
DA:90,0
DA:93,0
DA:96,0
DA:97,0
DA:98,0
DA:99,0
DA:100,0
DA:102,0
DA:104,0
DA:105,0
DA:110,0
DA:112,0
DA:113,0
DA:114,0
DA:115,0
DA:116,0
DA:123,0
DA:154,0
DA:155,0
DA:156,0
DA:158,0
DA:159,0
DA:160,0
DA:163,0
DA:164,0
DA:165,0
DA:168,0
DA:169,0
DA:173,0
DA:174,0
DA:176,0
DA:179,0
DA:183,0
DA:184,0
DA:185,0
DA:187,0
DA:191,0
DA:193,0
DA:194,0
DA:195,0
DA:196,0
DA:197,0
DA:198,0
DA:199,0
DA:201,0
DA:202,0
DA:203,0
DA:204,0
DA:205,0
DA:211,0
DA:212,0
DA:214,0
DA:215,0
DA:216,0
DA:217,0
DA:222,0
DA:223,0
DA:224,0
DA:225,0
DA:231,0
DA:238,0
DA:243,0
DA:244,0
DA:245,0
DA:246,0
DA:248,0
DA:250,0
DA:251,0
DA:253,0
DA:255,0
DA:260,0
DA:263,0
DA:264,0
DA:273,0
DA:274,0
DA:275,0
DA:276,0
DA:277,0
DA:278,0
DA:281,0
DA:282,0
DA:283,0
DA:284,0
DA:286,0
DA:287,0
DA:288,0
DA:290,0
DA:292,0
DA:294,0
DA:295,0
DA:301,0
DA:306,0
DA:313,0
DA:314,0
DA:315,0
DA:318,0
DA:321,0
DA:327,0
DA:328,0
DA:330,0
DA:331,0
DA:332,0
DA:333,0
DA:334,0
DA:335,0
DA:341,0
DA:343,0
DA:344,0
DA:345,0
DA:346,0
DA:349,0
DA:351,0
DA:352,0
DA:353,0
DA:354,0
DA:358,0
DA:359,0
DA:361,0
DA:367,1
DA:386,0
DA:390,0
DA:392,0
DA:393,0
DA:394,0
DA:395,0
DA:397,0
DA:398,0
DA:399,0
DA:400,0
DA:401,0
DA:402,0
DA:404,0
DA:405,0
DA:407,0
DA:411,0
DA:412,0
DA:414,0
DA:415,0
DA:416,0
DA:417,0
DA:422,0
DA:423,0
DA:424,0
DA:425,0
DA:426,0
DA:427,0
DA:428,0
DA:429,0
DA:441,0
DA:442,0
DA:448,1
LF:182
LH:2
end_of_record
SF:lib/services/data/patient_filter.dart
DA:41,1
DA:59,3
DA:78,2
DA:79,4
DA:80,4
DA:81,2
DA:82,2
DA:83,6
DA:85,1
DA:86,5
DA:87,5
DA:88,6
DA:91,2
DA:92,3
DA:93,3
DA:94,3
DA:99,1
DA:100,2
DA:101,1
DA:102,1
DA:103,1
DA:104,1
DA:105,0
DA:106,1
DA:107,0
DA:108,1
DA:109,1
DA:115,1
DA:118,4
DA:120,2
DA:121,4
DA:122,3
DA:123,2
DA:126,2
DA:127,4
DA:128,2
DA:129,2
DA:132,2
DA:133,1
DA:134,1
DA:136,1
DA:137,1
DA:140,2
DA:141,1
DA:142,1
DA:143,1
DA:144,1
DA:148,4
DA:150,2
DA:151,2
DA:152,2
DA:153,2
DA:156,4
DA:157,2
DA:159,2
DA:160,2
DA:161,2
LF:57
LH:55
end_of_record
SF:lib/services/data/patient_repository.dart
DA:8,0
DA:9,0
DA:13,0
DA:14,0
DA:15,0
DA:16,0
DA:18,0
DA:19,0
DA:20,0
DA:21,0
DA:22,0
DA:23,0
DA:27,0
DA:28,0
DA:29,0
DA:30,0
DA:34,0
DA:35,0
DA:36,0
DA:37,0
DA:38,0
DA:39,0
DA:43,0
DA:44,0
DA:45,0
DA:46,0
DA:47,0
DA:48,0
DA:49,0
DA:50,0
DA:52,0
DA:53,0
DA:54,0
DA:55,0
DA:56,0
DA:60,0
DA:63,0
DA:68,0
DA:69,0
DA:70,0
DA:71,0
DA:72,0
DA:73,0
DA:75,0
DA:76,0
DA:77,0
DA:78,0
DA:79,0
DA:80,0
DA:84,0
DA:85,0
DA:90,0
DA:95,0
DA:96,0
DA:97,0
DA:98,0
DA:99,0
DA:100,0
DA:101,0
DA:103,0
DA:104,0
DA:105,0
DA:106,0
DA:107,0
DA:110,0
DA:115,0
DA:139,0
DA:154,0
DA:155,0
DA:156,0
DA:157,0
DA:158,0
DA:159,0
DA:160,0
DA:161,0
DA:162,0
DA:163,0
DA:164,0
DA:165,0
DA:166,0
DA:167,0
DA:168,0
LF:82
LH:0
end_of_record
SF:lib/widgets/ds/psy_button.dart
DA:17,0
DA:38,0
DA:39,0
DA:47,0
DA:49,0
DA:50,0
DA:52,0
DA:53,0
DA:57,0
DA:61,0
DA:66,0
DA:67,0
DA:68,0
DA:69,0
DA:71,0
DA:72,0
DA:73,0
DA:74,0
DA:76,0
DA:78,0
DA:79,0
DA:80,0
DA:81,0
DA:82,0
DA:86,0
DA:90,0
DA:92,0
DA:93,0
DA:95,0
DA:97,0
DA:101,0
DA:102,0
DA:103,0
DA:111,0
DA:113,0
DA:114,0
DA:118,0
DA:120,0
DA:121,0
DA:125,0
DA:127,0
DA:130,0
DA:133,0
DA:134,0
DA:135,0
DA:138,0
DA:139,0
DA:140,0
DA:146,0
DA:148,0
DA:154,0
DA:157,0
DA:158,0
DA:164,0
DA:167,0
DA:170,0
DA:171,0
DA:172,0
DA:173,0
DA:179,0
DA:180,0
DA:183,0
DA:186,0
DA:187,0
DA:188,0
DA:189,0
DA:190,0
DA:202,0
DA:205,0
DA:206,0
DA:207,0
DA:208,0
DA:209,0
DA:217,0
DA:218,0
DA:223,0
DA:226,0
DA:227,0
LF:78
LH:0
end_of_record
SF:lib/widgets/patient_list_filter_bar.dart
DA:13,1
DA:22,1
DA:24,1
DA:26,1
DA:28,1
DA:30,1
DA:35,1
DA:37,1
DA:39,1
DA:41,1
DA:46,1
DA:48,1
DA:50,1
DA:52,1
DA:54,1
DA:59,1
DA:61,1
DA:64,1
DA:65,1
DA:66,1
DA:67,2
DA:68,3
DA:69,5
DA:71,1
DA:72,1
DA:73,2
DA:74,3
DA:75,0
DA:77,1
DA:78,1
DA:79,2
DA:80,3
DA:81,0
DA:82,0
DA:85,2
DA:86,1
DA:89,0
LF:37
LH:33
end_of_record
SF:lib/widgets/appointments_day_view.dart
DA:10,1
DA:36,1
DA:51,1
DA:52,1
DA:53,1
DA:54,1
DA:55,5
DA:56,5
DA:57,5
DA:58,3
DA:60,1
DA:61,1
DA:64,1
DA:66,1
DA:67,4
DA:68,3
DA:70,1
DA:71,1
DA:72,1
DA:73,1
DA:74,1
DA:75,2
DA:82,1
DA:91,1
DA:93,2
DA:94,2
DA:95,1
DA:97,1
DA:99,1
DA:100,1
DA:102,1
DA:103,4
DA:104,3
DA:107,1
DA:108,1
DA:110,1
DA:111,2
DA:112,1
DA:114,1
DA:115,3
DA:119,3
DA:130,1
DA:134,1
DA:135,2
DA:136,1
DA:138,1
DA:140,1
DA:148,1
DA:150,2
DA:151,2
DA:152,2
DA:153,1
DA:154,2
DA:156,1
DA:157,2
DA:159,2
DA:161,2
DA:162,1
DA:163,5
DA:164,1
DA:167,1
DA:168,1
DA:169,2
DA:170,1
DA:172,1
DA:173,1
DA:174,2
DA:175,5
DA:176,5
DA:177,2
DA:183,5
DA:184,1
DA:189,1
DA:190,1
DA:191,1
DA:193,1
DA:194,3
DA:195,2
LF:78
LH:78
end_of_record
SF:lib/widgets/command_palette.dart
DA:8,1
DA:24,1
DA:25,1
DA:26,5
DA:27,1
DA:28,1
DA:29,3
DA:30,1
DA:34,2
DA:35,1
DA:36,1
DA:37,2
DA:38,1
DA:39,1
DA:41,3
DA:46,1
DA:50,0
DA:54,0
DA:60,0
DA:61,0
DA:62,0
DA:63,0
DA:65,0
DA:66,0
DA:74,1
DA:75,1
DA:83,1
DA:85,1
DA:86,5
DA:89,1
DA:91,2
DA:92,2
DA:93,1
DA:96,1
DA:97,3
DA:99,2
DA:100,4
DA:101,4
DA:102,1
DA:103,5
DA:104,5
DA:107,0
DA:108,0
DA:109,0
DA:110,0
DA:111,0
DA:112,0
DA:115,1
DA:117,1
DA:118,1
DA:119,1
DA:120,1
DA:121,1
DA:124,1
DA:125,1
DA:126,1
DA:127,2
DA:128,1
DA:129,1
DA:130,1
DA:136,1
DA:138,0
DA:139,0
DA:140,0
DA:141,0
DA:144,0
DA:145,0
DA:146,0
DA:150,0
DA:151,0
DA:152,0
DA:156,0
DA:157,0
DA:162,1
DA:164,1
DA:165,1
DA:167,1
DA:168,1
DA:169,1
DA:170,4
DA:171,0
DA:172,1
DA:178,1
DA:182,1
DA:188,1
DA:189,1
DA:190,1
DA:191,2
DA:193,3
DA:199,2
DA:200,1
DA:201,1
DA:202,1
DA:204,1
DA:207,3
DA:208,2
DA:212,1
DA:214,1
DA:215,1
DA:216,1
DA:217,2
DA:218,1
DA:219,0
DA:220,0
DA:221,0
DA:223,1
DA:229,2
DA:231,1
DA:232,1
DA:233,1
DA:234,1
DA:237,1
DA:238,2
DA:241,1
DA:242,1
DA:245,1
DA:246,1
DA:247,1
DA:248,2
DA:249,1
DA:255,1
DA:256,0
DA:257,0
DA:258,0
DA:259,0
DA:260,0
DA:261,0
DA:267,1
DA:268,1
DA:269,3
DA:270,2
DA:275,1
DA:277,0
DA:282,0
DA:283,0
DA:284,0
DA:286,0
DA:287,0
DA:288,0
DA:299,2
DA:300,1
DA:302,1
DA:303,1
DA:304,1
DA:307,2
DA:309,1
DA:312,2
DA:315,3
DA:317,1
DA:319,2
LF:150
LH:107
end_of_record
SF:lib/services/portal/portal_dsar_repository.dart
DA:30,1
DA:31,2
DA:32,1
DA:36,1
DA:38,7
DA:40,0
DA:41,0
DA:43,1
DA:50,3
DA:51,1
DA:58,2
DA:59,1
DA:63,1
DA:69,2
DA:70,0
DA:71,1
DA:72,1
DA:73,1
DA:74,2
DA:75,1
DA:76,1
DA:78,1
DA:81,2
DA:82,1
DA:87,1
DA:88,2
DA:89,1
LF:27
LH:24
end_of_record
SF:lib/screens/group_session/group_session_screen.dart
DA:16,1
DA:22,2
DA:26,1
DA:45,1
DA:47,2
DA:48,2
DA:49,2
DA:50,1
DA:52,1
DA:53,4
DA:54,1
DA:59,1
DA:60,1
DA:61,1
DA:62,1
DA:63,1
DA:65,2
DA:66,2
DA:67,1
DA:68,2
DA:69,2
DA:74,1
DA:76,1
DA:77,2
DA:78,1
DA:79,1
DA:81,1
DA:83,1
DA:84,2
DA:86,1
DA:87,1
DA:89,1
DA:90,2
DA:92,3
DA:100,1
DA:101,2
DA:102,1
DA:103,2
DA:104,1
DA:105,1
DA:107,1
DA:108,1
DA:109,1
DA:111,1
DA:112,1
DA:113,1
DA:116,1
DA:119,1
DA:120,1
DA:124,3
DA:137,1
DA:140,1
DA:142,2
DA:143,2
DA:144,1
DA:145,1
DA:147,1
DA:148,1
DA:149,1
DA:154,1
DA:155,2
DA:156,1
DA:157,1
DA:158,1
DA:160,1
DA:161,2
DA:162,2
DA:163,2
DA:169,1
DA:170,1
DA:172,1
DA:173,4
DA:174,3
DA:175,1
DA:176,2
DA:177,3
DA:182,1
DA:183,0
LF:78
LH:77
end_of_record
SF:lib/widgets/audit_log_detail_sheet.dart
DA:14,1
DA:36,0
DA:42,0
DA:45,0
DA:53,1
DA:54,1
DA:55,2
DA:56,5
DA:59,1
DA:61,1
DA:63,1
DA:65,1
DA:70,1
DA:72,1
DA:74,1
DA:76,1
DA:81,1
DA:83,2
DA:84,2
DA:85,3
DA:87,1
DA:88,1
DA:90,1
DA:91,1
DA:94,1
DA:95,1
DA:96,1
DA:97,2
DA:99,1
DA:104,1
DA:105,4
DA:106,1
DA:108,1
DA:109,3
DA:110,2
DA:111,3
DA:119,3
DA:120,3
DA:121,3
DA:122,3
DA:123,1
DA:125,3
DA:128,2
DA:129,5
DA:130,2
DA:131,3
DA:132,1
DA:133,2
DA:134,1
DA:135,3
DA:136,4
DA:137,1
DA:138,1
DA:139,1
DA:143,2
DA:145,2
DA:147,1
DA:150,1
DA:151,1
DA:152,1
DA:154,1
DA:155,1
DA:156,2
DA:169,1
DA:173,1
DA:175,1
DA:177,1
DA:179,1
DA:180,5
DA:181,5
LF:70
LH:67
end_of_record
SF:lib/services/copilot/clinical_lens_service.dart
DA:20,1
DA:25,1
DA:26,1
DA:81,1
DA:82,1
DA:86,0
DA:90,0
DA:91,0
DA:98,0
DA:99,0
DA:100,0
DA:102,0
DA:115,0
DA:116,0
DA:117,0
DA:118,0
DA:119,0
DA:120,0
DA:121,0
DA:122,0
DA:124,0
DA:128,0
DA:129,0
DA:131,0
DA:134,0
DA:143,0
DA:144,0
DA:145,0
DA:146,0
DA:151,0
DA:152,0
DA:153,0
DA:156,0
DA:157,0
DA:158,0
DA:159,0
DA:160,0
DA:161,0
DA:168,0
DA:171,0
DA:177,1
DA:179,1
DA:180,1
DA:181,2
DA:183,3
DA:184,2
DA:185,1
DA:186,1
DA:187,2
DA:188,1
DA:189,2
DA:190,1
DA:191,1
DA:192,4
DA:193,3
DA:194,1
DA:195,1
DA:196,2
DA:198,1
DA:199,2
DA:205,0
DA:209,1
DA:213,0
DA:214,0
LF:64
LH:26
end_of_record
SF:lib/models/clinical_lens.dart
DA:8,1
DA:14,1
DA:19,0
LF:3
LH:2
end_of_record
SF:lib/screens/patients/consent_center_screen.dart
DA:16,1
DA:25,1
DA:26,1
DA:32,1
DA:34,1
DA:35,3
DA:38,1
DA:40,3
DA:41,1
DA:44,1
DA:45,3
DA:48,0
DA:49,0
DA:50,0
DA:51,0
DA:52,0
DA:55,0
DA:60,1
DA:61,1
DA:62,1
DA:63,2
DA:65,2
DA:66,2
DA:69,1
DA:70,1
DA:71,0
DA:74,1
DA:75,3
DA:81,1
DA:82,3
DA:86,1
DA:88,1
DA:91,3
DA:92,1
DA:94,1
DA:95,1
DA:96,1
DA:98,1
DA:100,4
DA:101,0
DA:102,1
DA:112,1
DA:124,1
DA:125,1
DA:126,1
DA:128,1
DA:130,1
DA:132,1
DA:134,1
DA:136,1
DA:141,1
DA:143,2
DA:144,2
DA:145,1
DA:146,1
DA:147,1
DA:149,1
DA:150,1
DA:151,1
DA:156,1
DA:157,2
DA:158,1
DA:160,1
DA:162,2
DA:163,2
DA:168,1
DA:169,1
DA:171,1
DA:172,3
DA:174,2
DA:175,2
DA:176,4
DA:177,1
DA:183,1
DA:184,4
DA:188,1
DA:189,1
LF:77
LH:69
end_of_record
SF:lib/models/coach_conversation.dart
DA:28,1
DA:37,2
DA:38,1
DA:39,2
DA:40,1
DA:41,2
DA:42,1
DA:43,1
DA:72,2
DA:73,2
DA:74,3
DA:75,2
DA:76,4
DA:77,2
DA:78,3
DA:101,1
DA:102,2
DA:103,2
DA:111,1
DA:119,1
DA:120,1
DA:122,1
DA:123,1
DA:124,1
DA:125,1
DA:126,1
DA:127,1
DA:128,1
DA:130,2
DA:131,0
DA:132,1
DA:133,3
DA:134,1
DA:161,5
DA:165,1
DA:166,5
DA:167,6
DA:173,1
DA:174,1
DA:175,1
DA:176,1
DA:177,1
DA:178,1
DA:179,1
DA:180,1
DA:181,3
DA:185,2
DA:186,1
DA:187,1
DA:188,1
DA:189,1
DA:190,1
DA:191,3
DA:192,5
LF:54
LH:53
end_of_record
SF:lib/services/copilot/between_session_coach_service.dart
DA:47,1
DA:72,1
DA:100,1
DA:106,0
DA:108,2
DA:109,4
DA:111,1
DA:117,1
DA:119,1
DA:125,1
DA:126,2
DA:128,1
DA:135,1
DA:139,1
DA:146,1
DA:147,1
DA:148,1
DA:150,3
DA:151,1
DA:152,1
DA:155,1
DA:156,1
DA:158,1
DA:159,1
DA:170,1
DA:174,1
DA:175,1
DA:189,1
DA:192,1
DA:193,1
DA:194,1
DA:198,1
DA:202,1
DA:206,1
DA:209,1
DA:213,1
DA:216,1
DA:219,1
LF:38
LH:37
end_of_record
SF:lib/services/legal/eu_country_law_service.dart
DA:27,1
DA:33,1
DA:34,1
DA:36,1
DA:103,1
DA:182,1
DA:252,1
DA:255,1
DA:256,2
DA:257,2
DA:264,1
DA:265,4
LF:12
LH:12
end_of_record
SF:lib/services/legal/state_law_service.dart
DA:21,1
DA:55,0
DA:69,1
DA:70,1
DA:72,1
DA:135,1
DA:186,1
DA:239,1
DA:305,1
DA:360,1
DA:421,1
DA:422,1
DA:423,2
DA:424,2
DA:431,1
DA:432,4
LF:16
LH:15
end_of_record
SF:lib/services/health/healthkit_service.dart
DA:35,1
DA:45,2
DA:46,1
DA:47,1
DA:48,1
DA:49,2
DA:55,0
DA:62,1
DA:63,2
DA:66,2
DA:68,2
DA:69,2
DA:70,1
DA:72,2
DA:80,1
DA:89,1
DA:93,2
DA:95,1
DA:97,1
DA:98,1
DA:99,1
DA:101,0
DA:102,0
DA:108,1
DA:109,1
DA:111,3
DA:115,2
DA:117,1
DA:119,1
DA:120,0
DA:121,0
DA:123,0
DA:124,0
DA:129,1
DA:130,1
DA:131,1
DA:133,2
LF:37
LH:30
end_of_record
SF:lib/services/data/posthog_client.dart
DA:28,1
DA:32,0
DA:33,1
DA:40,2
DA:45,1
DA:51,1
DA:52,1
DA:53,1
DA:56,3
DA:57,1
DA:60,1
DA:64,1
DA:65,1
DA:66,3
DA:68,1
DA:70,1
DA:71,4
DA:73,4
DA:77,3
DA:83,1
DA:88,1
DA:89,1
DA:92,1
DA:96,0
DA:97,0
LF:25
LH:22
end_of_record
SF:lib/screens/patient_portal/portal_landing_screen.dart
DA:20,1
DA:22,1
DA:24,2
DA:25,2
DA:37,2
DA:39,0
DA:42,1
DA:43,1
DA:44,1
DA:45,2
DA:46,1
DA:48,1
DA:49,1
DA:51,1
DA:52,1
DA:54,1
DA:56,1
DA:57,3
DA:59,3
DA:61,1
DA:63,1
DA:64,1
DA:68,1
DA:70,1
DA:71,1
DA:75,1
DA:77,1
DA:78,1
DA:82,1
DA:84,1
DA:85,1
DA:89,1
DA:91,1
DA:92,1
DA:97,1
DA:99,1
DA:100,1
DA:101,1
DA:103,1
DA:104,1
DA:105,1
DA:107,1
DA:110,1
DA:111,1
DA:112,1
DA:113,2
DA:114,1
DA:132,0
DA:136,0
DA:138,0
DA:139,0
DA:141,0
DA:143,0
DA:144,0
DA:145,0
DA:147,0
DA:149,0
DA:151,0
DA:152,0
DA:154,0
DA:156,0
DA:160,0
DA:166,0
DA:170,0
DA:171,0
DA:173,0
DA:188,1
DA:202,1
DA:204,2
DA:205,2
DA:206,1
DA:208,1
DA:209,1
DA:210,3
DA:211,3
DA:212,1
DA:214,3
DA:216,1
DA:221,1
DA:222,1
DA:223,1
DA:225,1
DA:226,1
DA:227,3
LF:84
LH:64
end_of_record
SF:lib/utils/pii_redaction.dart
DA:14,1
DA:16,1
DA:17,1
DA:18,1
DA:19,1
DA:20,1
DA:29,1
DA:31,1
DA:32,1
DA:33,2
DA:34,3
DA:40,1
DA:41,2
DA:42,2
LF:14
LH:14
end_of_record
SF:lib/widgets/onboarding/session_tour_overlay.dart
DA:31,1
DA:32,1
DA:34,1
DA:36,1
DA:42,1
DA:83,1
DA:87,1
DA:94,2
DA:95,0
DA:96,3
DA:97,6
DA:98,2
DA:99,3
DA:101,1
DA:102,2
DA:106,0
DA:107,0
DA:109,0
DA:113,1
DA:114,1
DA:115,5
DA:116,2
DA:117,1
DA:119,1
DA:123,1
DA:124,2
DA:125,2
DA:126,1
DA:130,1
DA:131,1
DA:134,1
DA:135,1
DA:136,1
DA:137,2
DA:138,2
DA:139,1
DA:142,4
DA:144,1
DA:149,0
DA:153,0
DA:155,0
DA:156,0
DA:157,0
DA:158,0
DA:159,0
DA:160,0
DA:161,0
DA:162,0
DA:164,0
DA:165,0
DA:166,0
DA:168,0
DA:171,0
DA:172,0
DA:173,0
DA:175,0
DA:178,0
DA:179,0
DA:180,0
DA:181,0
DA:185,0
DA:186,0
DA:187,0
DA:189,0
DA:190,0
DA:191,0
DA:196,0
DA:197,0
DA:198,0
DA:199,0
DA:200,0
DA:206,0
DA:207,0
DA:208,0
DA:213,0
DA:214,0
DA:215,0
DA:217,0
DA:221,0
DA:222,0
DA:223,0
DA:224,0
DA:228,0
DA:229,0
DA:230,0
DA:233,0
DA:234,0
DA:235,0
DA:236,0
DA:237,0
LF:90
LH:34
end_of_record
SF:lib/services/data/waitlist_repository.dart
DA:42,1
DA:48,0
DA:52,1
DA:53,2
DA:54,1
DA:55,0
DA:61,1
DA:66,1
DA:69,3
DA:70,3
DA:71,1
DA:72,2
DA:73,1
DA:85,1
DA:89,1
DA:92,3
DA:93,3
DA:94,2
DA:95,1
LF:19
LH:17
end_of_record
SF:lib/models/email_template.dart
DA:16,2
DA:17,3
DA:18,0
DA:82,1
DA:90,2
DA:100,1
DA:101,2
DA:102,2
DA:103,1
DA:104,1
DA:105,1
DA:106,1
DA:107,1
DA:109,1
DA:113,1
DA:115,1
DA:120,1
DA:126,1
DA:127,1
DA:128,1
DA:129,1
DA:130,1
DA:131,0
DA:132,0
DA:133,2
DA:136,2
DA:137,2
DA:138,3
DA:139,2
DA:140,2
DA:141,2
DA:142,3
DA:143,3
DA:146,2
DA:147,1
DA:148,2
DA:149,1
DA:150,1
DA:151,1
DA:152,1
DA:153,2
DA:158,1
DA:170,1
DA:171,4
DA:172,8
DA:177,2
DA:178,1
DA:179,1
DA:180,1
DA:181,5
DA:184,2
DA:185,1
DA:186,1
DA:187,1
DA:188,1
DA:189,3
DA:190,1
DA:195,1
DA:200,2
DA:201,2
DA:202,2
DA:205,1
DA:206,1
DA:207,2
DA:208,2
LF:65
LH:62
end_of_record
SF:lib/utils/supported_locales.dart
DA:13,1
DA:25,3
DA:74,1
DA:75,1
DA:76,1
DA:77,2
DA:78,2
DA:84,1
DA:86,1
DA:87,4
DA:93,1
DA:95,2
LF:12
LH:12
end_of_record
SF:lib/models/insurance_preauth.dart
DA:16,1
DA:17,2
DA:18,2
DA:25,1
DA:39,2
DA:43,3
DA:47,1
DA:48,1
DA:49,1
DA:50,1
DA:51,1
DA:52,1
DA:53,1
DA:54,2
DA:55,2
DA:57,2
DA:58,0
DA:59,2
DA:60,2
DA:61,1
DA:62,1
DA:99,1
DA:100,2
DA:101,1
DA:102,4
DA:107,3
DA:109,2
DA:110,2
DA:111,2
DA:112,2
DA:113,2
DA:114,2
DA:115,2
DA:116,3
DA:117,4
DA:118,1
DA:119,0
DA:120,5
DA:121,3
DA:122,1
LF:40
LH:38
end_of_record
SF:lib/widgets/settings/byok_rotation_dialog.dart
DA:23,1
DA:25,1
DA:27,1
DA:29,1
DA:36,1
DA:42,1
DA:45,2
DA:54,1
DA:65,1
DA:66,1
DA:70,1
DA:71,2
DA:72,1
DA:73,3
DA:78,1
DA:80,2
DA:81,1
DA:84,1
DA:85,1
DA:86,3
DA:87,2
DA:88,1
DA:89,1
DA:91,2
DA:93,1
DA:95,7
DA:96,1
DA:97,1
DA:98,1
DA:99,2
DA:101,1
DA:103,1
DA:106,3
DA:108,1
DA:109,2
DA:110,1
DA:111,3
DA:116,0
DA:117,0
DA:119,0
DA:121,0
DA:124,0
DA:125,0
DA:126,0
DA:133,1
DA:135,3
DA:136,1
DA:137,2
DA:138,1
DA:140,1
DA:143,1
DA:144,2
DA:146,1
DA:148,3
DA:151,1
DA:152,1
DA:157,1
DA:158,1
DA:160,1
DA:166,1
DA:167,1
DA:168,4
DA:171,1
DA:172,2
DA:173,1
LF:65
LH:58
end_of_record
SF:lib/models/inbox_item.dart
DA:14,2
DA:15,3
DA:16,1
DA:21,1
DA:46,2
DA:48,1
DA:49,1
DA:51,2
DA:54,2
DA:55,1
DA:56,1
DA:57,1
DA:58,1
DA:59,1
DA:60,1
DA:61,1
DA:63,1
DA:66,2
DA:67,2
DA:68,3
DA:69,2
DA:70,2
DA:71,2
DA:72,4
DA:73,3
DA:74,1
DA:75,5
DA:78,1
DA:79,1
DA:80,1
DA:81,2
DA:82,1
DA:83,1
DA:84,1
DA:85,2
DA:86,1
DA:87,1
DA:88,0
DA:90,1
DA:91,2
LF:40
LH:39
end_of_record
SF:lib/widgets/crisis_escalation_card.dart
DA:22,1
DA:36,1
DA:38,2
DA:39,1
DA:40,1
DA:41,3
DA:43,1
DA:45,3
DA:46,1
DA:48,1
DA:49,1
DA:50,1
DA:51,2
DA:53,1
DA:55,1
DA:56,2
DA:58,1
DA:59,2
DA:60,3
DA:62,3
DA:64,1
DA:66,1
DA:67,1
DA:69,1
DA:70,2
DA:74,1
DA:82,4
DA:84,3
DA:86,1
DA:87,2
DA:102,0
DA:107,0
DA:110,0
DA:111,0
DA:130,0
DA:131,0
DA:134,0
DA:139,1
DA:141,0
DA:142,0
DA:148,0
DA:150,0
DA:151,0
DA:152,0
DA:154,0
DA:157,0
DA:158,0
DA:161,0
DA:162,0
DA:167,0
DA:168,0
DA:169,0
DA:170,0
DA:171,0
DA:174,0
DA:178,0
DA:179,0
DA:180,0
DA:183,0
DA:184,0
DA:186,0
DA:197,1
DA:219,0
DA:224,0
DA:226,0
DA:227,0
DA:228,0
DA:230,0
DA:232,0
DA:233,0
DA:235,0
DA:237,0
DA:239,0
DA:242,0
DA:243,0
DA:244,0
DA:245,0
DA:247,0
DA:248,0
DA:249,0
DA:251,0
DA:254,0
DA:255,0
DA:256,0
DA:257,0
DA:266,0
DA:267,0
DA:268,0
DA:270,0
DA:272,0
DA:274,0
DA:275,0
DA:276,0
DA:277,0
DA:279,0
DA:280,0
DA:281,0
DA:283,0
DA:284,0
DA:287,0
DA:289,0
DA:297,0
DA:298,0
DA:299,0
DA:300,0
DA:301,0
DA:302,0
DA:303,0
DA:304,0
DA:311,0
DA:317,0
DA:318,0
DA:322,0
DA:323,0
DA:325,0
DA:326,0
DA:327,0
DA:333,0
DA:343,0
DA:345,0
DA:352,0
DA:364,1
DA:368,1
DA:370,1
DA:371,1
DA:372,1
DA:373,1
DA:378,1
DA:379,2
DA:380,1
DA:382,1
DA:383,4
DA:384,3
DA:385,1
DA:392,1
DA:393,1
DA:394,2
DA:395,3
DA:397,1
DA:407,1
DA:410,1
DA:412,1
DA:413,1
DA:414,1
DA:419,1
DA:420,2
DA:421,1
DA:422,2
DA:424,1
DA:425,1
DA:426,1
DA:429,2
DA:432,1
DA:433,1
DA:434,1
DA:435,3
DA:437,2
DA:448,1
DA:452,1
DA:454,1
DA:455,1
DA:456,2
DA:457,1
DA:459,1
DA:460,1
DA:462,3
DA:463,2
DA:468,1
DA:469,1
DA:471,2
DA:473,1
DA:475,1
DA:478,3
DA:479,2
DA:490,1
DA:494,1
DA:496,1
DA:497,1
DA:498,2
DA:499,4
DA:501,1
DA:503,1
DA:504,4
DA:505,2
DA:506,1
DA:508,0
DA:509,0
DA:510,1
DA:511,1
DA:516,1
DA:517,1
DA:518,1
DA:519,2
DA:521,1
DA:522,1
DA:523,3
DA:525,1
DA:526,1
DA:528,1
DA:529,1
DA:530,2
DA:531,3
DA:535,5
DA:537,1
DA:538,2
DA:539,3
DA:540,2
DA:544,1
DA:545,1
DA:546,2
DA:547,3
DA:548,2
DA:555,1
DA:560,1
DA:561,1
DA:562,1
DA:564,1
DA:565,2
DA:566,1
DA:570,2
DA:574,1
DA:576,1
DA:579,1
DA:589,0
DA:590,0
DA:592,0
DA:593,0
DA:599,1
DA:602,1
DA:604,3
DA:605,1
DA:609,1
DA:610,1
DA:611,1
DA:616,1
DA:619,1
DA:620,1
DA:621,1
DA:623,1
DA:628,1
DA:629,1
DA:630,1
DA:631,1
DA:632,1
DA:633,0
LF:245
LH:149
end_of_record
SF:lib/widgets/signature_pad.dart
DA:11,3
DA:12,3
DA:13,3
DA:15,1
DA:16,2
DA:17,2
DA:18,1
DA:21,1
DA:22,3
DA:23,1
DA:26,1
DA:27,2
DA:28,3
DA:30,3
DA:32,1
DA:37,1
DA:50,1
DA:51,1
DA:55,1
DA:57,1
DA:58,4
DA:61,1
DA:63,4
DA:64,1
DA:67,3
DA:69,1
DA:71,2
DA:72,3
DA:73,1
DA:74,1
DA:75,1
DA:76,2
DA:78,1
DA:79,1
DA:80,1
DA:81,2
DA:83,1
DA:85,5
DA:86,5
DA:87,1
DA:88,1
DA:89,3
DA:91,2
DA:97,1
DA:100,1
DA:101,3
DA:103,3
DA:108,3
DA:109,1
DA:110,1
DA:111,1
DA:112,1
DA:114,4
DA:115,2
DA:127,1
DA:137,1
DA:139,1
DA:140,2
DA:141,1
DA:142,2
DA:143,1
DA:144,1
DA:145,2
DA:146,2
DA:147,0
DA:148,0
DA:152,6
DA:153,3
DA:154,5
DA:156,1
DA:160,1
DA:162,3
DA:163,0
DA:164,0
LF:74
LH:70
end_of_record
